[1;34m[pthread wrapper] 
[0m[1;34m[pthread wrapper] MAIN -> 0
[0m[1;34m[pthread wrapper] PIN_MASK: [0m[1;34m0->1  [0m[1;34m1->2  [0m[1;34m2->3  [0m[1;34m
[pthread wrapper] SKIP MASK: 0x0
[0m[1;34m	threadid 139624940857088 -> core 1 - OK[0m[1;34m
[0m[1;34m	threadid 139624932464384 -> core 2 - OK[0m[1;34m
[0m[1;34m	threadid 139624924071680 -> core 3 - OK[0m[1;34m
[0miterations: 512
Total iterations: 4607442944 LUP
FLOP: 8
Total work: 36859543552 FLOP
performance: 1.197133 GLUP/s
Performance in GFLOP/s: 9.577067
size: 9261000
time: 3.848730
diff(a-b): 2672935907096205057736612886090732727850431539139245427790030041006476617603143197737604850363163101679434242919220346887654005903698326519527347920708270768622261256048747741184.000000
[1;34m[pthread wrapper] 
[0m[1;34m[pthread wrapper] MAIN -> 0
[0m[1;34m[pthread wrapper] PIN_MASK: [0m[1;34m0->1  [0m[1;34m1->2  [0m[1;34m2->3  [0m[1;34m
[pthread wrapper] SKIP MASK: 0x0
[0m[1;34m	threadid 140204026115840 -> core 1 - OK[0m[1;34m
[0m[1;34m	threadid 140204017723136 -> core 2 - OK[0m[1;34m
[0m[1;34m	threadid 140204009330432 -> core 3 - OK[0m[1;34m
[0miterations: 512
Total iterations: 4607442944 LUP
FLOP: 8
Total work: 36859543552 FLOP
performance: 1.197654 GLUP/s
Performance in GFLOP/s: 9.581231
size: 9261000
time: 3.847057
diff(a-b): 2672935907096205057736612886090732727850431539139245427790030041006476617603143197737604850363163101679434242919220346887654005903698326519527347920708270768622261256048747741184.000000
[1;34m[pthread wrapper] 
[0m[1;34m[pthread wrapper] MAIN -> 0
[0m[1;34m[pthread wrapper] PIN_MASK: [0m[1;34m0->1  [0m[1;34m1->2  [0m[1;34m2->3  [0m[1;34m
[pthread wrapper] SKIP MASK: 0x0
[0m[1;34m	threadid 139737651906304 -> core 1 - OK[0m[1;34m
[0m[1;34m	threadid 139737643513600 -> core 2 - OK[0m[1;34m
[0m[1;34m	threadid 139737635120896 -> core 3 - OK[0m[1;34m
[0miterations: 512
Total iterations: 4607442944 LUP
FLOP: 8
Total work: 36859543552 FLOP
performance: 1.194928 GLUP/s
Performance in GFLOP/s: 9.559422
size: 9261000
time: 3.855834
diff(a-b): 2672935907096205057736612886090732727850431539139245427790030041006476617603143197737604850363163101679434242919220346887654005903698326519527347920708270768622261256048747741184.000000
[1;34m[pthread wrapper] 
[0m[1;34m[pthread wrapper] MAIN -> 0
[0m[1;34m[pthread wrapper] PIN_MASK: [0m[1;34m0->1  [0m[1;34m1->2  [0m[1;34m2->3  [0m[1;34m
[pthread wrapper] SKIP MASK: 0x0
[0m[1;34m	threadid 139664280663808 -> core 1 - OK[0m[1;34m
[0m[1;34m	threadid 139664272271104 -> core 2 - OK[0m[1;34m
[0m[1;34m	threadid 139664263878400 -> core 3 - OK[0m[1;34m
[0miterations: 512
Total iterations: 4607442944 LUP
FLOP: 8
Total work: 36859543552 FLOP
performance: 1.205610 GLUP/s
Performance in GFLOP/s: 9.644884
size: 9261000
time: 3.821668
diff(a-b): 2672935907096205057736612886090732727850431539139245427790030041006476617603143197737604850363163101679434242919220346887654005903698326519527347920708270768622261256048747741184.000000
[1;34m[pthread wrapper] 
[0m[1;34m[pthread wrapper] MAIN -> 0
[0m[1;34m[pthread wrapper] PIN_MASK: [0m[1;34m0->1  [0m[1;34m1->2  [0m[1;34m2->3  [0m[1;34m
[pthread wrapper] SKIP MASK: 0x0
[0m[1;34m	threadid 139921554417408 -> core 1 - OK[0m[1;34m
[0m[1;34m	threadid 139921546024704 -> core 2 - OK[0m[1;34m
[0m[1;34m	threadid 139921537632000 -> core 3 - OK[0m[1;34m
[0miterations: 512
Total iterations: 4607442944 LUP
FLOP: 8
Total work: 36859543552 FLOP
performance: 1.186410 GLUP/s
Performance in GFLOP/s: 9.491282
size: 9261000
time: 3.883516
diff(a-b): 2672935907096205057736612886090732727850431539139245427790030041006476617603143197737604850363163101679434242919220346887654005903698326519527347920708270768622261256048747741184.000000
[1;34m[pthread wrapper] 
[0m[1;34m[pthread wrapper] MAIN -> 0
[0m[1;34m[pthread wrapper] PIN_MASK: [0m[1;34m0->1  [0m[1;34m1->2  [0m[1;34m2->3  [0m[1;34m
[pthread wrapper] SKIP MASK: 0x0
[0m[1;34m	threadid 139755314804480 -> core 1 - OK[0m[1;34m
[0m[1;34m	threadid 139755306411776 -> core 2 - OK[0m[1;34m
[0m[1;34m	threadid 139755298019072 -> core 3 - OK[0m[1;34m
[0miterations: 512
Total iterations: 4607442944 LUP
FLOP: 8
Total work: 36859543552 FLOP
performance: 1.183812 GLUP/s
Performance in GFLOP/s: 9.470500
size: 9261000
time: 3.892038
diff(a-b): 2672935907096205057736612886090732727850431539139245427790030041006476617603143197737604850363163101679434242919220346887654005903698326519527347920708270768622261256048747741184.000000
[1;34m[pthread wrapper] 
[0m[1;34m[pthread wrapper] MAIN -> 0
[0m[1;34m[pthread wrapper] PIN_MASK: [0m[1;34m0->1  [0m[1;34m1->2  [0m[1;34m2->3  [0m[1;34m
[pthread wrapper] SKIP MASK: 0x0
[0m[1;34m	threadid 139625283774208 -> core 1 - OK[0m[1;34m
[0m[1;34m	threadid 139625275381504 -> core 2 - OK[0m[1;34m
[0m[1;34m	threadid 139625266988800 -> core 3 - OK[0m[1;34m
[0miterations: 512
Total iterations: 4607442944 LUP
FLOP: 8
Total work: 36859543552 FLOP
performance: 1.195048 GLUP/s
Performance in GFLOP/s: 9.560384
size: 9261000
time: 3.855446
diff(a-b): 2672935907096205057736612886090732727850431539139245427790030041006476617603143197737604850363163101679434242919220346887654005903698326519527347920708270768622261256048747741184.000000
[1;34m[pthread wrapper] 
[0m[1;34m[pthread wrapper] MAIN -> 0
[0m[1;34m[pthread wrapper] PIN_MASK: [0m[1;34m0->1  [0m[1;34m1->2  [0m[1;34m2->3  [0m[1;34m
[pthread wrapper] SKIP MASK: 0x0
[0m[1;34m	threadid 140563158284032 -> core 1 - OK[0m[1;34m
[0m[1;34m	threadid 140563149891328 -> core 2 - OK[0m[1;34m
[0m[1;34m	threadid 140563141498624 -> core 3 - OK[0m[1;34m
[0miterations: 512
Total iterations: 4607442944 LUP
FLOP: 8
Total work: 36859543552 FLOP
performance: 1.194898 GLUP/s
Performance in GFLOP/s: 9.559187
size: 9261000
time: 3.855929
diff(a-b): 2672935907096205057736612886090732727850431539139245427790030041006476617603143197737604850363163101679434242919220346887654005903698326519527347920708270768622261256048747741184.000000
[1;34m[pthread wrapper] 
[0m[1;34m[pthread wrapper] MAIN -> 0
[0m[1;34m[pthread wrapper] PIN_MASK: [0m[1;34m0->1  [0m[1;34m1->2  [0m[1;34m2->3  [0m[1;34m
[pthread wrapper] SKIP MASK: 0x0
[0m[1;34m	threadid 139652497278720 -> core 1 - OK[0m[1;34m
[0m[1;34m	threadid 139652488886016 -> core 2 - OK[0m[1;34m
[0m[1;34m	threadid 139652480493312 -> core 3 - OK[0m[1;34m
[0miterations: 512
Total iterations: 4607442944 LUP
FLOP: 8
Total work: 36859543552 FLOP
performance: 1.200552 GLUP/s
Performance in GFLOP/s: 9.604415
size: 9261000
time: 3.837771
diff(a-b): 2672935907096205057736612886090732727850431539139245427790030041006476617603143197737604850363163101679434242919220346887654005903698326519527347920708270768622261256048747741184.000000
[1;34m[pthread wrapper] 
[0m[1;34m[pthread wrapper] MAIN -> 0
[0m[1;34m[pthread wrapper] PIN_MASK: [0m[1;34m0->1  [0m[1;34m1->2  [0m[1;34m2->3  [0m[1;34m
[pthread wrapper] SKIP MASK: 0x0
[0m[1;34m	threadid 139793448261376 -> core 1 - OK[0m[1;34m
[0m[1;34m	threadid 139793439868672 -> core 2 - OK[0m[1;34m
[0m[1;34m	threadid 139793431475968 -> core 3 - OK[0m[1;34m
[0miterations: 512
Total iterations: 4607442944 LUP
FLOP: 8
Total work: 36859543552 FLOP
performance: 1.195527 GLUP/s
Performance in GFLOP/s: 9.564219
size: 9261000
time: 3.853900
diff(a-b): 2672935907096205057736612886090732727850431539139245427790030041006476617603143197737604850363163101679434242919220346887654005903698326519527347920708270768622261256048747741184.000000
