[1;34m[pthread wrapper] 
[0m[1;34m[pthread wrapper] MAIN -> 0
[0m[1;34m[pthread wrapper] PIN_MASK: [0m[1;34m0->1  [0m[1;34m
[pthread wrapper] SKIP MASK: 0x0
[0m[1;34m	threadid 139986933843712 -> core 1 - OK[0m[1;34m
[0miterations: 512
Total iterations: 1528823808 LUP
FLOP: 8
Total work: 12230590464 FLOP
performance: 0.663911 GLUP/s
Performance in GFLOP/s: 5.311291
size: 3112136
time: 2.302753
diff(a-b): -0.484416
[1;34m[pthread wrapper] 
[0m[1;34m[pthread wrapper] MAIN -> 0
[0m[1;34m[pthread wrapper] PIN_MASK: [0m[1;34m0->1  [0m[1;34m
[pthread wrapper] SKIP MASK: 0x0
[0m[1;34m	threadid 140486838814464 -> core 1 - OK[0m[1;34m
[0miterations: 512
Total iterations: 1528823808 LUP
FLOP: 8
Total work: 12230590464 FLOP
performance: 0.663812 GLUP/s
Performance in GFLOP/s: 5.310497
size: 3112136
time: 2.303097
diff(a-b): -0.484416
[1;34m[pthread wrapper] 
[0m[1;34m[pthread wrapper] MAIN -> 0
[0m[1;34m[pthread wrapper] PIN_MASK: [0m[1;34m0->1  [0m[1;34m
[pthread wrapper] SKIP MASK: 0x0
[0m[1;34m	threadid 140230293882624 -> core 1 - OK[0m[1;34m
[0miterations: 512
Total iterations: 1528823808 LUP
FLOP: 8
Total work: 12230590464 FLOP
performance: 0.665450 GLUP/s
Performance in GFLOP/s: 5.323603
size: 3112136
time: 2.297427
diff(a-b): -0.484416
[1;34m[pthread wrapper] 
[0m[1;34m[pthread wrapper] MAIN -> 0
[0m[1;34m[pthread wrapper] PIN_MASK: [0m[1;34m0->1  [0m[1;34m
[pthread wrapper] SKIP MASK: 0x0
[0m[1;34m	threadid 140480045528832 -> core 1 - OK[0m[1;34m
[0miterations: 512
Total iterations: 1528823808 LUP
FLOP: 8
Total work: 12230590464 FLOP
performance: 0.675762 GLUP/s
Performance in GFLOP/s: 5.406099
size: 3112136
time: 2.262369
diff(a-b): -0.484416
[1;34m[pthread wrapper] 
[0m[1;34m[pthread wrapper] MAIN -> 0
[0m[1;34m[pthread wrapper] PIN_MASK: [0m[1;34m0->1  [0m[1;34m
[pthread wrapper] SKIP MASK: 0x0
[0m[1;34m	threadid 139982723778304 -> core 1 - OK[0m[1;34m
[0miterations: 512
Total iterations: 1528823808 LUP
FLOP: 8
Total work: 12230590464 FLOP
performance: 0.666420 GLUP/s
Performance in GFLOP/s: 5.331363
size: 3112136
time: 2.294083
diff(a-b): -0.484416
[1;34m[pthread wrapper] 
[0m[1;34m[pthread wrapper] MAIN -> 0
[0m[1;34m[pthread wrapper] PIN_MASK: [0m[1;34m0->1  [0m[1;34m
[pthread wrapper] SKIP MASK: 0x0
[0m[1;34m	threadid 139933376079616 -> core 1 - OK[0m[1;34m
[0miterations: 512
Total iterations: 1528823808 LUP
FLOP: 8
Total work: 12230590464 FLOP
performance: 0.669395 GLUP/s
Performance in GFLOP/s: 5.355160
size: 3112136
time: 2.283889
diff(a-b): -0.484416
[1;34m[pthread wrapper] 
[0m[1;34m[pthread wrapper] MAIN -> 0
[0m[1;34m[pthread wrapper] PIN_MASK: [0m[1;34m0->1  [0m[1;34m
[pthread wrapper] SKIP MASK: 0x0
[0m[1;34m	threadid 139878028248832 -> core 1 - OK[0m[1;34m
[0miterations: 512
Total iterations: 1528823808 LUP
FLOP: 8
Total work: 12230590464 FLOP
performance: 0.666034 GLUP/s
Performance in GFLOP/s: 5.328272
size: 3112136
time: 2.295414
diff(a-b): -0.484416
[1;34m[pthread wrapper] 
[0m[1;34m[pthread wrapper] MAIN -> 0
[0m[1;34m[pthread wrapper] PIN_MASK: [0m[1;34m0->1  [0m[1;34m
[pthread wrapper] SKIP MASK: 0x0
[0m[1;34m	threadid 139965242132224 -> core 1 - OK[0m[1;34m
[0miterations: 512
Total iterations: 1528823808 LUP
FLOP: 8
Total work: 12230590464 FLOP
performance: 0.670109 GLUP/s
Performance in GFLOP/s: 5.360871
size: 3112136
time: 2.281456
diff(a-b): -0.484416
[1;34m[pthread wrapper] 
[0m[1;34m[pthread wrapper] MAIN -> 0
[0m[1;34m[pthread wrapper] PIN_MASK: [0m[1;34m0->1  [0m[1;34m
[pthread wrapper] SKIP MASK: 0x0
[0m[1;34m	threadid 140696638334720 -> core 1 - OK[0m[1;34m
[0miterations: 512
Total iterations: 1528823808 LUP
FLOP: 8
Total work: 12230590464 FLOP
performance: 0.668331 GLUP/s
Performance in GFLOP/s: 5.346650
size: 3112136
time: 2.287524
diff(a-b): -0.484416
[1;34m[pthread wrapper] 
[0m[1;34m[pthread wrapper] MAIN -> 0
[0m[1;34m[pthread wrapper] PIN_MASK: [0m[1;34m0->1  [0m[1;34m
[pthread wrapper] SKIP MASK: 0x0
[0m[1;34m	threadid 139933922006784 -> core 1 - OK[0m[1;34m
[0miterations: 512
Total iterations: 1528823808 LUP
FLOP: 8
Total work: 12230590464 FLOP
performance: 0.664610 GLUP/s
Performance in GFLOP/s: 5.316883
size: 3112136
time: 2.300331
diff(a-b): -0.484416
