[1;34m[pthread wrapper] 
[0m[1;34m[pthread wrapper] MAIN -> 0
[0m[1;34m[pthread wrapper] PIN_MASK: [0m[1;34m0->1  [0m[1;34m1->2  [0m[1;34m2->3  [0m[1;34m3->4  [0m[1;34m4->5  [0m[1;34m5->6  [0m[1;34m6->7  [0m[1;34m7->8  [0m[1;34m8->9  [0m[1;34m9->10  [0m[1;34m10->11  [0m[1;34m11->12  [0m[1;34m12->13  [0m[1;34m13->14  [0m[1;34m14->15  [0m[1;34m15->16  [0m[1;34m16->17  [0m[1;34m17->18  [0m[1;34m18->19  [0m[1;34m
[pthread wrapper] SKIP MASK: 0x0
[0m[1;34m	threadid 139741178144512 -> core 1 - OK[0m[1;34m
[0m[1;34m	threadid 139741169751808 -> core 2 - OK[0m[1;34m
[0m[1;34m	threadid 139741161359104 -> core 3 - OK[0m[1;34m
[0m[1;34m	threadid 139741152966400 -> core 4 - OK[0m[1;34m
[0m[1;34m	threadid 139741144573696 -> core 5 - OK[0m[1;34m
[0m[1;34m	threadid 139741136180992 -> core 6 - OK[0m[1;34m
[0m[1;34m	threadid 139741127788288 -> core 7 - OK[0m[1;34m
[0m[1;34m	threadid 139741119395584 -> core 8 - OK[0m[1;34m
[0m[1;34m	threadid 139741111002880 -> core 9 - OK[0m[1;34m
[0m[1;34m	threadid 139741102610176 -> core 10 - OK[0m[1;34m
[0m[1;34m	threadid 139741094217472 -> core 11 - OK[0m[1;34m
[0m[1;34m	threadid 139741085824768 -> core 12 - OK[0m[1;34m
[0m[1;34m	threadid 139741077432064 -> core 13 - OK[0m[1;34m
[0m[1;34m	threadid 139741069039360 -> core 14 - OK[0m[1;34m
[0m[1;34m	threadid 139741060646656 -> core 15 - OK[0m[1;34m
[0m[1;34m	threadid 139741052253952 -> core 16 - OK[0m[1;34m
[0m[1;34m	threadid 139741043861248 -> core 17 - OK[0m[1;34m
[0m[1;34m	threadid 139741035468544 -> core 18 - OK[0m[1;34m
[0m[1;34m	threadid 139741027075840 -> core 19 - OK[0m[1;34m
[0miterations: 512
Total iterations: 4607442944 LUP
FLOP: 8
Total work: 36859543552 FLOP
performance: 1.839585 GLUP/s
Performance in GFLOP/s: 14.716680
size: 9261000
time: 2.504610
diff(a-b): 2672935907096205057736612886090732727850431539139245427790030041006476617603143197737604850363163101679434242919220346887654005903698326519527347920708270768622261256048747741184.000000
[1;34m[pthread wrapper] 
[0m[1;34m[pthread wrapper] MAIN -> 0
[0m[1;34m[pthread wrapper] PIN_MASK: [0m[1;34m0->1  [0m[1;34m1->2  [0m[1;34m2->3  [0m[1;34m3->4  [0m[1;34m4->5  [0m[1;34m5->6  [0m[1;34m6->7  [0m[1;34m7->8  [0m[1;34m8->9  [0m[1;34m9->10  [0m[1;34m10->11  [0m[1;34m11->12  [0m[1;34m12->13  [0m[1;34m13->14  [0m[1;34m14->15  [0m[1;34m15->16  [0m[1;34m16->17  [0m[1;34m17->18  [0m[1;34m18->19  [0m[1;34m
[pthread wrapper] SKIP MASK: 0x0
[0m[1;34m	threadid 139727338194688 -> core 1 - OK[0m[1;34m
[0m[1;34m	threadid 139727329801984 -> core 2 - OK[0m[1;34m
[0m[1;34m	threadid 139727321409280 -> core 3 - OK[0m[1;34m
[0m[1;34m	threadid 139727313016576 -> core 4 - OK[0m[1;34m
[0m[1;34m	threadid 139727304623872 -> core 5 - OK[0m[1;34m
[0m[1;34m	threadid 139727296231168 -> core 6 - OK[0m[1;34m
[0m[1;34m	threadid 139727287838464 -> core 7 - OK[0m[1;34m
[0m[1;34m	threadid 139727279445760 -> core 8 - OK[0m[1;34m
[0m[1;34m	threadid 139727271053056 -> core 9 - OK[0m[1;34m
[0m[1;34m	threadid 139727262660352 -> core 10 - OK[0m[1;34m
[0m[1;34m	threadid 139727254267648 -> core 11 - OK[0m[1;34m
[0m[1;34m	threadid 139727245874944 -> core 12 - OK[0m[1;34m
[0m[1;34m	threadid 139727237482240 -> core 13 - OK[0m[1;34m
[0m[1;34m	threadid 139727229089536 -> core 14 - OK[0m[1;34m
[0m[1;34m	threadid 139727220696832 -> core 15 - OK[0m[1;34m
[0m[1;34m	threadid 139727212304128 -> core 16 - OK[0m[1;34m
[0m[1;34m	threadid 139727203911424 -> core 17 - OK[0m[1;34m
[0m[1;34m	threadid 139727195518720 -> core 18 - OK[0m[1;34m
[0m[1;34m	threadid 139727187126016 -> core 19 - OK[0m[1;34m
[0miterations: 512
Total iterations: 4607442944 LUP
FLOP: 8
Total work: 36859543552 FLOP
performance: 1.606559 GLUP/s
Performance in GFLOP/s: 12.852468
size: 9261000
time: 2.867896
diff(a-b): 2672935907096205057736612886090732727850431539139245427790030041006476617603143197737604850363163101679434242919220346887654005903698326519527347920708270768622261256048747741184.000000
[1;34m[pthread wrapper] 
[0m[1;34m[pthread wrapper] MAIN -> 0
[0m[1;34m[pthread wrapper] PIN_MASK: [0m[1;34m0->1  [0m[1;34m1->2  [0m[1;34m2->3  [0m[1;34m3->4  [0m[1;34m4->5  [0m[1;34m5->6  [0m[1;34m6->7  [0m[1;34m7->8  [0m[1;34m8->9  [0m[1;34m9->10  [0m[1;34m10->11  [0m[1;34m11->12  [0m[1;34m12->13  [0m[1;34m13->14  [0m[1;34m14->15  [0m[1;34m15->16  [0m[1;34m16->17  [0m[1;34m17->18  [0m[1;34m18->19  [0m[1;34m
[pthread wrapper] SKIP MASK: 0x0
[0m[1;34m	threadid 139901301950208 -> core 1 - OK[0m[1;34m
[0m[1;34m	threadid 139901293557504 -> core 2 - OK[0m[1;34m
[0m[1;34m	threadid 139901285164800 -> core 3 - OK[0m[1;34m
[0m[1;34m	threadid 139901276772096 -> core 4 - OK[0m[1;34m
[0m[1;34m	threadid 139901268379392 -> core 5 - OK[0m[1;34m
[0m[1;34m	threadid 139901259986688 -> core 6 - OK[0m[1;34m
[0m[1;34m	threadid 139901251593984 -> core 7 - OK[0m[1;34m
[0m[1;34m	threadid 139901243201280 -> core 8 - OK[0m[1;34m
[0m[1;34m	threadid 139901234808576 -> core 9 - OK[0m[1;34m
[0m[1;34m	threadid 139901226415872 -> core 10 - OK[0m[1;34m
[0m[1;34m	threadid 139901218023168 -> core 11 - OK[0m[1;34m
[0m[1;34m	threadid 139901209630464 -> core 12 - OK[0m[1;34m
[0m[1;34m	threadid 139901201237760 -> core 13 - OK[0m[1;34m
[0m[1;34m	threadid 139901192845056 -> core 14 - OK[0m[1;34m
[0m[1;34m	threadid 139901184452352 -> core 15 - OK[0m[1;34m
[0m[1;34m	threadid 139901176059648 -> core 16 - OK[0m[1;34m
[0m[1;34m	threadid 139901167666944 -> core 17 - OK[0m[1;34m
[0m[1;34m	threadid 139901159274240 -> core 18 - OK[0m[1;34m
[0m[1;34m	threadid 139901150881536 -> core 19 - OK[0m[1;34m
[0miterations: 512
Total iterations: 4607442944 LUP
FLOP: 8
Total work: 36859543552 FLOP
performance: 1.768847 GLUP/s
Performance in GFLOP/s: 14.150775
size: 9261000
time: 2.604772
diff(a-b): 2672935907096205057736612886090732727850431539139245427790030041006476617603143197737604850363163101679434242919220346887654005903698326519527347920708270768622261256048747741184.000000
[1;34m[pthread wrapper] 
[0m[1;34m[pthread wrapper] MAIN -> 0
[0m[1;34m[pthread wrapper] PIN_MASK: [0m[1;34m0->1  [0m[1;34m1->2  [0m[1;34m2->3  [0m[1;34m3->4  [0m[1;34m4->5  [0m[1;34m5->6  [0m[1;34m6->7  [0m[1;34m7->8  [0m[1;34m8->9  [0m[1;34m9->10  [0m[1;34m10->11  [0m[1;34m11->12  [0m[1;34m12->13  [0m[1;34m13->14  [0m[1;34m14->15  [0m[1;34m15->16  [0m[1;34m16->17  [0m[1;34m17->18  [0m[1;34m18->19  [0m[1;34m
[pthread wrapper] SKIP MASK: 0x0
[0m[1;34m	threadid 139805783136000 -> core 1 - OK[0m[1;34m
[0m[1;34m	threadid 139805774743296 -> core 2 - OK[0m[1;34m
[0m[1;34m	threadid 139805766350592 -> core 3 - OK[0m[1;34m
[0m[1;34m	threadid 139805757957888 -> core 4 - OK[0m[1;34m
[0m[1;34m	threadid 139805749565184 -> core 5 - OK[0m[1;34m
[0m[1;34m	threadid 139805741172480 -> core 6 - OK[0m[1;34m
[0m[1;34m	threadid 139805732779776 -> core 7 - OK[0m[1;34m
[0m[1;34m	threadid 139805724387072 -> core 8 - OK[0m[1;34m
[0m[1;34m	threadid 139805715994368 -> core 9 - OK[0m[1;34m
[0m[1;34m	threadid 139805707601664 -> core 10 - OK[0m[1;34m
[0m[1;34m	threadid 139805699208960 -> core 11 - OK[0m[1;34m
[0m[1;34m	threadid 139805690816256 -> core 12 - OK[0m[1;34m
[0m[1;34m	threadid 139805682423552 -> core 13 - OK[0m[1;34m
[0m[1;34m	threadid 139805674030848 -> core 14 - OK[0m[1;34m
[0m[1;34m	threadid 139805665638144 -> core 15 - OK[0m[1;34m
[0m[1;34m	threadid 139805657245440 -> core 16 - OK[0m[1;34m
[0m[1;34m	threadid 139805648852736 -> core 17 - OK[0m[1;34m
[0m[1;34m	threadid 139805640460032 -> core 18 - OK[0m[1;34m
[0m[1;34m	threadid 139805632067328 -> core 19 - OK[0m[1;34m
[0miterations: 512
Total iterations: 4607442944 LUP
FLOP: 8
Total work: 36859543552 FLOP
performance: 1.447801 GLUP/s
Performance in GFLOP/s: 11.582408
size: 9261000
time: 3.182373
diff(a-b): 2672935907096205057736612886090732727850431539139245427790030041006476617603143197737604850363163101679434242919220346887654005903698326519527347920708270768622261256048747741184.000000
[1;34m[pthread wrapper] 
[0m[1;34m[pthread wrapper] MAIN -> 0
[0m[1;34m[pthread wrapper] PIN_MASK: [0m[1;34m0->1  [0m[1;34m1->2  [0m[1;34m2->3  [0m[1;34m3->4  [0m[1;34m4->5  [0m[1;34m5->6  [0m[1;34m6->7  [0m[1;34m7->8  [0m[1;34m8->9  [0m[1;34m9->10  [0m[1;34m10->11  [0m[1;34m11->12  [0m[1;34m12->13  [0m[1;34m13->14  [0m[1;34m14->15  [0m[1;34m15->16  [0m[1;34m16->17  [0m[1;34m17->18  [0m[1;34m18->19  [0m[1;34m
[pthread wrapper] SKIP MASK: 0x0
[0m[1;34m	threadid 139664682194688 -> core 1 - OK[0m[1;34m
[0m[1;34m	threadid 139664673801984 -> core 2 - OK[0m[1;34m
[0m[1;34m	threadid 139664665409280 -> core 3 - OK[0m[1;34m
[0m[1;34m	threadid 139664657016576 -> core 4 - OK[0m[1;34m
[0m[1;34m	threadid 139664648623872 -> core 5 - OK[0m[1;34m
[0m[1;34m	threadid 139664640231168 -> core 6 - OK[0m[1;34m
[0m[1;34m	threadid 139664631838464 -> core 7 - OK[0m[1;34m
[0m[1;34m	threadid 139664623445760 -> core 8 - OK[0m[1;34m
[0m[1;34m	threadid 139664615053056 -> core 9 - OK[0m[1;34m
[0m[1;34m	threadid 139664606660352 -> core 10 - OK[0m[1;34m
[0m[1;34m	threadid 139664598267648 -> core 11 - OK[0m[1;34m
[0m[1;34m	threadid 139664589874944 -> core 12 - OK[0m[1;34m
[0m[1;34m	threadid 139664581482240 -> core 13 - OK[0m[1;34m
[0m[1;34m	threadid 139664573089536 -> core 14 - OK[0m[1;34m
[0m[1;34m	threadid 139664564696832 -> core 15 - OK[0m[1;34m
[0m[1;34m	threadid 139664556304128 -> core 16 - OK[0m[1;34m
[0m[1;34m	threadid 139664547911424 -> core 17 - OK[0m[1;34m
[0m[1;34m	threadid 139664539518720 -> core 18 - OK[0m[1;34m
[0m[1;34m	threadid 139664531126016 -> core 19 - OK[0m[1;34m
[0miterations: 512
Total iterations: 4607442944 LUP
FLOP: 8
Total work: 36859543552 FLOP
performance: 1.727433 GLUP/s
Performance in GFLOP/s: 13.819461
size: 9261000
time: 2.667220
diff(a-b): 2672935907096205057736612886090732727850431539139245427790030041006476617603143197737604850363163101679434242919220346887654005903698326519527347920708270768622261256048747741184.000000
[1;34m[pthread wrapper] 
[0m[1;34m[pthread wrapper] MAIN -> 0
[0m[1;34m[pthread wrapper] PIN_MASK: [0m[1;34m0->1  [0m[1;34m1->2  [0m[1;34m2->3  [0m[1;34m3->4  [0m[1;34m4->5  [0m[1;34m5->6  [0m[1;34m6->7  [0m[1;34m7->8  [0m[1;34m8->9  [0m[1;34m9->10  [0m[1;34m10->11  [0m[1;34m11->12  [0m[1;34m12->13  [0m[1;34m13->14  [0m[1;34m14->15  [0m[1;34m15->16  [0m[1;34m16->17  [0m[1;34m17->18  [0m[1;34m18->19  [0m[1;34m
[pthread wrapper] SKIP MASK: 0x0
[0m[1;34m	threadid 140048097236736 -> core 1 - OK[0m[1;34m
[0m[1;34m	threadid 140048088844032 -> core 2 - OK[0m[1;34m
[0m[1;34m	threadid 140048080451328 -> core 3 - OK[0m[1;34m
[0m[1;34m	threadid 140048072058624 -> core 4 - OK[0m[1;34m
[0m[1;34m	threadid 140048063665920 -> core 5 - OK[0m[1;34m
[0m[1;34m	threadid 140048055273216 -> core 6 - OK[0m[1;34m
[0m[1;34m	threadid 140048046880512 -> core 7 - OK[0m[1;34m
[0m[1;34m	threadid 140048038487808 -> core 8 - OK[0m[1;34m
[0m[1;34m	threadid 140048030095104 -> core 9 - OK[0m[1;34m
[0m[1;34m	threadid 140048021702400 -> core 10 - OK[0m[1;34m
[0m[1;34m	threadid 140048013309696 -> core 11 - OK[0m[1;34m
[0m[1;34m	threadid 140048004916992 -> core 12 - OK[0m[1;34m
[0m[1;34m	threadid 140047996524288 -> core 13 - OK[0m[1;34m
[0m[1;34m	threadid 140047988131584 -> core 14 - OK[0m[1;34m
[0m[1;34m	threadid 140047979738880 -> core 15 - OK[0m[1;34m
[0m[1;34m	threadid 140047971346176 -> core 16 - OK[0m[1;34m
[0m[1;34m	threadid 140047962953472 -> core 17 - OK[0m[1;34m
[0m[1;34m	threadid 140047954560768 -> core 18 - OK[0m[1;34m
[0m[1;34m	threadid 140047946168064 -> core 19 - OK[0m[1;34m
[0miterations: 512
Total iterations: 4607442944 LUP
FLOP: 8
Total work: 36859543552 FLOP
performance: 1.567763 GLUP/s
Performance in GFLOP/s: 12.542102
size: 9261000
time: 2.938865
diff(a-b): 2672935907096205057736612886090732727850431539139245427790030041006476617603143197737604850363163101679434242919220346887654005903698326519527347920708270768622261256048747741184.000000
[1;34m[pthread wrapper] 
[0m[1;34m[pthread wrapper] MAIN -> 0
[0m[1;34m[pthread wrapper] PIN_MASK: [0m[1;34m0->1  [0m[1;34m1->2  [0m[1;34m2->3  [0m[1;34m3->4  [0m[1;34m4->5  [0m[1;34m5->6  [0m[1;34m6->7  [0m[1;34m7->8  [0m[1;34m8->9  [0m[1;34m9->10  [0m[1;34m10->11  [0m[1;34m11->12  [0m[1;34m12->13  [0m[1;34m13->14  [0m[1;34m14->15  [0m[1;34m15->16  [0m[1;34m16->17  [0m[1;34m17->18  [0m[1;34m18->19  [0m[1;34m
[pthread wrapper] SKIP MASK: 0x0
[0m[1;34m	threadid 140434247821056 -> core 1 - OK[0m[1;34m
[0m[1;34m	threadid 140434239428352 -> core 2 - OK[0m[1;34m
[0m[1;34m	threadid 140434231035648 -> core 3 - OK[0m[1;34m
[0m[1;34m	threadid 140434222642944 -> core 4 - OK[0m[1;34m
[0m[1;34m	threadid 140434214250240 -> core 5 - OK[0m[1;34m
[0m[1;34m	threadid 140434205857536 -> core 6 - OK[0m[1;34m
[0m[1;34m	threadid 140434197464832 -> core 7 - OK[0m[1;34m
[0m[1;34m	threadid 140434189072128 -> core 8 - OK[0m[1;34m
[0m[1;34m	threadid 140434180679424 -> core 9 - OK[0m[1;34m
[0m[1;34m	threadid 140434172286720 -> core 10 - OK[0m[1;34m
[0m[1;34m	threadid 140434163894016 -> core 11 - OK[0m[1;34m
[0m[1;34m	threadid 140434155501312 -> core 12 - OK[0m[1;34m
[0m[1;34m	threadid 140434147108608 -> core 13 - OK[0m[1;34m
[0m[1;34m	threadid 140434138715904 -> core 14 - OK[0m[1;34m
[0m[1;34m	threadid 140434130323200 -> core 15 - OK[0m[1;34m
[0m[1;34m	threadid 140434121930496 -> core 16 - OK[0m[1;34m
[0m[1;34m	threadid 140434113537792 -> core 17 - OK[0m[1;34m
[0m[1;34m	threadid 140434105145088 -> core 18 - OK[0m[1;34m
[0m[1;34m	threadid 140434096752384 -> core 19 - OK[0m[1;34m
[0miterations: 512
Total iterations: 4607442944 LUP
FLOP: 8
Total work: 36859543552 FLOP
performance: 1.709673 GLUP/s
Performance in GFLOP/s: 13.677386
size: 9261000
time: 2.694926
diff(a-b): 2672935907096205057736612886090732727850431539139245427790030041006476617603143197737604850363163101679434242919220346887654005903698326519527347920708270768622261256048747741184.000000
[1;34m[pthread wrapper] 
[0m[1;34m[pthread wrapper] MAIN -> 0
[0m[1;34m[pthread wrapper] PIN_MASK: [0m[1;34m0->1  [0m[1;34m1->2  [0m[1;34m2->3  [0m[1;34m3->4  [0m[1;34m4->5  [0m[1;34m5->6  [0m[1;34m6->7  [0m[1;34m7->8  [0m[1;34m8->9  [0m[1;34m9->10  [0m[1;34m10->11  [0m[1;34m11->12  [0m[1;34m12->13  [0m[1;34m13->14  [0m[1;34m14->15  [0m[1;34m15->16  [0m[1;34m16->17  [0m[1;34m17->18  [0m[1;34m18->19  [0m[1;34m
[pthread wrapper] SKIP MASK: 0x0
[0m[1;34m	threadid 140524670564096 -> core 1 - OK[0m[1;34m
[0m[1;34m	threadid 140524662171392 -> core 2 - OK[0m[1;34m
[0m[1;34m	threadid 140524653778688 -> core 3 - OK[0m[1;34m
[0m[1;34m	threadid 140524645385984 -> core 4 - OK[0m[1;34m
[0m[1;34m	threadid 140524636993280 -> core 5 - OK[0m[1;34m
[0m[1;34m	threadid 140524628600576 -> core 6 - OK[0m[1;34m
[0m[1;34m	threadid 140524620207872 -> core 7 - OK[0m[1;34m
[0m[1;34m	threadid 140524611815168 -> core 8 - OK[0m[1;34m
[0m[1;34m	threadid 140524603422464 -> core 9 - OK[0m[1;34m
[0m[1;34m	threadid 140524595029760 -> core 10 - OK[0m[1;34m
[0m[1;34m	threadid 140524586637056 -> core 11 - OK[0m[1;34m
[0m[1;34m	threadid 140524578244352 -> core 12 - OK[0m[1;34m
[0m[1;34m	threadid 140524569851648 -> core 13 - OK[0m[1;34m
[0m[1;34m	threadid 140524561458944 -> core 14 - OK[0m[1;34m
[0m[1;34m	threadid 140524553066240 -> core 15 - OK[0m[1;34m
[0m[1;34m	threadid 140524544673536 -> core 16 - OK[0m[1;34m
[0m[1;34m	threadid 140524536280832 -> core 17 - OK[0m[1;34m
[0m[1;34m	threadid 140524527888128 -> core 18 - OK[0m[1;34m
[0m[1;34m	threadid 140524519495424 -> core 19 - OK[0m[1;34m
[0miterations: 512
Total iterations: 4607442944 LUP
FLOP: 8
Total work: 36859543552 FLOP
performance: 1.766974 GLUP/s
Performance in GFLOP/s: 14.135792
size: 9261000
time: 2.607533
diff(a-b): 2672935907096205057736612886090732727850431539139245427790030041006476617603143197737604850363163101679434242919220346887654005903698326519527347920708270768622261256048747741184.000000
[1;34m[pthread wrapper] 
[0m[1;34m[pthread wrapper] MAIN -> 0
[0m[1;34m[pthread wrapper] PIN_MASK: [0m[1;34m0->1  [0m[1;34m1->2  [0m[1;34m2->3  [0m[1;34m3->4  [0m[1;34m4->5  [0m[1;34m5->6  [0m[1;34m6->7  [0m[1;34m7->8  [0m[1;34m8->9  [0m[1;34m9->10  [0m[1;34m10->11  [0m[1;34m11->12  [0m[1;34m12->13  [0m[1;34m13->14  [0m[1;34m14->15  [0m[1;34m15->16  [0m[1;34m16->17  [0m[1;34m17->18  [0m[1;34m18->19  [0m[1;34m
[pthread wrapper] SKIP MASK: 0x0
[0m[1;34m	threadid 139723735308032 -> core 1 - OK[0m[1;34m
[0m[1;34m	threadid 139723726915328 -> core 2 - OK[0m[1;34m
[0m[1;34m	threadid 139723718522624 -> core 3 - OK[0m[1;34m
[0m[1;34m	threadid 139723710129920 -> core 4 - OK[0m[1;34m
[0m[1;34m	threadid 139723701737216 -> core 5 - OK[0m[1;34m
[0m[1;34m	threadid 139723693344512 -> core 6 - OK[0m[1;34m
[0m[1;34m	threadid 139723684951808 -> core 7 - OK[0m[1;34m
[0m[1;34m	threadid 139723676559104 -> core 8 - OK[0m[1;34m
[0m[1;34m	threadid 139723668166400 -> core 9 - OK[0m[1;34m
[0m[1;34m	threadid 139723659773696 -> core 10 - OK[0m[1;34m
[0m[1;34m	threadid 139723651380992 -> core 11 - OK[0m[1;34m
[0m[1;34m	threadid 139723642988288 -> core 12 - OK[0m[1;34m
[0m[1;34m	threadid 139723634595584 -> core 13 - OK[0m[1;34m
[0m[1;34m	threadid 139723626202880 -> core 14 - OK[0m[1;34m
[0m[1;34m	threadid 139723617810176 -> core 15 - OK[0m[1;34m
[0m[1;34m	threadid 139723609417472 -> core 16 - OK[0m[1;34m
[0m[1;34m	threadid 139723601024768 -> core 17 - OK[0m[1;34m
[0m[1;34m	threadid 139723592632064 -> core 18 - OK[0m[1;34m
[0m[1;34m	threadid 139723584239360 -> core 19 - OK[0m[1;34m
[0miterations: 512
Total iterations: 4607442944 LUP
FLOP: 8
Total work: 36859543552 FLOP
performance: 1.795485 GLUP/s
Performance in GFLOP/s: 14.363881
size: 9261000
time: 2.566127
diff(a-b): 2672935907096205057736612886090732727850431539139245427790030041006476617603143197737604850363163101679434242919220346887654005903698326519527347920708270768622261256048747741184.000000
[1;34m[pthread wrapper] 
[0m[1;34m[pthread wrapper] MAIN -> 0
[0m[1;34m[pthread wrapper] PIN_MASK: [0m[1;34m0->1  [0m[1;34m1->2  [0m[1;34m2->3  [0m[1;34m3->4  [0m[1;34m4->5  [0m[1;34m5->6  [0m[1;34m6->7  [0m[1;34m7->8  [0m[1;34m8->9  [0m[1;34m9->10  [0m[1;34m10->11  [0m[1;34m11->12  [0m[1;34m12->13  [0m[1;34m13->14  [0m[1;34m14->15  [0m[1;34m15->16  [0m[1;34m16->17  [0m[1;34m17->18  [0m[1;34m18->19  [0m[1;34m
[pthread wrapper] SKIP MASK: 0x0
[0m[1;34m	threadid 140648113231616 -> core 1 - OK[0m[1;34m
[0m[1;34m	threadid 140648104838912 -> core 2 - OK[0m[1;34m
[0m[1;34m	threadid 140648096446208 -> core 3 - OK[0m[1;34m
[0m[1;34m	threadid 140648088053504 -> core 4 - OK[0m[1;34m
[0m[1;34m	threadid 140648079660800 -> core 5 - OK[0m[1;34m
[0m[1;34m	threadid 140648071268096 -> core 6 - OK[0m[1;34m
[0m[1;34m	threadid 140648062875392 -> core 7 - OK[0m[1;34m
[0m[1;34m	threadid 140648054482688 -> core 8 - OK[0m[1;34m
[0m[1;34m	threadid 140648046089984 -> core 9 - OK[0m[1;34m
[0m[1;34m	threadid 140648037697280 -> core 10 - OK[0m[1;34m
[0m[1;34m	threadid 140648029304576 -> core 11 - OK[0m[1;34m
[0m[1;34m	threadid 140648020911872 -> core 12 - OK[0m[1;34m
[0m[1;34m	threadid 140648012519168 -> core 13 - OK[0m[1;34m
[0m[1;34m	threadid 140648004126464 -> core 14 - OK[0m[1;34m
[0m[1;34m	threadid 140647995733760 -> core 15 - OK[0m[1;34m
[0m[1;34m	threadid 140647987341056 -> core 16 - OK[0m[1;34m
[0m[1;34m	threadid 140647978948352 -> core 17 - OK[0m[1;34m
[0m[1;34m	threadid 140647970555648 -> core 18 - OK[0m[1;34m
[0m[1;34m	threadid 140647962162944 -> core 19 - OK[0m[1;34m
[0miterations: 512
Total iterations: 4607442944 LUP
FLOP: 8
Total work: 36859543552 FLOP
performance: 1.608264 GLUP/s
Performance in GFLOP/s: 12.866111
size: 9261000
time: 2.864855
diff(a-b): 2672935907096205057736612886090732727850431539139245427790030041006476617603143197737604850363163101679434242919220346887654005903698326519527347920708270768622261256048747741184.000000
