iterations: 128
Total iterations: 1151860736 LUP
FLOP: 8
Total work: 9214885888 FLOP
performance: 0.376706 GLUP/s
Performance in GFLOP/s: 3.013646
size: 9261000
time: 3.057720
diff(a-b): 11554222595980691734157263227899781749239384637440.000000
[1;34m[likwid-pin] Main PID -> core 0 - OK[0m
iterations: 128
Total iterations: 1151860736 LUP
FLOP: 8
Total work: 9214885888 FLOP
performance: 0.367879 GLUP/s
Performance in GFLOP/s: 2.943029
size: 9261000
time: 3.131089
diff(a-b): 11554222595980691734157263227899781749239384637440.000000
[1;34m[likwid-pin] Main PID -> core 0 - OK[0m
iterations: 128
Total iterations: 1151860736 LUP
FLOP: 8
Total work: 9214885888 FLOP
performance: 0.368915 GLUP/s
Performance in GFLOP/s: 2.951317
size: 9261000
time: 3.122296
diff(a-b): 11554222595980691734157263227899781749239384637440.000000
[1;34m[likwid-pin] Main PID -> core 0 - OK[0m
iterations: 128
Total iterations: 1151860736 LUP
FLOP: 8
Total work: 9214885888 FLOP
performance: 0.383650 GLUP/s
Performance in GFLOP/s: 3.069197
size: 9261000
time: 3.002377
diff(a-b): 11554222595980691734157263227899781749239384637440.000000
[1;34m[likwid-pin] Main PID -> core 0 - OK[0m
iterations: 128
Total iterations: 1151860736 LUP
FLOP: 8
Total work: 9214885888 FLOP
performance: 0.369841 GLUP/s
Performance in GFLOP/s: 2.958731
size: 9261000
time: 3.114472
diff(a-b): 11554222595980691734157263227899781749239384637440.000000
[1;34m[likwid-pin] Main PID -> core 0 - OK[0m
iterations: 128
Total iterations: 1151860736 LUP
FLOP: 8
Total work: 9214885888 FLOP
performance: 0.370070 GLUP/s
Performance in GFLOP/s: 2.960564
size: 9261000
time: 3.112544
diff(a-b): 11554222595980691734157263227899781749239384637440.000000
[1;34m[likwid-pin] Main PID -> core 0 - OK[0m
iterations: 128
Total iterations: 1151860736 LUP
FLOP: 8
Total work: 9214885888 FLOP
performance: 0.369204 GLUP/s
Performance in GFLOP/s: 2.953633
size: 9261000
time: 3.119848
diff(a-b): 11554222595980691734157263227899781749239384637440.000000
[1;34m[likwid-pin] Main PID -> core 0 - OK[0m
iterations: 128
Total iterations: 1151860736 LUP
FLOP: 8
Total work: 9214885888 FLOP
performance: 0.370525 GLUP/s
Performance in GFLOP/s: 2.964197
size: 9261000
time: 3.108729
diff(a-b): 11554222595980691734157263227899781749239384637440.000000
[1;34m[likwid-pin] Main PID -> core 0 - OK[0m
iterations: 128
Total iterations: 1151860736 LUP
FLOP: 8
Total work: 9214885888 FLOP
performance: 0.372141 GLUP/s
Performance in GFLOP/s: 2.977131
size: 9261000
time: 3.095223
diff(a-b): 11554222595980691734157263227899781749239384637440.000000
[1;34m[likwid-pin] Main PID -> core 0 - OK[0m
iterations: 128
Total iterations: 1151860736 LUP
FLOP: 8
Total work: 9214885888 FLOP
performance: 0.371168 GLUP/s
Performance in GFLOP/s: 2.969345
size: 9261000
time: 3.103339
diff(a-b): 11554222595980691734157263227899781749239384637440.000000
[1;34m[likwid-pin] Main PID -> core 0 - OK[0m
