[1;34m[pthread wrapper] 
[0m[1;34m[pthread wrapper] MAIN -> 0
[0m[1;34m[pthread wrapper] PIN_MASK: [0m[1;34m0->1  [0m[1;34m
[pthread wrapper] SKIP MASK: 0x0
[0m[1;34m	threadid 139748951553792 -> core 1 - OK[0m[1;34m
[0miterations: 16384
Total iterations: 3157540864 LUP
FLOP: 6
Total work: 18945245184 FLOP
performance: 0.938376 GLUP/s
Performance in GFLOP/s: 5.630257
size: 194481
time: 3.364899
diff(a-b): -0.083524
[1;34m[pthread wrapper] 
[0m[1;34m[pthread wrapper] MAIN -> 0
[0m[1;34m[pthread wrapper] PIN_MASK: [0m[1;34m0->1  [0m[1;34m
[pthread wrapper] SKIP MASK: 0x0
[0m[1;34m	threadid 140224730564352 -> core 1 - OK[0m[1;34m
[0miterations: 16384
Total iterations: 3157540864 LUP
FLOP: 6
Total work: 18945245184 FLOP
performance: 0.916889 GLUP/s
Performance in GFLOP/s: 5.501337
size: 194481
time: 3.443753
diff(a-b): -0.083524
[1;34m[pthread wrapper] 
[0m[1;34m[pthread wrapper] MAIN -> 0
[0m[1;34m[pthread wrapper] PIN_MASK: [0m[1;34m0->1  [0m[1;34m
[pthread wrapper] SKIP MASK: 0x0
[0m[1;34m	threadid 140328831194880 -> core 1 - OK[0m[1;34m
[0miterations: 16384
Total iterations: 3157540864 LUP
FLOP: 6
Total work: 18945245184 FLOP
performance: 0.933895 GLUP/s
Performance in GFLOP/s: 5.603371
size: 194481
time: 3.381044
diff(a-b): -0.083524
[1;34m[pthread wrapper] 
[0m[1;34m[pthread wrapper] MAIN -> 0
[0m[1;34m[pthread wrapper] PIN_MASK: [0m[1;34m0->1  [0m[1;34m
[pthread wrapper] SKIP MASK: 0x0
[0m[1;34m	threadid 140579691063040 -> core 1 - OK[0m[1;34m
[0miterations: 16384
Total iterations: 3157540864 LUP
FLOP: 6
Total work: 18945245184 FLOP
performance: 0.930886 GLUP/s
Performance in GFLOP/s: 5.585317
size: 194481
time: 3.391973
diff(a-b): -0.083524
[1;34m[pthread wrapper] 
[0m[1;34m[pthread wrapper] MAIN -> 0
[0m[1;34m[pthread wrapper] PIN_MASK: [0m[1;34m0->1  [0m[1;34m
[pthread wrapper] SKIP MASK: 0x0
[0m[1;34m	threadid 140038411470592 -> core 1 - OK[0m[1;34m
[0miterations: 16384
Total iterations: 3157540864 LUP
FLOP: 6
Total work: 18945245184 FLOP
performance: 0.928265 GLUP/s
Performance in GFLOP/s: 5.569592
size: 194481
time: 3.401550
diff(a-b): -0.083524
[1;34m[pthread wrapper] 
[0m[1;34m[pthread wrapper] MAIN -> 0
[0m[1;34m[pthread wrapper] PIN_MASK: [0m[1;34m0->1  [0m[1;34m
[pthread wrapper] SKIP MASK: 0x0
[0m[1;34m	threadid 140414482933504 -> core 1 - OK[0m[1;34m
[0miterations: 16384
Total iterations: 3157540864 LUP
FLOP: 6
Total work: 18945245184 FLOP
performance: 0.932067 GLUP/s
Performance in GFLOP/s: 5.592405
size: 194481
time: 3.387674
diff(a-b): -0.083524
[1;34m[pthread wrapper] 
[0m[1;34m[pthread wrapper] MAIN -> 0
[0m[1;34m[pthread wrapper] PIN_MASK: [0m[1;34m0->1  [0m[1;34m
[pthread wrapper] SKIP MASK: 0x0
[0m[1;34m	threadid 139628899800832 -> core 1 - OK[0m[1;34m
[0miterations: 16384
Total iterations: 3157540864 LUP
FLOP: 6
Total work: 18945245184 FLOP
performance: 0.927233 GLUP/s
Performance in GFLOP/s: 5.563398
size: 194481
time: 3.405337
diff(a-b): -0.083524
[1;34m[pthread wrapper] 
[0m[1;34m[pthread wrapper] MAIN -> 0
[0m[1;34m[pthread wrapper] PIN_MASK: [0m[1;34m0->1  [0m[1;34m
[pthread wrapper] SKIP MASK: 0x0
[0m[1;34m	threadid 140238758897408 -> core 1 - OK[0m[1;34m
[0miterations: 16384
Total iterations: 3157540864 LUP
FLOP: 6
Total work: 18945245184 FLOP
performance: 0.926512 GLUP/s
Performance in GFLOP/s: 5.559070
size: 194481
time: 3.407988
diff(a-b): -0.083524
[1;34m[pthread wrapper] 
[0m[1;34m[pthread wrapper] MAIN -> 0
[0m[1;34m[pthread wrapper] PIN_MASK: [0m[1;34m0->1  [0m[1;34m
[pthread wrapper] SKIP MASK: 0x0
[0m[1;34m	threadid 140533004084992 -> core 1 - OK[0m[1;34m
[0miterations: 16384
Total iterations: 3157540864 LUP
FLOP: 6
Total work: 18945245184 FLOP
performance: 0.925316 GLUP/s
Performance in GFLOP/s: 5.551898
size: 194481
time: 3.412391
diff(a-b): -0.083524
[1;34m[pthread wrapper] 
[0m[1;34m[pthread wrapper] MAIN -> 0
[0m[1;34m[pthread wrapper] PIN_MASK: [0m[1;34m0->1  [0m[1;34m
[pthread wrapper] SKIP MASK: 0x0
[0m[1;34m	threadid 139622656648960 -> core 1 - OK[0m[1;34m
[0miterations: 16384
Total iterations: 3157540864 LUP
FLOP: 6
Total work: 18945245184 FLOP
performance: 0.937421 GLUP/s
Performance in GFLOP/s: 5.624525
size: 194481
time: 3.368328
diff(a-b): -0.083524
