iterations: 128
Total iterations: 1596803072 LUP
FLOP: 6
Total work: 9580818432 FLOP
performance: 0.501954 GLUP/s
Performance in GFLOP/s: 3.011721
size: 12489156
time: 3.181177
diff(a-b): -3.916815
[1;34m[likwid-pin] Main PID -> core 0 - OK[0m
iterations: 128
Total iterations: 1596803072 LUP
FLOP: 6
Total work: 9580818432 FLOP
performance: 0.506359 GLUP/s
Performance in GFLOP/s: 3.038156
size: 12489156
time: 3.153498
diff(a-b): -3.916815
[1;34m[likwid-pin] Main PID -> core 0 - OK[0m
iterations: 128
Total iterations: 1596803072 LUP
FLOP: 6
Total work: 9580818432 FLOP
performance: 0.505537 GLUP/s
Performance in GFLOP/s: 3.033223
size: 12489156
time: 3.158626
diff(a-b): -3.916815
[1;34m[likwid-pin] Main PID -> core 0 - OK[0m
iterations: 128
Total iterations: 1596803072 LUP
FLOP: 6
Total work: 9580818432 FLOP
performance: 0.505703 GLUP/s
Performance in GFLOP/s: 3.034219
size: 12489156
time: 3.157589
diff(a-b): -3.916815
[1;34m[likwid-pin] Main PID -> core 0 - OK[0m
iterations: 128
Total iterations: 1596803072 LUP
FLOP: 6
Total work: 9580818432 FLOP
performance: 0.506821 GLUP/s
Performance in GFLOP/s: 3.040928
size: 12489156
time: 3.150623
diff(a-b): -3.916815
[1;34m[likwid-pin] Main PID -> core 0 - OK[0m
iterations: 128
Total iterations: 1596803072 LUP
FLOP: 6
Total work: 9580818432 FLOP
performance: 0.505418 GLUP/s
Performance in GFLOP/s: 3.032507
size: 12489156
time: 3.159372
diff(a-b): -3.916815
[1;34m[likwid-pin] Main PID -> core 0 - OK[0m
iterations: 128
Total iterations: 1596803072 LUP
FLOP: 6
Total work: 9580818432 FLOP
performance: 0.505725 GLUP/s
Performance in GFLOP/s: 3.034347
size: 12489156
time: 3.157456
diff(a-b): -3.916815
[1;34m[likwid-pin] Main PID -> core 0 - OK[0m
iterations: 128
Total iterations: 1596803072 LUP
FLOP: 6
Total work: 9580818432 FLOP
performance: 0.494912 GLUP/s
Performance in GFLOP/s: 2.969470
size: 12489156
time: 3.226441
diff(a-b): -3.916815
[1;34m[likwid-pin] Main PID -> core 0 - OK[0m
iterations: 128
Total iterations: 1596803072 LUP
FLOP: 6
Total work: 9580818432 FLOP
performance: 0.504344 GLUP/s
Performance in GFLOP/s: 3.026065
size: 12489156
time: 3.166098
diff(a-b): -3.916815
[1;34m[likwid-pin] Main PID -> core 0 - OK[0m
iterations: 128
Total iterations: 1596803072 LUP
FLOP: 6
Total work: 9580818432 FLOP
performance: 0.506282 GLUP/s
Performance in GFLOP/s: 3.037692
size: 12489156
time: 3.153980
diff(a-b): -3.916815
[1;34m[likwid-pin] Main PID -> core 0 - OK[0m
