[1;34m[pthread wrapper] 
[0m[1;34m[pthread wrapper] MAIN -> 0
[0m[1;34m[pthread wrapper] PIN_MASK: [0m[1;34m0->1  [0m[1;34m1->2  [0m[1;34m2->3  [0m[1;34m3->4  [0m[1;34m4->5  [0m[1;34m5->6  [0m[1;34m6->7  [0m[1;34m
[pthread wrapper] SKIP MASK: 0x0
[0m[1;34m	threadid 140282326021888 -> core 1 - OK[0m[1;34m
[0m[1;34m	threadid 140282317629184 -> core 2 - OK[0m[1;34m
[0m[1;34m	threadid 140282309236480 -> core 3 - OK[0m[1;34m
[0m[1;34m	threadid 140282300843776 -> core 4 - OK[0m[1;34m
[0m[1;34m	threadid 140282292451072 -> core 5 - OK[0m[1;34m
[0m[1;34m	threadid 140282284058368 -> core 6 - OK[0m[1;34m
[0m[1;34m	threadid 140282275665664 -> core 7 - OK[0m[1;34m
[0miterations: 8192
Total iterations: 6358310912 LUP
FLOP: 6
Total work: 38149865472 FLOP
performance: 2.396080 GLUP/s
Performance in GFLOP/s: 14.376477
size: 779689
time: 2.653631
diff(a-b): 96119341308033392651961589465355211601595202534586005645328976000518452602901306785988660660187744400012406282225561185889710781292162112183274377036698023631222925784039966810502851765748217953967172345576495529208458765976031948701518105755952619704107303825530325124211183518721003139827112779710464.000000
[1;34m[pthread wrapper] 
[0m[1;34m[pthread wrapper] MAIN -> 0
[0m[1;34m[pthread wrapper] PIN_MASK: [0m[1;34m0->1  [0m[1;34m1->2  [0m[1;34m2->3  [0m[1;34m3->4  [0m[1;34m4->5  [0m[1;34m5->6  [0m[1;34m6->7  [0m[1;34m
[pthread wrapper] SKIP MASK: 0x0
[0m[1;34m	threadid 140576160646912 -> core 1 - OK[0m[1;34m
[0m[1;34m	threadid 140576152254208 -> core 2 - OK[0m[1;34m
[0m[1;34m	threadid 140576143861504 -> core 3 - OK[0m[1;34m
[0m[1;34m	threadid 140576135468800 -> core 4 - OK[0m[1;34m
[0m[1;34m	threadid 140576127076096 -> core 5 - OK[0m[1;34m
[0m[1;34m	threadid 140576118683392 -> core 6 - OK[0m[1;34m
[0m[1;34m	threadid 140576110290688 -> core 7 - OK[0m[1;34m
[0miterations: 8192
Total iterations: 6358310912 LUP
FLOP: 6
Total work: 38149865472 FLOP
performance: 2.338578 GLUP/s
Performance in GFLOP/s: 14.031469
size: 779689
time: 2.718879
diff(a-b): 96119341308033392651961589465355211601595202534586005645328976000518452602901306785988660660187744400012406282225561185889710781292162112183274377036698023631222925784039966810502851765748217953967172345576495529208458765976031948701518105755952619704107303825530325124211183518721003139827112779710464.000000
[1;34m[pthread wrapper] 
[0m[1;34m[pthread wrapper] MAIN -> 0
[0m[1;34m[pthread wrapper] PIN_MASK: [0m[1;34m0->1  [0m[1;34m1->2  [0m[1;34m2->3  [0m[1;34m3->4  [0m[1;34m4->5  [0m[1;34m5->6  [0m[1;34m6->7  [0m[1;34m
[pthread wrapper] SKIP MASK: 0x0
[0m[1;34m	threadid 139926435952384 -> core 1 - OK[0m[1;34m
[0m[1;34m	threadid 139926427559680 -> core 2 - OK[0m[1;34m
[0m[1;34m	threadid 139926419166976 -> core 3 - OK[0m[1;34m
[0m[1;34m	threadid 139926410774272 -> core 4 - OK[0m[1;34m
[0m[1;34m	threadid 139926402381568 -> core 5 - OK[0m[1;34m
[0m[1;34m	threadid 139926393988864 -> core 6 - OK[0m[1;34m
[0m[1;34m	threadid 139926385596160 -> core 7 - OK[0m[1;34m
[0miterations: 8192
Total iterations: 6358310912 LUP
FLOP: 6
Total work: 38149865472 FLOP
performance: 2.401384 GLUP/s
Performance in GFLOP/s: 14.408305
size: 779689
time: 2.647769
diff(a-b): 96119341308033392651961589465355211601595202534586005645328976000518452602901306785988660660187744400012406282225561185889710781292162112183274377036698023631222925784039966810502851765748217953967172345576495529208458765976031948701518105755952619704107303825530325124211183518721003139827112779710464.000000
[1;34m[pthread wrapper] 
[0m[1;34m[pthread wrapper] MAIN -> 0
[0m[1;34m[pthread wrapper] PIN_MASK: [0m[1;34m0->1  [0m[1;34m1->2  [0m[1;34m2->3  [0m[1;34m3->4  [0m[1;34m4->5  [0m[1;34m5->6  [0m[1;34m6->7  [0m[1;34m
[pthread wrapper] SKIP MASK: 0x0
[0m[1;34m	threadid 140363754321664 -> core 1 - OK[0m[1;34m
[0m[1;34m	threadid 140363745928960 -> core 2 - OK[0m[1;34m
[0m[1;34m	threadid 140363737536256 -> core 3 - OK[0m[1;34m
[0m[1;34m	threadid 140363729143552 -> core 4 - OK[0m[1;34m
[0m[1;34m	threadid 140363720750848 -> core 5 - OK[0m[1;34m
[0m[1;34m	threadid 140363712358144 -> core 6 - OK[0m[1;34m
[0m[1;34m	threadid 140363703965440 -> core 7 - OK[0m[1;34m
[0miterations: 8192
Total iterations: 6358310912 LUP
FLOP: 6
Total work: 38149865472 FLOP
performance: 2.363844 GLUP/s
Performance in GFLOP/s: 14.183061
size: 779689
time: 2.689819
diff(a-b): 96119341308033392651961589465355211601595202534586005645328976000518452602901306785988660660187744400012406282225561185889710781292162112183274377036698023631222925784039966810502851765748217953967172345576495529208458765976031948701518105755952619704107303825530325124211183518721003139827112779710464.000000
[1;34m[pthread wrapper] 
[0m[1;34m[pthread wrapper] MAIN -> 0
[0m[1;34m[pthread wrapper] PIN_MASK: [0m[1;34m0->1  [0m[1;34m1->2  [0m[1;34m2->3  [0m[1;34m3->4  [0m[1;34m4->5  [0m[1;34m5->6  [0m[1;34m6->7  [0m[1;34m
[pthread wrapper] SKIP MASK: 0x0
[0m[1;34m	threadid 139977368655616 -> core 1 - OK[0m[1;34m
[0m[1;34m	threadid 139977360262912 -> core 2 - OK[0m[1;34m
[0m[1;34m	threadid 139977351870208 -> core 3 - OK[0m[1;34m
[0m[1;34m	threadid 139977343477504 -> core 4 - OK[0m[1;34m
[0m[1;34m	threadid 139977335084800 -> core 5 - OK[0m[1;34m
[0m[1;34m	threadid 139977326692096 -> core 6 - OK[0m[1;34m
[0m[1;34m	threadid 139977318299392 -> core 7 - OK[0m[1;34m
[0miterations: 8192
Total iterations: 6358310912 LUP
FLOP: 6
Total work: 38149865472 FLOP
performance: 2.479514 GLUP/s
Performance in GFLOP/s: 14.877082
size: 779689
time: 2.564338
diff(a-b): 96119341308033392651961589465355211601595202534586005645328976000518452602901306785988660660187744400012406282225561185889710781292162112183274377036698023631222925784039966810502851765748217953967172345576495529208458765976031948701518105755952619704107303825530325124211183518721003139827112779710464.000000
[1;34m[pthread wrapper] 
[0m[1;34m[pthread wrapper] MAIN -> 0
[0m[1;34m[pthread wrapper] PIN_MASK: [0m[1;34m0->1  [0m[1;34m1->2  [0m[1;34m2->3  [0m[1;34m3->4  [0m[1;34m4->5  [0m[1;34m5->6  [0m[1;34m6->7  [0m[1;34m
[pthread wrapper] SKIP MASK: 0x0
[0m[1;34m	threadid 139793032726272 -> core 1 - OK[0m[1;34m
[0m[1;34m	threadid 139793024333568 -> core 2 - OK[0m[1;34m
[0m[1;34m	threadid 139793015940864 -> core 3 - OK[0m[1;34m
[0m[1;34m	threadid 139793007548160 -> core 4 - OK[0m[1;34m
[0m[1;34m	threadid 139792999155456 -> core 5 - OK[0m[1;34m
[0m[1;34m	threadid 139792990762752 -> core 6 - OK[0m[1;34m
[0m[1;34m	threadid 139792982370048 -> core 7 - OK[0m[1;34m
[0miterations: 8192
Total iterations: 6358310912 LUP
FLOP: 6
Total work: 38149865472 FLOP
performance: 2.372262 GLUP/s
Performance in GFLOP/s: 14.233569
size: 779689
time: 2.680274
diff(a-b): 96119341308033392651961589465355211601595202534586005645328976000518452602901306785988660660187744400012406282225561185889710781292162112183274377036698023631222925784039966810502851765748217953967172345576495529208458765976031948701518105755952619704107303825530325124211183518721003139827112779710464.000000
[1;34m[pthread wrapper] 
[0m[1;34m[pthread wrapper] MAIN -> 0
[0m[1;34m[pthread wrapper] PIN_MASK: [0m[1;34m0->1  [0m[1;34m1->2  [0m[1;34m2->3  [0m[1;34m3->4  [0m[1;34m4->5  [0m[1;34m5->6  [0m[1;34m6->7  [0m[1;34m
[pthread wrapper] SKIP MASK: 0x0
[0m[1;34m	threadid 140645986494208 -> core 1 - OK[0m[1;34m
[0m[1;34m	threadid 140645978101504 -> core 2 - OK[0m[1;34m
[0m[1;34m	threadid 140645969708800 -> core 3 - OK[0m[1;34m
[0m[1;34m	threadid 140645961316096 -> core 4 - OK[0m[1;34m
[0m[1;34m	threadid 140645952923392 -> core 5 - OK[0m[1;34m
[0m[1;34m	threadid 140645944530688 -> core 6 - OK[0m[1;34m
[0m[1;34m	threadid 140645936137984 -> core 7 - OK[0m[1;34m
[0miterations: 8192
Total iterations: 6358310912 LUP
FLOP: 6
Total work: 38149865472 FLOP
performance: 2.317228 GLUP/s
Performance in GFLOP/s: 13.903366
size: 779689
time: 2.743930
diff(a-b): 96119341308033392651961589465355211601595202534586005645328976000518452602901306785988660660187744400012406282225561185889710781292162112183274377036698023631222925784039966810502851765748217953967172345576495529208458765976031948701518105755952619704107303825530325124211183518721003139827112779710464.000000
[1;34m[pthread wrapper] 
[0m[1;34m[pthread wrapper] MAIN -> 0
[0m[1;34m[pthread wrapper] PIN_MASK: [0m[1;34m0->1  [0m[1;34m1->2  [0m[1;34m2->3  [0m[1;34m3->4  [0m[1;34m4->5  [0m[1;34m5->6  [0m[1;34m6->7  [0m[1;34m
[pthread wrapper] SKIP MASK: 0x0
[0m[1;34m	threadid 139805179082496 -> core 1 - OK[0m[1;34m
[0m[1;34m	threadid 139805170689792 -> core 2 - OK[0m[1;34m
[0m[1;34m	threadid 139805162297088 -> core 3 - OK[0m[1;34m
[0m[1;34m	threadid 139805153904384 -> core 4 - OK[0m[1;34m
[0m[1;34m	threadid 139805145511680 -> core 5 - OK[0m[1;34m
[0m[1;34m	threadid 139805137118976 -> core 6 - OK[0m[1;34m
[0m[1;34m	threadid 139805128726272 -> core 7 - OK[0m[1;34m
[0miterations: 8192
Total iterations: 6358310912 LUP
FLOP: 6
Total work: 38149865472 FLOP
performance: 2.217082 GLUP/s
Performance in GFLOP/s: 13.302491
size: 779689
time: 2.867874
diff(a-b): 96119341308033392651961589465355211601595202534586005645328976000518452602901306785988660660187744400012406282225561185889710781292162112183274377036698023631222925784039966810502851765748217953967172345576495529208458765976031948701518105755952619704107303825530325124211183518721003139827112779710464.000000
[1;34m[pthread wrapper] 
[0m[1;34m[pthread wrapper] MAIN -> 0
[0m[1;34m[pthread wrapper] PIN_MASK: [0m[1;34m0->1  [0m[1;34m1->2  [0m[1;34m2->3  [0m[1;34m3->4  [0m[1;34m4->5  [0m[1;34m5->6  [0m[1;34m6->7  [0m[1;34m
[pthread wrapper] SKIP MASK: 0x0
[0m[1;34m	threadid 140115195827968 -> core 1 - OK[0m[1;34m
[0m[1;34m	threadid 140115187435264 -> core 2 - OK[0m[1;34m
[0m[1;34m	threadid 140115179042560 -> core 3 - OK[0m[1;34m
[0m[1;34m	threadid 140115170649856 -> core 4 - OK[0m[1;34m
[0m[1;34m	threadid 140115162257152 -> core 5 - OK[0m[1;34m
[0m[1;34m	threadid 140115153864448 -> core 6 - OK[0m[1;34m
[0m[1;34m	threadid 140115145471744 -> core 7 - OK[0m[1;34m
[0miterations: 8192
Total iterations: 6358310912 LUP
FLOP: 6
Total work: 38149865472 FLOP
performance: 2.520683 GLUP/s
Performance in GFLOP/s: 15.124096
size: 779689
time: 2.522456
diff(a-b): 96119341308033392651961589465355211601595202534586005645328976000518452602901306785988660660187744400012406282225561185889710781292162112183274377036698023631222925784039966810502851765748217953967172345576495529208458765976031948701518105755952619704107303825530325124211183518721003139827112779710464.000000
[1;34m[pthread wrapper] 
[0m[1;34m[pthread wrapper] MAIN -> 0
[0m[1;34m[pthread wrapper] PIN_MASK: [0m[1;34m0->1  [0m[1;34m1->2  [0m[1;34m2->3  [0m[1;34m3->4  [0m[1;34m4->5  [0m[1;34m5->6  [0m[1;34m6->7  [0m[1;34m
[pthread wrapper] SKIP MASK: 0x0
[0m[1;34m	threadid 140189077616384 -> core 1 - OK[0m[1;34m
[0m[1;34m	threadid 140189069223680 -> core 2 - OK[0m[1;34m
[0m[1;34m	threadid 140189060830976 -> core 3 - OK[0m[1;34m
[0m[1;34m	threadid 140189052438272 -> core 4 - OK[0m[1;34m
[0m[1;34m	threadid 140189044045568 -> core 5 - OK[0m[1;34m
[0m[1;34m	threadid 140189035652864 -> core 6 - OK[0m[1;34m
[0m[1;34m	threadid 140189027260160 -> core 7 - OK[0m[1;34m
[0miterations: 8192
Total iterations: 6358310912 LUP
FLOP: 6
Total work: 38149865472 FLOP
performance: 2.538149 GLUP/s
Performance in GFLOP/s: 15.228897
size: 779689
time: 2.505097
diff(a-b): 96119341308033392651961589465355211601595202534586005645328976000518452602901306785988660660187744400012406282225561185889710781292162112183274377036698023631222925784039966810502851765748217953967172345576495529208458765976031948701518105755952619704107303825530325124211183518721003139827112779710464.000000
