[1;34m[pthread wrapper] 
[0m[1;34m[pthread wrapper] MAIN -> 0
[0m[1;34m[pthread wrapper] PIN_MASK: [0m[1;34m0->1  [0m[1;34m
[pthread wrapper] SKIP MASK: 0x0
[0m[1;34m	threadid 139826180769536 -> core 1 - OK[0m[1;34m
[0miterations: 128
Total iterations: 2549632512 LUP
FLOP: 6
Total work: 15297795072 FLOP
performance: 0.731295 GLUP/s
Performance in GFLOP/s: 4.387769
size: 20000000
time: 3.486463
diff(a-b): -5.782737
[1;34m[pthread wrapper] 
[0m[1;34m[pthread wrapper] MAIN -> 0
[0m[1;34m[pthread wrapper] PIN_MASK: [0m[1;34m0->1  [0m[1;34m
[pthread wrapper] SKIP MASK: 0x0
[0m[1;34m	threadid 140530833245952 -> core 1 - OK[0m[1;34m
[0miterations: 128
Total iterations: 2549632512 LUP
FLOP: 6
Total work: 15297795072 FLOP
performance: 0.729551 GLUP/s
Performance in GFLOP/s: 4.377307
size: 20000000
time: 3.494796
diff(a-b): -5.782737
[1;34m[pthread wrapper] 
[0m[1;34m[pthread wrapper] MAIN -> 0
[0m[1;34m[pthread wrapper] PIN_MASK: [0m[1;34m0->1  [0m[1;34m
[pthread wrapper] SKIP MASK: 0x0
[0m[1;34m	threadid 140284252137216 -> core 1 - OK[0m[1;34m
[0miterations: 128
Total iterations: 2549632512 LUP
FLOP: 6
Total work: 15297795072 FLOP
performance: 0.726656 GLUP/s
Performance in GFLOP/s: 4.359937
size: 20000000
time: 3.508719
diff(a-b): -5.782737
[1;34m[pthread wrapper] 
[0m[1;34m[pthread wrapper] MAIN -> 0
[0m[1;34m[pthread wrapper] PIN_MASK: [0m[1;34m0->1  [0m[1;34m
[pthread wrapper] SKIP MASK: 0x0
[0m[1;34m	threadid 139818798368512 -> core 1 - OK[0m[1;34m
[0miterations: 128
Total iterations: 2549632512 LUP
FLOP: 6
Total work: 15297795072 FLOP
performance: 0.724899 GLUP/s
Performance in GFLOP/s: 4.349392
size: 20000000
time: 3.517226
diff(a-b): -5.782737
[1;34m[pthread wrapper] 
[0m[1;34m[pthread wrapper] MAIN -> 0
[0m[1;34m[pthread wrapper] PIN_MASK: [0m[1;34m0->1  [0m[1;34m
[pthread wrapper] SKIP MASK: 0x0
[0m[1;34m	threadid 139743392937728 -> core 1 - OK[0m[1;34m
[0miterations: 128
Total iterations: 2549632512 LUP
FLOP: 6
Total work: 15297795072 FLOP
performance: 0.724747 GLUP/s
Performance in GFLOP/s: 4.348480
size: 20000000
time: 3.517964
diff(a-b): -5.782737
[1;34m[pthread wrapper] 
[0m[1;34m[pthread wrapper] MAIN -> 0
[0m[1;34m[pthread wrapper] PIN_MASK: [0m[1;34m0->1  [0m[1;34m
[pthread wrapper] SKIP MASK: 0x0
[0m[1;34m	threadid 140518959150848 -> core 1 - OK[0m[1;34m
[0miterations: 128
Total iterations: 2549632512 LUP
FLOP: 6
Total work: 15297795072 FLOP
performance: 0.731115 GLUP/s
Performance in GFLOP/s: 4.386692
size: 20000000
time: 3.487319
diff(a-b): -5.782737
[1;34m[pthread wrapper] 
[0m[1;34m[pthread wrapper] MAIN -> 0
[0m[1;34m[pthread wrapper] PIN_MASK: [0m[1;34m0->1  [0m[1;34m
[pthread wrapper] SKIP MASK: 0x0
[0m[1;34m	threadid 140128431994624 -> core 1 - OK[0m[1;34m
[0miterations: 128
Total iterations: 2549632512 LUP
FLOP: 6
Total work: 15297795072 FLOP
performance: 0.728282 GLUP/s
Performance in GFLOP/s: 4.369692
size: 20000000
time: 3.500886
diff(a-b): -5.782737
[1;34m[pthread wrapper] 
[0m[1;34m[pthread wrapper] MAIN -> 0
[0m[1;34m[pthread wrapper] PIN_MASK: [0m[1;34m0->1  [0m[1;34m
[pthread wrapper] SKIP MASK: 0x0
[0m[1;34m	threadid 139730427954944 -> core 1 - OK[0m[1;34m
[0miterations: 128
Total iterations: 2549632512 LUP
FLOP: 6
Total work: 15297795072 FLOP
performance: 0.730960 GLUP/s
Performance in GFLOP/s: 4.385758
size: 20000000
time: 3.488062
diff(a-b): -5.782737
[1;34m[pthread wrapper] 
[0m[1;34m[pthread wrapper] MAIN -> 0
[0m[1;34m[pthread wrapper] PIN_MASK: [0m[1;34m0->1  [0m[1;34m
[pthread wrapper] SKIP MASK: 0x0
[0m[1;34m	threadid 139918167009024 -> core 1 - OK[0m[1;34m
[0miterations: 128
Total iterations: 2549632512 LUP
FLOP: 6
Total work: 15297795072 FLOP
performance: 0.728012 GLUP/s
Performance in GFLOP/s: 4.368072
size: 20000000
time: 3.502185
diff(a-b): -5.782737
[1;34m[pthread wrapper] 
[0m[1;34m[pthread wrapper] MAIN -> 0
[0m[1;34m[pthread wrapper] PIN_MASK: [0m[1;34m0->1  [0m[1;34m
[pthread wrapper] SKIP MASK: 0x0
[0m[1;34m	threadid 139965052630784 -> core 1 - OK[0m[1;34m
[0miterations: 128
Total iterations: 2549632512 LUP
FLOP: 6
Total work: 15297795072 FLOP
performance: 0.726851 GLUP/s
Performance in GFLOP/s: 4.361106
size: 20000000
time: 3.507779
diff(a-b): -5.782737
