[1;34m[pthread wrapper] 
[0m[1;34m[pthread wrapper] MAIN -> 0
[0m[1;34m[pthread wrapper] PIN_MASK: [0m[1;34m0->1  [0m[1;34m1->2  [0m[1;34m2->3  [0m[1;34m3->4  [0m[1;34m4->5  [0m[1;34m5->6  [0m[1;34m6->7  [0m[1;34m7->8  [0m[1;34m8->9  [0m[1;34m
[pthread wrapper] SKIP MASK: 0x0
[0m[1;34m	threadid 140097333344000 -> core 1 - OK[0m[1;34m
[0m[1;34m	threadid 140097324951296 -> core 2 - OK[0m[1;34m
[0m[1;34m	threadid 140097316558592 -> core 3 - OK[0m[1;34m
[0m[1;34m	threadid 140097308165888 -> core 4 - OK[0m[1;34m
[0m[1;34m	threadid 140097299773184 -> core 5 - OK[0m[1;34m
[0m[1;34m	threadid 140097291380480 -> core 6 - OK[0m[1;34m
[0m[1;34m	threadid 140097282987776 -> core 7 - OK[0m[1;34m
[0m[1;34m	threadid 140097274595072 -> core 8 - OK[0m[1;34m
[0m[1;34m	threadid 140097266202368 -> core 9 - OK[0m[1;34m
[0miterations: 8192
Total iterations: 6358310912 LUP
FLOP: 6
Total work: 38149865472 FLOP
performance: 2.680866 GLUP/s
Performance in GFLOP/s: 16.085194
size: 779689
time: 2.371738
diff(a-b): 96119341308033392651961589465355211601595202534586005645328976000518452602901306785988660660187744400012406282225561185889710781292162112183274377036698023631222925784039966810502851765748217953967172345576495529208458765976031948701518105755952619704107303825530325124211183518721003139827112779710464.000000
[1;34m[pthread wrapper] 
[0m[1;34m[pthread wrapper] MAIN -> 0
[0m[1;34m[pthread wrapper] PIN_MASK: [0m[1;34m0->1  [0m[1;34m1->2  [0m[1;34m2->3  [0m[1;34m3->4  [0m[1;34m4->5  [0m[1;34m5->6  [0m[1;34m6->7  [0m[1;34m7->8  [0m[1;34m8->9  [0m[1;34m
[pthread wrapper] SKIP MASK: 0x0
[0m[1;34m	threadid 139788050962176 -> core 1 - OK[0m[1;34m
[0m[1;34m	threadid 139788042569472 -> core 2 - OK[0m[1;34m
[0m[1;34m	threadid 139788034176768 -> core 3 - OK[0m[1;34m
[0m[1;34m	threadid 139788025784064 -> core 4 - OK[0m[1;34m
[0m[1;34m	threadid 139788017391360 -> core 5 - OK[0m[1;34m
[0m[1;34m	threadid 139788008998656 -> core 6 - OK[0m[1;34m
[0m[1;34m	threadid 139788000605952 -> core 7 - OK[0m[1;34m
[0m[1;34m	threadid 139787992213248 -> core 8 - OK[0m[1;34m
[0m[1;34m	threadid 139787983820544 -> core 9 - OK[0m[1;34m
[0miterations: 8192
Total iterations: 6358310912 LUP
FLOP: 6
Total work: 38149865472 FLOP
performance: 2.590171 GLUP/s
Performance in GFLOP/s: 15.541028
size: 779689
time: 2.454784
diff(a-b): 96119341308033392651961589465355211601595202534586005645328976000518452602901306785988660660187744400012406282225561185889710781292162112183274377036698023631222925784039966810502851765748217953967172345576495529208458765976031948701518105755952619704107303825530325124211183518721003139827112779710464.000000
[1;34m[pthread wrapper] 
[0m[1;34m[pthread wrapper] MAIN -> 0
[0m[1;34m[pthread wrapper] PIN_MASK: [0m[1;34m0->1  [0m[1;34m1->2  [0m[1;34m2->3  [0m[1;34m3->4  [0m[1;34m4->5  [0m[1;34m5->6  [0m[1;34m6->7  [0m[1;34m7->8  [0m[1;34m8->9  [0m[1;34m
[pthread wrapper] SKIP MASK: 0x0
[0m[1;34m	threadid 140456494991104 -> core 1 - OK[0m[1;34m
[0m[1;34m	threadid 140456486598400 -> core 2 - OK[0m[1;34m
[0m[1;34m	threadid 140456478205696 -> core 3 - OK[0m[1;34m
[0m[1;34m	threadid 140456469812992 -> core 4 - OK[0m[1;34m
[0m[1;34m	threadid 140456461420288 -> core 5 - OK[0m[1;34m
[0m[1;34m	threadid 140456453027584 -> core 6 - OK[0m[1;34m
[0m[1;34m	threadid 140456444634880 -> core 7 - OK[0m[1;34m
[0m[1;34m	threadid 140456436242176 -> core 8 - OK[0m[1;34m
[0m[1;34m	threadid 140456427849472 -> core 9 - OK[0m[1;34m
[0miterations: 8192
Total iterations: 6358310912 LUP
FLOP: 6
Total work: 38149865472 FLOP
performance: 2.645486 GLUP/s
Performance in GFLOP/s: 15.872914
size: 779689
time: 2.403457
diff(a-b): 96119341308033392651961589465355211601595202534586005645328976000518452602901306785988660660187744400012406282225561185889710781292162112183274377036698023631222925784039966810502851765748217953967172345576495529208458765976031948701518105755952619704107303825530325124211183518721003139827112779710464.000000
[1;34m[pthread wrapper] 
[0m[1;34m[pthread wrapper] MAIN -> 0
[0m[1;34m[pthread wrapper] PIN_MASK: [0m[1;34m0->1  [0m[1;34m1->2  [0m[1;34m2->3  [0m[1;34m3->4  [0m[1;34m4->5  [0m[1;34m5->6  [0m[1;34m6->7  [0m[1;34m7->8  [0m[1;34m8->9  [0m[1;34m
[pthread wrapper] SKIP MASK: 0x0
[0m[1;34m	threadid 140042646345472 -> core 1 - OK[0m[1;34m
[0m[1;34m	threadid 140042637952768 -> core 2 - OK[0m[1;34m
[0m[1;34m	threadid 140042629560064 -> core 3 - OK[0m[1;34m
[0m[1;34m	threadid 140042621167360 -> core 4 - OK[0m[1;34m
[0m[1;34m	threadid 140042612774656 -> core 5 - OK[0m[1;34m
[0m[1;34m	threadid 140042604381952 -> core 6 - OK[0m[1;34m
[0m[1;34m	threadid 140042595989248 -> core 7 - OK[0m[1;34m
[0m[1;34m	threadid 140042587596544 -> core 8 - OK[0m[1;34m
[0m[1;34m	threadid 140042579203840 -> core 9 - OK[0m[1;34m
[0miterations: 8192
Total iterations: 6358310912 LUP
FLOP: 6
Total work: 38149865472 FLOP
performance: 2.723006 GLUP/s
Performance in GFLOP/s: 16.338033
size: 779689
time: 2.335034
diff(a-b): 96119341308033392651961589465355211601595202534586005645328976000518452602901306785988660660187744400012406282225561185889710781292162112183274377036698023631222925784039966810502851765748217953967172345576495529208458765976031948701518105755952619704107303825530325124211183518721003139827112779710464.000000
[1;34m[pthread wrapper] 
[0m[1;34m[pthread wrapper] MAIN -> 0
[0m[1;34m[pthread wrapper] PIN_MASK: [0m[1;34m0->1  [0m[1;34m1->2  [0m[1;34m2->3  [0m[1;34m3->4  [0m[1;34m4->5  [0m[1;34m5->6  [0m[1;34m6->7  [0m[1;34m7->8  [0m[1;34m8->9  [0m[1;34m
[pthread wrapper] SKIP MASK: 0x0
[0m[1;34m	threadid 140513765807872 -> core 1 - OK[0m[1;34m
[0m[1;34m	threadid 140513757415168 -> core 2 - OK[0m[1;34m
[0m[1;34m	threadid 140513749022464 -> core 3 - OK[0m[1;34m
[0m[1;34m	threadid 140513740629760 -> core 4 - OK[0m[1;34m
[0m[1;34m	threadid 140513732237056 -> core 5 - OK[0m[1;34m
[0m[1;34m	threadid 140513723844352 -> core 6 - OK[0m[1;34m
[0m[1;34m	threadid 140513715451648 -> core 7 - OK[0m[1;34m
[0m[1;34m	threadid 140513707058944 -> core 8 - OK[0m[1;34m
[0m[1;34m	threadid 140513698666240 -> core 9 - OK[0m[1;34m
[0miterations: 8192
Total iterations: 6358310912 LUP
FLOP: 6
Total work: 38149865472 FLOP
performance: 2.625358 GLUP/s
Performance in GFLOP/s: 15.752150
size: 779689
time: 2.421883
diff(a-b): 96119341308033392651961589465355211601595202534586005645328976000518452602901306785988660660187744400012406282225561185889710781292162112183274377036698023631222925784039966810502851765748217953967172345576495529208458765976031948701518105755952619704107303825530325124211183518721003139827112779710464.000000
[1;34m[pthread wrapper] 
[0m[1;34m[pthread wrapper] MAIN -> 0
[0m[1;34m[pthread wrapper] PIN_MASK: [0m[1;34m0->1  [0m[1;34m1->2  [0m[1;34m2->3  [0m[1;34m3->4  [0m[1;34m4->5  [0m[1;34m5->6  [0m[1;34m6->7  [0m[1;34m7->8  [0m[1;34m8->9  [0m[1;34m
[pthread wrapper] SKIP MASK: 0x0
[0m[1;34m	threadid 139914014656256 -> core 1 - OK[0m[1;34m
[0m[1;34m	threadid 139914006263552 -> core 2 - OK[0m[1;34m
[0m[1;34m	threadid 139913997870848 -> core 3 - OK[0m[1;34m
[0m[1;34m	threadid 139913989478144 -> core 4 - OK[0m[1;34m
[0m[1;34m	threadid 139913981085440 -> core 5 - OK[0m[1;34m
[0m[1;34m	threadid 139913972692736 -> core 6 - OK[0m[1;34m
[0m[1;34m	threadid 139913964300032 -> core 7 - OK[0m[1;34m
[0m[1;34m	threadid 139913955907328 -> core 8 - OK[0m[1;34m
[0m[1;34m	threadid 139913947514624 -> core 9 - OK[0m[1;34m
[0miterations: 8192
Total iterations: 6358310912 LUP
FLOP: 6
Total work: 38149865472 FLOP
performance: 2.602743 GLUP/s
Performance in GFLOP/s: 15.616458
size: 779689
time: 2.442927
diff(a-b): 96119341308033392651961589465355211601595202534586005645328976000518452602901306785988660660187744400012406282225561185889710781292162112183274377036698023631222925784039966810502851765748217953967172345576495529208458765976031948701518105755952619704107303825530325124211183518721003139827112779710464.000000
[1;34m[pthread wrapper] 
[0m[1;34m[pthread wrapper] MAIN -> 0
[0m[1;34m[pthread wrapper] PIN_MASK: [0m[1;34m0->1  [0m[1;34m1->2  [0m[1;34m2->3  [0m[1;34m3->4  [0m[1;34m4->5  [0m[1;34m5->6  [0m[1;34m6->7  [0m[1;34m7->8  [0m[1;34m8->9  [0m[1;34m
[pthread wrapper] SKIP MASK: 0x0
[0m[1;34m	threadid 140167375664896 -> core 1 - OK[0m[1;34m
[0m[1;34m	threadid 140167367272192 -> core 2 - OK[0m[1;34m
[0m[1;34m	threadid 140167358879488 -> core 3 - OK[0m[1;34m
[0m[1;34m	threadid 140167350486784 -> core 4 - OK[0m[1;34m
[0m[1;34m	threadid 140167342094080 -> core 5 - OK[0m[1;34m
[0m[1;34m	threadid 140167333701376 -> core 6 - OK[0m[1;34m
[0m[1;34m	threadid 140167325308672 -> core 7 - OK[0m[1;34m
[0m[1;34m	threadid 140167316915968 -> core 8 - OK[0m[1;34m
[0m[1;34m	threadid 140167308523264 -> core 9 - OK[0m[1;34m
[0miterations: 8192
Total iterations: 6358310912 LUP
FLOP: 6
Total work: 38149865472 FLOP
performance: 2.583518 GLUP/s
Performance in GFLOP/s: 15.501106
size: 779689
time: 2.461106
diff(a-b): 96119341308033392651961589465355211601595202534586005645328976000518452602901306785988660660187744400012406282225561185889710781292162112183274377036698023631222925784039966810502851765748217953967172345576495529208458765976031948701518105755952619704107303825530325124211183518721003139827112779710464.000000
[1;34m[pthread wrapper] 
[0m[1;34m[pthread wrapper] MAIN -> 0
[0m[1;34m[pthread wrapper] PIN_MASK: [0m[1;34m0->1  [0m[1;34m1->2  [0m[1;34m2->3  [0m[1;34m3->4  [0m[1;34m4->5  [0m[1;34m5->6  [0m[1;34m6->7  [0m[1;34m7->8  [0m[1;34m8->9  [0m[1;34m
[pthread wrapper] SKIP MASK: 0x0
[0m[1;34m	threadid 139831190185728 -> core 1 - OK[0m[1;34m
[0m[1;34m	threadid 139831181793024 -> core 2 - OK[0m[1;34m
[0m[1;34m	threadid 139831173400320 -> core 3 - OK[0m[1;34m
[0m[1;34m	threadid 139831165007616 -> core 4 - OK[0m[1;34m
[0m[1;34m	threadid 139831156614912 -> core 5 - OK[0m[1;34m
[0m[1;34m	threadid 139831148222208 -> core 6 - OK[0m[1;34m
[0m[1;34m	threadid 139831139829504 -> core 7 - OK[0m[1;34m
[0m[1;34m	threadid 139831131436800 -> core 8 - OK[0m[1;34m
[0m[1;34m	threadid 139831123044096 -> core 9 - OK[0m[1;34m
[0miterations: 8192
Total iterations: 6358310912 LUP
FLOP: 6
Total work: 38149865472 FLOP
performance: 2.655945 GLUP/s
Performance in GFLOP/s: 15.935670
size: 779689
time: 2.393992
diff(a-b): 96119341308033392651961589465355211601595202534586005645328976000518452602901306785988660660187744400012406282225561185889710781292162112183274377036698023631222925784039966810502851765748217953967172345576495529208458765976031948701518105755952619704107303825530325124211183518721003139827112779710464.000000
[1;34m[pthread wrapper] 
[0m[1;34m[pthread wrapper] MAIN -> 0
[0m[1;34m[pthread wrapper] PIN_MASK: [0m[1;34m0->1  [0m[1;34m1->2  [0m[1;34m2->3  [0m[1;34m3->4  [0m[1;34m4->5  [0m[1;34m5->6  [0m[1;34m6->7  [0m[1;34m7->8  [0m[1;34m8->9  [0m[1;34m
[pthread wrapper] SKIP MASK: 0x0
[0m[1;34m	threadid 140454712944384 -> core 1 - OK[0m[1;34m
[0m[1;34m	threadid 140454704551680 -> core 2 - OK[0m[1;34m
[0m[1;34m	threadid 140454696158976 -> core 3 - OK[0m[1;34m
[0m[1;34m	threadid 140454687766272 -> core 4 - OK[0m[1;34m
[0m[1;34m	threadid 140454679373568 -> core 5 - OK[0m[1;34m
[0m[1;34m	threadid 140454670980864 -> core 6 - OK[0m[1;34m
[0m[1;34m	threadid 140454662588160 -> core 7 - OK[0m[1;34m
[0m[1;34m	threadid 140454654195456 -> core 8 - OK[0m[1;34m
[0m[1;34m	threadid 140454645802752 -> core 9 - OK[0m[1;34m
[0miterations: 8192
Total iterations: 6358310912 LUP
FLOP: 6
Total work: 38149865472 FLOP
performance: 2.549950 GLUP/s
Performance in GFLOP/s: 15.299701
size: 779689
time: 2.493504
diff(a-b): 96119341308033392651961589465355211601595202534586005645328976000518452602901306785988660660187744400012406282225561185889710781292162112183274377036698023631222925784039966810502851765748217953967172345576495529208458765976031948701518105755952619704107303825530325124211183518721003139827112779710464.000000
[1;34m[pthread wrapper] 
[0m[1;34m[pthread wrapper] MAIN -> 0
[0m[1;34m[pthread wrapper] PIN_MASK: [0m[1;34m0->1  [0m[1;34m1->2  [0m[1;34m2->3  [0m[1;34m3->4  [0m[1;34m4->5  [0m[1;34m5->6  [0m[1;34m6->7  [0m[1;34m7->8  [0m[1;34m8->9  [0m[1;34m
[pthread wrapper] SKIP MASK: 0x0
[0m[1;34m	threadid 139827666249472 -> core 1 - OK[0m[1;34m
[0m[1;34m	threadid 139827657856768 -> core 2 - OK[0m[1;34m
[0m[1;34m	threadid 139827649464064 -> core 3 - OK[0m[1;34m
[0m[1;34m	threadid 139827641071360 -> core 4 - OK[0m[1;34m
[0m[1;34m	threadid 139827632678656 -> core 5 - OK[0m[1;34m
[0m[1;34m	threadid 139827624285952 -> core 6 - OK[0m[1;34m
[0m[1;34m	threadid 139827615893248 -> core 7 - OK[0m[1;34m
[0m[1;34m	threadid 139827607500544 -> core 8 - OK[0m[1;34m
[0m[1;34m	threadid 139827599107840 -> core 9 - OK[0m[1;34m
[0miterations: 8192
Total iterations: 6358310912 LUP
FLOP: 6
Total work: 38149865472 FLOP
performance: 2.548074 GLUP/s
Performance in GFLOP/s: 15.288443
size: 779689
time: 2.495340
diff(a-b): 96119341308033392651961589465355211601595202534586005645328976000518452602901306785988660660187744400012406282225561185889710781292162112183274377036698023631222925784039966810502851765748217953967172345576495529208458765976031948701518105755952619704107303825530325124211183518721003139827112779710464.000000
