[1;34m[pthread wrapper] 
[0m[1;34m[pthread wrapper] MAIN -> 0
[0m[1;34m[pthread wrapper] PIN_MASK: [0m[1;34m0->1  [0m[1;34m
[pthread wrapper] SKIP MASK: 0x0
[0m[1;34m	threadid 139966926599936 -> core 1 - OK[0m[1;34m
[0miterations: 4096
Total iterations: 3179155456 LUP
FLOP: 6
Total work: 19074932736 FLOP
performance: 1.012567 GLUP/s
Performance in GFLOP/s: 6.075404
size: 779689
time: 3.139698
diff(a-b): 1189759638301370387535848191599532462996534014187208257479077904539072918783450216937940132107664371507874180231160507250105497666053057752789488448307200.000000
[1;34m[pthread wrapper] 
[0m[1;34m[pthread wrapper] MAIN -> 0
[0m[1;34m[pthread wrapper] PIN_MASK: [0m[1;34m0->1  [0m[1;34m
[pthread wrapper] SKIP MASK: 0x0
[0m[1;34m	threadid 140649245591296 -> core 1 - OK[0m[1;34m
[0miterations: 4096
Total iterations: 3179155456 LUP
FLOP: 6
Total work: 19074932736 FLOP
performance: 1.012542 GLUP/s
Performance in GFLOP/s: 6.075251
size: 779689
time: 3.139777
diff(a-b): 1189759638301370387535848191599532462996534014187208257479077904539072918783450216937940132107664371507874180231160507250105497666053057752789488448307200.000000
[1;34m[pthread wrapper] 
[0m[1;34m[pthread wrapper] MAIN -> 0
[0m[1;34m[pthread wrapper] PIN_MASK: [0m[1;34m0->1  [0m[1;34m
[pthread wrapper] SKIP MASK: 0x0
[0m[1;34m	threadid 140659710957312 -> core 1 - OK[0m[1;34m
[0miterations: 4096
Total iterations: 3179155456 LUP
FLOP: 6
Total work: 19074932736 FLOP
performance: 1.027115 GLUP/s
Performance in GFLOP/s: 6.162689
size: 779689
time: 3.095229
diff(a-b): 1189759638301370387535848191599532462996534014187208257479077904539072918783450216937940132107664371507874180231160507250105497666053057752789488448307200.000000
[1;34m[pthread wrapper] 
[0m[1;34m[pthread wrapper] MAIN -> 0
[0m[1;34m[pthread wrapper] PIN_MASK: [0m[1;34m0->1  [0m[1;34m
[pthread wrapper] SKIP MASK: 0x0
[0m[1;34m	threadid 140154736359168 -> core 1 - OK[0m[1;34m
[0miterations: 4096
Total iterations: 3179155456 LUP
FLOP: 6
Total work: 19074932736 FLOP
performance: 1.024566 GLUP/s
Performance in GFLOP/s: 6.147394
size: 779689
time: 3.102930
diff(a-b): 1189759638301370387535848191599532462996534014187208257479077904539072918783450216937940132107664371507874180231160507250105497666053057752789488448307200.000000
[1;34m[pthread wrapper] 
[0m[1;34m[pthread wrapper] MAIN -> 0
[0m[1;34m[pthread wrapper] PIN_MASK: [0m[1;34m0->1  [0m[1;34m
[pthread wrapper] SKIP MASK: 0x0
[0m[1;34m	threadid 139792479098624 -> core 1 - OK[0m[1;34m
[0miterations: 4096
Total iterations: 3179155456 LUP
FLOP: 6
Total work: 19074932736 FLOP
performance: 1.037983 GLUP/s
Performance in GFLOP/s: 6.227898
size: 779689
time: 3.062820
diff(a-b): 1189759638301370387535848191599532462996534014187208257479077904539072918783450216937940132107664371507874180231160507250105497666053057752789488448307200.000000
[1;34m[pthread wrapper] 
[0m[1;34m[pthread wrapper] MAIN -> 0
[0m[1;34m[pthread wrapper] PIN_MASK: [0m[1;34m0->1  [0m[1;34m
[pthread wrapper] SKIP MASK: 0x0
[0m[1;34m	threadid 140445458945792 -> core 1 - OK[0m[1;34m
[0miterations: 4096
Total iterations: 3179155456 LUP
FLOP: 6
Total work: 19074932736 FLOP
performance: 1.009175 GLUP/s
Performance in GFLOP/s: 6.055052
size: 779689
time: 3.150251
diff(a-b): 1189759638301370387535848191599532462996534014187208257479077904539072918783450216937940132107664371507874180231160507250105497666053057752789488448307200.000000
[1;34m[pthread wrapper] 
[0m[1;34m[pthread wrapper] MAIN -> 0
[0m[1;34m[pthread wrapper] PIN_MASK: [0m[1;34m0->1  [0m[1;34m
[pthread wrapper] SKIP MASK: 0x0
[0m[1;34m	threadid 139936270841600 -> core 1 - OK[0m[1;34m
[0miterations: 4096
Total iterations: 3179155456 LUP
FLOP: 6
Total work: 19074932736 FLOP
performance: 1.017342 GLUP/s
Performance in GFLOP/s: 6.104053
size: 779689
time: 3.124962
diff(a-b): 1189759638301370387535848191599532462996534014187208257479077904539072918783450216937940132107664371507874180231160507250105497666053057752789488448307200.000000
[1;34m[pthread wrapper] 
[0m[1;34m[pthread wrapper] MAIN -> 0
[0m[1;34m[pthread wrapper] PIN_MASK: [0m[1;34m0->1  [0m[1;34m
[pthread wrapper] SKIP MASK: 0x0
[0m[1;34m	threadid 139710274762496 -> core 1 - OK[0m[1;34m
[0miterations: 4096
Total iterations: 3179155456 LUP
FLOP: 6
Total work: 19074932736 FLOP
performance: 1.012136 GLUP/s
Performance in GFLOP/s: 6.072817
size: 779689
time: 3.141035
diff(a-b): 1189759638301370387535848191599532462996534014187208257479077904539072918783450216937940132107664371507874180231160507250105497666053057752789488448307200.000000
[1;34m[pthread wrapper] 
[0m[1;34m[pthread wrapper] MAIN -> 0
[0m[1;34m[pthread wrapper] PIN_MASK: [0m[1;34m0->1  [0m[1;34m
[pthread wrapper] SKIP MASK: 0x0
[0m[1;34m	threadid 140199773890304 -> core 1 - OK[0m[1;34m
[0miterations: 4096
Total iterations: 3179155456 LUP
FLOP: 6
Total work: 19074932736 FLOP
performance: 1.017024 GLUP/s
Performance in GFLOP/s: 6.102147
size: 779689
time: 3.125938
diff(a-b): 1189759638301370387535848191599532462996534014187208257479077904539072918783450216937940132107664371507874180231160507250105497666053057752789488448307200.000000
[1;34m[pthread wrapper] 
[0m[1;34m[pthread wrapper] MAIN -> 0
[0m[1;34m[pthread wrapper] PIN_MASK: [0m[1;34m0->1  [0m[1;34m
[pthread wrapper] SKIP MASK: 0x0
[0m[1;34m	threadid 140382089479936 -> core 1 - OK[0m[1;34m
[0miterations: 4096
Total iterations: 3179155456 LUP
FLOP: 6
Total work: 19074932736 FLOP
performance: 1.012018 GLUP/s
Performance in GFLOP/s: 6.072106
size: 779689
time: 3.141403
diff(a-b): 1189759638301370387535848191599532462996534014187208257479077904539072918783450216937940132107664371507874180231160507250105497666053057752789488448307200.000000
