[1;34m[pthread wrapper] 
[0m[1;34m[pthread wrapper] MAIN -> 0
[0m[1;34m[pthread wrapper] PIN_MASK: [0m[1;34m0->1  [0m[1;34m1->2  [0m[1;34m2->3  [0m[1;34m3->4  [0m[1;34m4->5  [0m[1;34m5->6  [0m[1;34m6->7  [0m[1;34m7->8  [0m[1;34m8->9  [0m[1;34m9->10  [0m[1;34m10->11  [0m[1;34m11->12  [0m[1;34m12->13  [0m[1;34m13->14  [0m[1;34m14->15  [0m[1;34m
[pthread wrapper] SKIP MASK: 0x0
[0m[1;34m	threadid 139636435740416 -> core 1 - OK[0m[1;34m
[0m[1;34m	threadid 139636427347712 -> core 2 - OK[0m[1;34m
[0m[1;34m	threadid 139636418955008 -> core 3 - OK[0m[1;34m
[0m[1;34m	threadid 139636410562304 -> core 4 - OK[0m[1;34m
[0m[1;34m	threadid 139636402169600 -> core 5 - OK[0m[1;34m
[0m[1;34m	threadid 139636393776896 -> core 6 - OK[0m[1;34m
[0m[1;34m	threadid 139636385384192 -> core 7 - OK[0m[1;34m
[0m[1;34m	threadid 139636376991488 -> core 8 - OK[0m[1;34m
[0m[1;34m	threadid 139636368598784 -> core 9 - OK[0m[1;34m
[0m[1;34m	threadid 139636360206080 -> core 10 - OK[0m[1;34m
[0m[1;34m	threadid 139636351813376 -> core 11 - OK[0m[1;34m
[0m[1;34m	threadid 139636343420672 -> core 12 - OK[0m[1;34m
[0m[1;34m	threadid 139636335027968 -> core 13 - OK[0m[1;34m
[0m[1;34m	threadid 139636326635264 -> core 14 - OK[0m[1;34m
[0m[1;34m	threadid 139636318242560 -> core 15 - OK[0m[1;34m
[0miterations: 4096
Total iterations: 3179155456 LUP
FLOP: 6
Total work: 19074932736 FLOP
performance: 1.485333 GLUP/s
Performance in GFLOP/s: 8.911999
size: 779689
time: 2.140365
diff(a-b): 1189759638301370387535848191599532462996534014187208257479077904539072918783450216937940132107664371507874180231160507250105497666053057752789488448307200.000000
[1;34m[pthread wrapper] 
[0m[1;34m[pthread wrapper] MAIN -> 0
[0m[1;34m[pthread wrapper] PIN_MASK: [0m[1;34m0->1  [0m[1;34m1->2  [0m[1;34m2->3  [0m[1;34m3->4  [0m[1;34m4->5  [0m[1;34m5->6  [0m[1;34m6->7  [0m[1;34m7->8  [0m[1;34m8->9  [0m[1;34m9->10  [0m[1;34m10->11  [0m[1;34m11->12  [0m[1;34m12->13  [0m[1;34m13->14  [0m[1;34m14->15  [0m[1;34m
[pthread wrapper] SKIP MASK: 0x0
[0m[1;34m	threadid 140338710583040 -> core 1 - OK[0m[1;34m
[0m[1;34m	threadid 140338702190336 -> core 2 - OK[0m[1;34m
[0m[1;34m	threadid 140338693797632 -> core 3 - OK[0m[1;34m
[0m[1;34m	threadid 140338685404928 -> core 4 - OK[0m[1;34m
[0m[1;34m	threadid 140338677012224 -> core 5 - OK[0m[1;34m
[0m[1;34m	threadid 140338668619520 -> core 6 - OK[0m[1;34m
[0m[1;34m	threadid 140338660226816 -> core 7 - OK[0m[1;34m
[0m[1;34m	threadid 140338651834112 -> core 8 - OK[0m[1;34m
[0m[1;34m	threadid 140338643441408 -> core 9 - OK[0m[1;34m
[0m[1;34m	threadid 140338635048704 -> core 10 - OK[0m[1;34m
[0m[1;34m	threadid 140338626656000 -> core 11 - OK[0m[1;34m
[0m[1;34m	threadid 140338618263296 -> core 12 - OK[0m[1;34m
[0m[1;34m	threadid 140338609870592 -> core 13 - OK[0m[1;34m
[0m[1;34m	threadid 140338601477888 -> core 14 - OK[0m[1;34m
[0m[1;34m	threadid 140338593085184 -> core 15 - OK[0m[1;34m
[0miterations: 4096
Total iterations: 3179155456 LUP
FLOP: 6
Total work: 19074932736 FLOP
performance: 1.566387 GLUP/s
Performance in GFLOP/s: 9.398319
size: 779689
time: 2.029611
diff(a-b): 1189759638301370387535848191599532462996534014187208257479077904539072918783450216937940132107664371507874180231160507250105497666053057752789488448307200.000000
[1;34m[pthread wrapper] 
[0m[1;34m[pthread wrapper] MAIN -> 0
[0m[1;34m[pthread wrapper] PIN_MASK: [0m[1;34m0->1  [0m[1;34m1->2  [0m[1;34m2->3  [0m[1;34m3->4  [0m[1;34m4->5  [0m[1;34m5->6  [0m[1;34m6->7  [0m[1;34m7->8  [0m[1;34m8->9  [0m[1;34m9->10  [0m[1;34m10->11  [0m[1;34m11->12  [0m[1;34m12->13  [0m[1;34m13->14  [0m[1;34m14->15  [0m[1;34m
[pthread wrapper] SKIP MASK: 0x0
[0m[1;34m	threadid 140342579644160 -> core 1 - OK[0m[1;34m
[0m[1;34m	threadid 140342571251456 -> core 2 - OK[0m[1;34m
[0m[1;34m	threadid 140342562858752 -> core 3 - OK[0m[1;34m
[0m[1;34m	threadid 140342554466048 -> core 4 - OK[0m[1;34m
[0m[1;34m	threadid 140342546073344 -> core 5 - OK[0m[1;34m
[0m[1;34m	threadid 140342537680640 -> core 6 - OK[0m[1;34m
[0m[1;34m	threadid 140342529287936 -> core 7 - OK[0m[1;34m
[0m[1;34m	threadid 140342520895232 -> core 8 - OK[0m[1;34m
[0m[1;34m	threadid 140342512502528 -> core 9 - OK[0m[1;34m
[0m[1;34m	threadid 140342504109824 -> core 10 - OK[0m[1;34m
[0m[1;34m	threadid 140342495717120 -> core 11 - OK[0m[1;34m
[0m[1;34m	threadid 140342487324416 -> core 12 - OK[0m[1;34m
[0m[1;34m	threadid 140342478931712 -> core 13 - OK[0m[1;34m
[0m[1;34m	threadid 140342470539008 -> core 14 - OK[0m[1;34m
[0m[1;34m	threadid 140342462146304 -> core 15 - OK[0m[1;34m
[0miterations: 4096
Total iterations: 3179155456 LUP
FLOP: 6
Total work: 19074932736 FLOP
performance: 1.517676 GLUP/s
Performance in GFLOP/s: 9.106053
size: 779689
time: 2.094753
diff(a-b): 1189759638301370387535848191599532462996534014187208257479077904539072918783450216937940132107664371507874180231160507250105497666053057752789488448307200.000000
[1;34m[pthread wrapper] 
[0m[1;34m[pthread wrapper] MAIN -> 0
[0m[1;34m[pthread wrapper] PIN_MASK: [0m[1;34m0->1  [0m[1;34m1->2  [0m[1;34m2->3  [0m[1;34m3->4  [0m[1;34m4->5  [0m[1;34m5->6  [0m[1;34m6->7  [0m[1;34m7->8  [0m[1;34m8->9  [0m[1;34m9->10  [0m[1;34m10->11  [0m[1;34m11->12  [0m[1;34m12->13  [0m[1;34m13->14  [0m[1;34m14->15  [0m[1;34m
[pthread wrapper] SKIP MASK: 0x0
[0m[1;34m	threadid 140171750647552 -> core 1 - OK[0m[1;34m
[0m[1;34m	threadid 140171742254848 -> core 2 - OK[0m[1;34m
[0m[1;34m	threadid 140171733862144 -> core 3 - OK[0m[1;34m
[0m[1;34m	threadid 140171725469440 -> core 4 - OK[0m[1;34m
[0m[1;34m	threadid 140171717076736 -> core 5 - OK[0m[1;34m
[0m[1;34m	threadid 140171708684032 -> core 6 - OK[0m[1;34m
[0m[1;34m	threadid 140171700291328 -> core 7 - OK[0m[1;34m
[0m[1;34m	threadid 140171691898624 -> core 8 - OK[0m[1;34m
[0m[1;34m	threadid 140171683505920 -> core 9 - OK[0m[1;34m
[0m[1;34m	threadid 140171675113216 -> core 10 - OK[0m[1;34m
[0m[1;34m	threadid 140171666720512 -> core 11 - OK[0m[1;34m
[0m[1;34m	threadid 140171658327808 -> core 12 - OK[0m[1;34m
[0m[1;34m	threadid 140171649935104 -> core 13 - OK[0m[1;34m
[0m[1;34m	threadid 140171641542400 -> core 14 - OK[0m[1;34m
[0m[1;34m	threadid 140171633149696 -> core 15 - OK[0m[1;34m
[0miterations: 8192
Total iterations: 6358310912 LUP
FLOP: 6
Total work: 38149865472 FLOP
performance: 1.729236 GLUP/s
Performance in GFLOP/s: 10.375413
size: 779689
time: 3.676949
diff(a-b): 96119341308033392651961589465355211601595202534586005645328976000518452602901306785988660660187744400012406282225561185889710781292162112183274377036698023631222925784039966810502851765748217953967172345576495529208458765976031948701518105755952619704107303825530325124211183518721003139827112779710464.000000
[1;34m[pthread wrapper] 
[0m[1;34m[pthread wrapper] MAIN -> 0
[0m[1;34m[pthread wrapper] PIN_MASK: [0m[1;34m0->1  [0m[1;34m1->2  [0m[1;34m2->3  [0m[1;34m3->4  [0m[1;34m4->5  [0m[1;34m5->6  [0m[1;34m6->7  [0m[1;34m7->8  [0m[1;34m8->9  [0m[1;34m9->10  [0m[1;34m10->11  [0m[1;34m11->12  [0m[1;34m12->13  [0m[1;34m13->14  [0m[1;34m14->15  [0m[1;34m
[pthread wrapper] SKIP MASK: 0x0
[0m[1;34m	threadid 140535844808448 -> core 1 - OK[0m[1;34m
[0m[1;34m	threadid 140535836415744 -> core 2 - OK[0m[1;34m
[0m[1;34m	threadid 140535828023040 -> core 3 - OK[0m[1;34m
[0m[1;34m	threadid 140535819630336 -> core 4 - OK[0m[1;34m
[0m[1;34m	threadid 140535811237632 -> core 5 - OK[0m[1;34m
[0m[1;34m	threadid 140535802844928 -> core 6 - OK[0m[1;34m
[0m[1;34m	threadid 140535794452224 -> core 7 - OK[0m[1;34m
[0m[1;34m	threadid 140535786059520 -> core 8 - OK[0m[1;34m
[0m[1;34m	threadid 140535777666816 -> core 9 - OK[0m[1;34m
[0m[1;34m	threadid 140535769274112 -> core 10 - OK[0m[1;34m
[0m[1;34m	threadid 140535760881408 -> core 11 - OK[0m[1;34m
[0m[1;34m	threadid 140535752488704 -> core 12 - OK[0m[1;34m
[0m[1;34m	threadid 140535744096000 -> core 13 - OK[0m[1;34m
[0m[1;34m	threadid 140535735703296 -> core 14 - OK[0m[1;34m
[0m[1;34m	threadid 140535727310592 -> core 15 - OK[0m[1;34m
[0miterations: 8192
Total iterations: 6358310912 LUP
FLOP: 6
Total work: 38149865472 FLOP
performance: 1.653362 GLUP/s
Performance in GFLOP/s: 9.920169
size: 779689
time: 3.845687
diff(a-b): 96119341308033392651961589465355211601595202534586005645328976000518452602901306785988660660187744400012406282225561185889710781292162112183274377036698023631222925784039966810502851765748217953967172345576495529208458765976031948701518105755952619704107303825530325124211183518721003139827112779710464.000000
[1;34m[pthread wrapper] 
[0m[1;34m[pthread wrapper] MAIN -> 0
[0m[1;34m[pthread wrapper] PIN_MASK: [0m[1;34m0->1  [0m[1;34m1->2  [0m[1;34m2->3  [0m[1;34m3->4  [0m[1;34m4->5  [0m[1;34m5->6  [0m[1;34m6->7  [0m[1;34m7->8  [0m[1;34m8->9  [0m[1;34m9->10  [0m[1;34m10->11  [0m[1;34m11->12  [0m[1;34m12->13  [0m[1;34m13->14  [0m[1;34m14->15  [0m[1;34m
[pthread wrapper] SKIP MASK: 0x0
[0m[1;34m	threadid 140688248428288 -> core 1 - OK[0m[1;34m
[0m[1;34m	threadid 140688240035584 -> core 2 - OK[0m[1;34m
[0m[1;34m	threadid 140688231642880 -> core 3 - OK[0m[1;34m
[0m[1;34m	threadid 140688223250176 -> core 4 - OK[0m[1;34m
[0m[1;34m	threadid 140688214857472 -> core 5 - OK[0m[1;34m
[0m[1;34m	threadid 140688206464768 -> core 6 - OK[0m[1;34m
[0m[1;34m	threadid 140688198072064 -> core 7 - OK[0m[1;34m
[0m[1;34m	threadid 140688189679360 -> core 8 - OK[0m[1;34m
[0m[1;34m	threadid 140688181286656 -> core 9 - OK[0m[1;34m
[0m[1;34m	threadid 140688172893952 -> core 10 - OK[0m[1;34m
[0m[1;34m	threadid 140688164501248 -> core 11 - OK[0m[1;34m
[0m[1;34m	threadid 140688156108544 -> core 12 - OK[0m[1;34m
[0m[1;34m	threadid 140688147715840 -> core 13 - OK[0m[1;34m
[0m[1;34m	threadid 140688139323136 -> core 14 - OK[0m[1;34m
[0m[1;34m	threadid 140688130930432 -> core 15 - OK[0m[1;34m
[0miterations: 4096
Total iterations: 3179155456 LUP
FLOP: 6
Total work: 19074932736 FLOP
performance: 1.504719 GLUP/s
Performance in GFLOP/s: 9.028314
size: 779689
time: 2.112790
diff(a-b): 1189759638301370387535848191599532462996534014187208257479077904539072918783450216937940132107664371507874180231160507250105497666053057752789488448307200.000000
[1;34m[pthread wrapper] 
[0m[1;34m[pthread wrapper] MAIN -> 0
[0m[1;34m[pthread wrapper] PIN_MASK: [0m[1;34m0->1  [0m[1;34m1->2  [0m[1;34m2->3  [0m[1;34m3->4  [0m[1;34m4->5  [0m[1;34m5->6  [0m[1;34m6->7  [0m[1;34m7->8  [0m[1;34m8->9  [0m[1;34m9->10  [0m[1;34m10->11  [0m[1;34m11->12  [0m[1;34m12->13  [0m[1;34m13->14  [0m[1;34m14->15  [0m[1;34m
[pthread wrapper] SKIP MASK: 0x0
[0m[1;34m	threadid 140508895659776 -> core 1 - OK[0m[1;34m
[0m[1;34m	threadid 140508887267072 -> core 2 - OK[0m[1;34m
[0m[1;34m	threadid 140508878874368 -> core 3 - OK[0m[1;34m
[0m[1;34m	threadid 140508870481664 -> core 4 - OK[0m[1;34m
[0m[1;34m	threadid 140508862088960 -> core 5 - OK[0m[1;34m
[0m[1;34m	threadid 140508853696256 -> core 6 - OK[0m[1;34m
[0m[1;34m	threadid 140508845303552 -> core 7 - OK[0m[1;34m
[0m[1;34m	threadid 140508836910848 -> core 8 - OK[0m[1;34m
[0m[1;34m	threadid 140508828518144 -> core 9 - OK[0m[1;34m
[0m[1;34m	threadid 140508820125440 -> core 10 - OK[0m[1;34m
[0m[1;34m	threadid 140508811732736 -> core 11 - OK[0m[1;34m
[0m[1;34m	threadid 140508803340032 -> core 12 - OK[0m[1;34m
[0m[1;34m	threadid 140508794947328 -> core 13 - OK[0m[1;34m
[0m[1;34m	threadid 140508786554624 -> core 14 - OK[0m[1;34m
[0m[1;34m	threadid 140508778161920 -> core 15 - OK[0m[1;34m
[0miterations: 4096
Total iterations: 3179155456 LUP
FLOP: 6
Total work: 19074932736 FLOP
performance: 1.379865 GLUP/s
Performance in GFLOP/s: 8.279191
size: 779689
time: 2.303961
diff(a-b): 1189759638301370387535848191599532462996534014187208257479077904539072918783450216937940132107664371507874180231160507250105497666053057752789488448307200.000000
[1;34m[pthread wrapper] 
[0m[1;34m[pthread wrapper] MAIN -> 0
[0m[1;34m[pthread wrapper] PIN_MASK: [0m[1;34m0->1  [0m[1;34m1->2  [0m[1;34m2->3  [0m[1;34m3->4  [0m[1;34m4->5  [0m[1;34m5->6  [0m[1;34m6->7  [0m[1;34m7->8  [0m[1;34m8->9  [0m[1;34m9->10  [0m[1;34m10->11  [0m[1;34m11->12  [0m[1;34m12->13  [0m[1;34m13->14  [0m[1;34m14->15  [0m[1;34m
[pthread wrapper] SKIP MASK: 0x0
[0m[1;34m	threadid 140599484544768 -> core 1 - OK[0m[1;34m
[0m[1;34m	threadid 140599476152064 -> core 2 - OK[0m[1;34m
[0m[1;34m	threadid 140599467759360 -> core 3 - OK[0m[1;34m
[0m[1;34m	threadid 140599459366656 -> core 4 - OK[0m[1;34m
[0m[1;34m	threadid 140599450973952 -> core 5 - OK[0m[1;34m
[0m[1;34m	threadid 140599442581248 -> core 6 - OK[0m[1;34m
[0m[1;34m	threadid 140599434188544 -> core 7 - OK[0m[1;34m
[0m[1;34m	threadid 140599425795840 -> core 8 - OK[0m[1;34m
[0m[1;34m	threadid 140599417403136 -> core 9 - OK[0m[1;34m
[0m[1;34m	threadid 140599409010432 -> core 10 - OK[0m[1;34m
[0m[1;34m	threadid 140599400617728 -> core 11 - OK[0m[1;34m
[0m[1;34m	threadid 140599392225024 -> core 12 - OK[0m[1;34m
[0m[1;34m	threadid 140599383832320 -> core 13 - OK[0m[1;34m
[0m[1;34m	threadid 140599375439616 -> core 14 - OK[0m[1;34m
[0m[1;34m	threadid 140599367046912 -> core 15 - OK[0m[1;34m
[0miterations: 8192
Total iterations: 6358310912 LUP
FLOP: 6
Total work: 38149865472 FLOP
performance: 1.728272 GLUP/s
Performance in GFLOP/s: 10.369635
size: 779689
time: 3.678998
diff(a-b): 96119341308033392651961589465355211601595202534586005645328976000518452602901306785988660660187744400012406282225561185889710781292162112183274377036698023631222925784039966810502851765748217953967172345576495529208458765976031948701518105755952619704107303825530325124211183518721003139827112779710464.000000
[1;34m[pthread wrapper] 
[0m[1;34m[pthread wrapper] MAIN -> 0
[0m[1;34m[pthread wrapper] PIN_MASK: [0m[1;34m0->1  [0m[1;34m1->2  [0m[1;34m2->3  [0m[1;34m3->4  [0m[1;34m4->5  [0m[1;34m5->6  [0m[1;34m6->7  [0m[1;34m7->8  [0m[1;34m8->9  [0m[1;34m9->10  [0m[1;34m10->11  [0m[1;34m11->12  [0m[1;34m12->13  [0m[1;34m13->14  [0m[1;34m14->15  [0m[1;34m
[pthread wrapper] SKIP MASK: 0x0
[0m[1;34m	threadid 139749514209024 -> core 1 - OK[0m[1;34m
[0m[1;34m	threadid 139749505816320 -> core 2 - OK[0m[1;34m
[0m[1;34m	threadid 139749497423616 -> core 3 - OK[0m[1;34m
[0m[1;34m	threadid 139749489030912 -> core 4 - OK[0m[1;34m
[0m[1;34m	threadid 139749480638208 -> core 5 - OK[0m[1;34m
[0m[1;34m	threadid 139749472245504 -> core 6 - OK[0m[1;34m
[0m[1;34m	threadid 139749463852800 -> core 7 - OK[0m[1;34m
[0m[1;34m	threadid 139749455460096 -> core 8 - OK[0m[1;34m
[0m[1;34m	threadid 139749447067392 -> core 9 - OK[0m[1;34m
[0m[1;34m	threadid 139749438674688 -> core 10 - OK[0m[1;34m
[0m[1;34m	threadid 139749430281984 -> core 11 - OK[0m[1;34m
[0m[1;34m	threadid 139749421889280 -> core 12 - OK[0m[1;34m
[0m[1;34m	threadid 139749413496576 -> core 13 - OK[0m[1;34m
[0m[1;34m	threadid 139749405103872 -> core 14 - OK[0m[1;34m
[0m[1;34m	threadid 139749396711168 -> core 15 - OK[0m[1;34m
[0miterations: 4096
Total iterations: 3179155456 LUP
FLOP: 6
Total work: 19074932736 FLOP
performance: 1.477172 GLUP/s
Performance in GFLOP/s: 8.863034
size: 779689
time: 2.152190
diff(a-b): 1189759638301370387535848191599532462996534014187208257479077904539072918783450216937940132107664371507874180231160507250105497666053057752789488448307200.000000
[1;34m[pthread wrapper] 
[0m[1;34m[pthread wrapper] MAIN -> 0
[0m[1;34m[pthread wrapper] PIN_MASK: [0m[1;34m0->1  [0m[1;34m1->2  [0m[1;34m2->3  [0m[1;34m3->4  [0m[1;34m4->5  [0m[1;34m5->6  [0m[1;34m6->7  [0m[1;34m7->8  [0m[1;34m8->9  [0m[1;34m9->10  [0m[1;34m10->11  [0m[1;34m11->12  [0m[1;34m12->13  [0m[1;34m13->14  [0m[1;34m14->15  [0m[1;34m
[pthread wrapper] SKIP MASK: 0x0
[0m[1;34m	threadid 139794539489024 -> core 1 - OK[0m[1;34m
[0m[1;34m	threadid 139794531096320 -> core 2 - OK[0m[1;34m
[0m[1;34m	threadid 139794522703616 -> core 3 - OK[0m[1;34m
[0m[1;34m	threadid 139794514310912 -> core 4 - OK[0m[1;34m
[0m[1;34m	threadid 139794505918208 -> core 5 - OK[0m[1;34m
[0m[1;34m	threadid 139794497525504 -> core 6 - OK[0m[1;34m
[0m[1;34m	threadid 139794489132800 -> core 7 - OK[0m[1;34m
[0m[1;34m	threadid 139794480740096 -> core 8 - OK[0m[1;34m
[0m[1;34m	threadid 139794472347392 -> core 9 - OK[0m[1;34m
[0m[1;34m	threadid 139794463954688 -> core 10 - OK[0m[1;34m
[0m[1;34m	threadid 139794455561984 -> core 11 - OK[0m[1;34m
[0m[1;34m	threadid 139794447169280 -> core 12 - OK[0m[1;34m
[0m[1;34m	threadid 139794438776576 -> core 13 - OK[0m[1;34m
[0m[1;34m	threadid 139794430383872 -> core 14 - OK[0m[1;34m
[0m[1;34m	threadid 139794421991168 -> core 15 - OK[0m[1;34m
[0miterations: 4096
Total iterations: 3179155456 LUP
FLOP: 6
Total work: 19074932736 FLOP
performance: 1.587577 GLUP/s
Performance in GFLOP/s: 9.525459
size: 779689
time: 2.002521
diff(a-b): 1189759638301370387535848191599532462996534014187208257479077904539072918783450216937940132107664371507874180231160507250105497666053057752789488448307200.000000
