[1;34m[pthread wrapper] 
[0m[1;34m[pthread wrapper] MAIN -> 0
[0m[1;34m[pthread wrapper] PIN_MASK: [0m[1;34m0->1  [0m[1;34m1->2  [0m[1;34m2->3  [0m[1;34m3->4  [0m[1;34m4->5  [0m[1;34m5->6  [0m[1;34m6->7  [0m[1;34m7->8  [0m[1;34m8->9  [0m[1;34m9->10  [0m[1;34m10->11  [0m[1;34m11->12  [0m[1;34m12->13  [0m[1;34m13->14  [0m[1;34m14->15  [0m[1;34m15->16  [0m[1;34m16->17  [0m[1;34m17->18  [0m[1;34m18->19  [0m[1;34m
[pthread wrapper] SKIP MASK: 0x0
[0m[1;34m	threadid 140698709190400 -> core 1 - OK[0m[1;34m
[0m[1;34m	threadid 140698700797696 -> core 2 - OK[0m[1;34m
[0m[1;34m	threadid 140698692404992 -> core 3 - OK[0m[1;34m
[0m[1;34m	threadid 140698684012288 -> core 4 - OK[0m[1;34m
[0m[1;34m	threadid 140698675619584 -> core 5 - OK[0m[1;34m
[0m[1;34m	threadid 140698667226880 -> core 6 - OK[0m[1;34m
[0m[1;34m	threadid 140698658834176 -> core 7 - OK[0m[1;34m
[0m[1;34m	threadid 140698650441472 -> core 8 - OK[0m[1;34m
[0m[1;34m	threadid 140698642048768 -> core 9 - OK[0m[1;34m
[0m[1;34m	threadid 140698633656064 -> core 10 - OK[0m[1;34m
[0m[1;34m	threadid 140698625263360 -> core 11 - OK[0m[1;34m
[0m[1;34m	threadid 140698616870656 -> core 12 - OK[0m[1;34m
[0m[1;34m	threadid 140698608477952 -> core 13 - OK[0m[1;34m
[0m[1;34m	threadid 140698600085248 -> core 14 - OK[0m[1;34m
[0m[1;34m	threadid 140698591692544 -> core 15 - OK[0m[1;34m
[0m[1;34m	threadid 140698583299840 -> core 16 - OK[0m[1;34m
[0m[1;34m	threadid 140698574907136 -> core 17 - OK[0m[1;34m
[0m[1;34m	threadid 140698566514432 -> core 18 - OK[0m[1;34m
[0m[1;34m	threadid 140698558121728 -> core 19 - OK[0m[1;34m
[0miterations: 8192
Total iterations: 6358310912 LUP
FLOP: 6
Total work: 38149865472 FLOP
performance: 1.748960 GLUP/s
Performance in GFLOP/s: 10.493760
size: 779689
time: 3.635481
diff(a-b): 96119341308033392651961589465355211601595202534586005645328976000518452602901306785988660660187744400012406282225561185889710781292162112183274377036698023631222925784039966810502851765748217953967172345576495529208458765976031948701518105755952619704107303825530325124211183518721003139827112779710464.000000
[1;34m[pthread wrapper] 
[0m[1;34m[pthread wrapper] MAIN -> 0
[0m[1;34m[pthread wrapper] PIN_MASK: [0m[1;34m0->1  [0m[1;34m1->2  [0m[1;34m2->3  [0m[1;34m3->4  [0m[1;34m4->5  [0m[1;34m5->6  [0m[1;34m6->7  [0m[1;34m7->8  [0m[1;34m8->9  [0m[1;34m9->10  [0m[1;34m10->11  [0m[1;34m11->12  [0m[1;34m12->13  [0m[1;34m13->14  [0m[1;34m14->15  [0m[1;34m15->16  [0m[1;34m16->17  [0m[1;34m17->18  [0m[1;34m18->19  [0m[1;34m
[pthread wrapper] SKIP MASK: 0x0
[0m[1;34m	threadid 140490785322752 -> core 1 - OK[0m[1;34m
[0m[1;34m	threadid 140490776930048 -> core 2 - OK[0m[1;34m
[0m[1;34m	threadid 140490768537344 -> core 3 - OK[0m[1;34m
[0m[1;34m	threadid 140490760144640 -> core 4 - OK[0m[1;34m
[0m[1;34m	threadid 140490751751936 -> core 5 - OK[0m[1;34m
[0m[1;34m	threadid 140490743359232 -> core 6 - OK[0m[1;34m
[0m[1;34m	threadid 140490734966528 -> core 7 - OK[0m[1;34m
[0m[1;34m	threadid 140490726573824 -> core 8 - OK[0m[1;34m
[0m[1;34m	threadid 140490718181120 -> core 9 - OK[0m[1;34m
[0m[1;34m	threadid 140490709788416 -> core 10 - OK[0m[1;34m
[0m[1;34m	threadid 140490701395712 -> core 11 - OK[0m[1;34m
[0m[1;34m	threadid 140490693003008 -> core 12 - OK[0m[1;34m
[0m[1;34m	threadid 140490684610304 -> core 13 - OK[0m[1;34m
[0m[1;34m	threadid 140490676217600 -> core 14 - OK[0m[1;34m
[0m[1;34m	threadid 140490667824896 -> core 15 - OK[0m[1;34m
[0m[1;34m	threadid 140490659432192 -> core 16 - OK[0m[1;34m
[0m[1;34m	threadid 140490651039488 -> core 17 - OK[0m[1;34m
[0m[1;34m	threadid 140490642646784 -> core 18 - OK[0m[1;34m
[0m[1;34m	threadid 140490634254080 -> core 19 - OK[0m[1;34m
[0miterations: 8192
Total iterations: 6358310912 LUP
FLOP: 6
Total work: 38149865472 FLOP
performance: 1.744412 GLUP/s
Performance in GFLOP/s: 10.466470
size: 779689
time: 3.644960
diff(a-b): 96119341308033392651961589465355211601595202534586005645328976000518452602901306785988660660187744400012406282225561185889710781292162112183274377036698023631222925784039966810502851765748217953967172345576495529208458765976031948701518105755952619704107303825530325124211183518721003139827112779710464.000000
[1;34m[pthread wrapper] 
[0m[1;34m[pthread wrapper] MAIN -> 0
[0m[1;34m[pthread wrapper] PIN_MASK: [0m[1;34m0->1  [0m[1;34m1->2  [0m[1;34m2->3  [0m[1;34m3->4  [0m[1;34m4->5  [0m[1;34m5->6  [0m[1;34m6->7  [0m[1;34m7->8  [0m[1;34m8->9  [0m[1;34m9->10  [0m[1;34m10->11  [0m[1;34m11->12  [0m[1;34m12->13  [0m[1;34m13->14  [0m[1;34m14->15  [0m[1;34m15->16  [0m[1;34m16->17  [0m[1;34m17->18  [0m[1;34m18->19  [0m[1;34m
[pthread wrapper] SKIP MASK: 0x0
[0m[1;34m	threadid 140257191491328 -> core 1 - OK[0m[1;34m
[0m[1;34m	threadid 140257183098624 -> core 2 - OK[0m[1;34m
[0m[1;34m	threadid 140257174705920 -> core 3 - OK[0m[1;34m
[0m[1;34m	threadid 140257166313216 -> core 4 - OK[0m[1;34m
[0m[1;34m	threadid 140257157920512 -> core 5 - OK[0m[1;34m
[0m[1;34m	threadid 140257149527808 -> core 6 - OK[0m[1;34m
[0m[1;34m	threadid 140257141135104 -> core 7 - OK[0m[1;34m
[0m[1;34m	threadid 140257132742400 -> core 8 - OK[0m[1;34m
[0m[1;34m	threadid 140257124349696 -> core 9 - OK[0m[1;34m
[0m[1;34m	threadid 140257115956992 -> core 10 - OK[0m[1;34m
[0m[1;34m	threadid 140257107564288 -> core 11 - OK[0m[1;34m
[0m[1;34m	threadid 140257099171584 -> core 12 - OK[0m[1;34m
[0m[1;34m	threadid 140257090778880 -> core 13 - OK[0m[1;34m
[0m[1;34m	threadid 140257082386176 -> core 14 - OK[0m[1;34m
[0m[1;34m	threadid 140257073993472 -> core 15 - OK[0m[1;34m
[0m[1;34m	threadid 140257065600768 -> core 16 - OK[0m[1;34m
[0m[1;34m	threadid 140257057208064 -> core 17 - OK[0m[1;34m
[0m[1;34m	threadid 140257048815360 -> core 18 - OK[0m[1;34m
[0m[1;34m	threadid 140257040422656 -> core 19 - OK[0m[1;34m
[0miterations: 8192
Total iterations: 6358310912 LUP
FLOP: 6
Total work: 38149865472 FLOP
performance: 1.755219 GLUP/s
Performance in GFLOP/s: 10.531311
size: 779689
time: 3.622518
diff(a-b): 96119341308033392651961589465355211601595202534586005645328976000518452602901306785988660660187744400012406282225561185889710781292162112183274377036698023631222925784039966810502851765748217953967172345576495529208458765976031948701518105755952619704107303825530325124211183518721003139827112779710464.000000
[1;34m[pthread wrapper] 
[0m[1;34m[pthread wrapper] MAIN -> 0
[0m[1;34m[pthread wrapper] PIN_MASK: [0m[1;34m0->1  [0m[1;34m1->2  [0m[1;34m2->3  [0m[1;34m3->4  [0m[1;34m4->5  [0m[1;34m5->6  [0m[1;34m6->7  [0m[1;34m7->8  [0m[1;34m8->9  [0m[1;34m9->10  [0m[1;34m10->11  [0m[1;34m11->12  [0m[1;34m12->13  [0m[1;34m13->14  [0m[1;34m14->15  [0m[1;34m15->16  [0m[1;34m16->17  [0m[1;34m17->18  [0m[1;34m18->19  [0m[1;34m
[pthread wrapper] SKIP MASK: 0x0
[0m[1;34m	threadid 140445504644864 -> core 1 - OK[0m[1;34m
[0m[1;34m	threadid 140445496252160 -> core 2 - OK[0m[1;34m
[0m[1;34m	threadid 140445487859456 -> core 3 - OK[0m[1;34m
[0m[1;34m	threadid 140445479466752 -> core 4 - OK[0m[1;34m
[0m[1;34m	threadid 140445471074048 -> core 5 - OK[0m[1;34m
[0m[1;34m	threadid 140445462681344 -> core 6 - OK[0m[1;34m
[0m[1;34m	threadid 140445454288640 -> core 7 - OK[0m[1;34m
[0m[1;34m	threadid 140445445895936 -> core 8 - OK[0m[1;34m
[0m[1;34m	threadid 140445437503232 -> core 9 - OK[0m[1;34m
[0m[1;34m	threadid 140445429110528 -> core 10 - OK[0m[1;34m
[0m[1;34m	threadid 140445420717824 -> core 11 - OK[0m[1;34m
[0m[1;34m	threadid 140445412325120 -> core 12 - OK[0m[1;34m
[0m[1;34m	threadid 140445403932416 -> core 13 - OK[0m[1;34m
[0m[1;34m	threadid 140445395539712 -> core 14 - OK[0m[1;34m
[0m[1;34m	threadid 140445387147008 -> core 15 - OK[0m[1;34m
[0m[1;34m	threadid 140445378754304 -> core 16 - OK[0m[1;34m
[0m[1;34m	threadid 140445370361600 -> core 17 - OK[0m[1;34m
[0m[1;34m	threadid 140445361968896 -> core 18 - OK[0m[1;34m
[0m[1;34m	threadid 140445353576192 -> core 19 - OK[0m[1;34m
[0miterations: 8192
Total iterations: 6358310912 LUP
FLOP: 6
Total work: 38149865472 FLOP
performance: 1.718764 GLUP/s
Performance in GFLOP/s: 10.312584
size: 779689
time: 3.699351
diff(a-b): 96119341308033392651961589465355211601595202534586005645328976000518452602901306785988660660187744400012406282225561185889710781292162112183274377036698023631222925784039966810502851765748217953967172345576495529208458765976031948701518105755952619704107303825530325124211183518721003139827112779710464.000000
[1;34m[pthread wrapper] 
[0m[1;34m[pthread wrapper] MAIN -> 0
[0m[1;34m[pthread wrapper] PIN_MASK: [0m[1;34m0->1  [0m[1;34m1->2  [0m[1;34m2->3  [0m[1;34m3->4  [0m[1;34m4->5  [0m[1;34m5->6  [0m[1;34m6->7  [0m[1;34m7->8  [0m[1;34m8->9  [0m[1;34m9->10  [0m[1;34m10->11  [0m[1;34m11->12  [0m[1;34m12->13  [0m[1;34m13->14  [0m[1;34m14->15  [0m[1;34m15->16  [0m[1;34m16->17  [0m[1;34m17->18  [0m[1;34m18->19  [0m[1;34m
[pthread wrapper] SKIP MASK: 0x0
[0m[1;34m	threadid 139863033829120 -> core 1 - OK[0m[1;34m
[0m[1;34m	threadid 139863025436416 -> core 2 - OK[0m[1;34m
[0m[1;34m	threadid 139863017043712 -> core 3 - OK[0m[1;34m
[0m[1;34m	threadid 139863008651008 -> core 4 - OK[0m[1;34m
[0m[1;34m	threadid 139863000258304 -> core 5 - OK[0m[1;34m
[0m[1;34m	threadid 139862991865600 -> core 6 - OK[0m[1;34m
[0m[1;34m	threadid 139862983472896 -> core 7 - OK[0m[1;34m
[0m[1;34m	threadid 139862975080192 -> core 8 - OK[0m[1;34m
[0m[1;34m	threadid 139862966687488 -> core 9 - OK[0m[1;34m
[0m[1;34m	threadid 139862958294784 -> core 10 - OK[0m[1;34m
[0m[1;34m	threadid 139862949902080 -> core 11 - OK[0m[1;34m
[0m[1;34m	threadid 139862941509376 -> core 12 - OK[0m[1;34m
[0m[1;34m	threadid 139862933116672 -> core 13 - OK[0m[1;34m
[0m[1;34m	threadid 139862924723968 -> core 14 - OK[0m[1;34m
[0m[1;34m	threadid 139862916331264 -> core 15 - OK[0m[1;34m
[0m[1;34m	threadid 139862907938560 -> core 16 - OK[0m[1;34m
[0m[1;34m	threadid 139862899545856 -> core 17 - OK[0m[1;34m
[0m[1;34m	threadid 139862891153152 -> core 18 - OK[0m[1;34m
[0m[1;34m	threadid 139862882760448 -> core 19 - OK[0m[1;34m
[0miterations: 8192
Total iterations: 6358310912 LUP
FLOP: 6
Total work: 38149865472 FLOP
performance: 1.739415 GLUP/s
Performance in GFLOP/s: 10.436492
size: 779689
time: 3.655430
diff(a-b): 96119341308033392651961589465355211601595202534586005645328976000518452602901306785988660660187744400012406282225561185889710781292162112183274377036698023631222925784039966810502851765748217953967172345576495529208458765976031948701518105755952619704107303825530325124211183518721003139827112779710464.000000
[1;34m[pthread wrapper] 
[0m[1;34m[pthread wrapper] MAIN -> 0
[0m[1;34m[pthread wrapper] PIN_MASK: [0m[1;34m0->1  [0m[1;34m1->2  [0m[1;34m2->3  [0m[1;34m3->4  [0m[1;34m4->5  [0m[1;34m5->6  [0m[1;34m6->7  [0m[1;34m7->8  [0m[1;34m8->9  [0m[1;34m9->10  [0m[1;34m10->11  [0m[1;34m11->12  [0m[1;34m12->13  [0m[1;34m13->14  [0m[1;34m14->15  [0m[1;34m15->16  [0m[1;34m16->17  [0m[1;34m17->18  [0m[1;34m18->19  [0m[1;34m
[pthread wrapper] SKIP MASK: 0x0
[0m[1;34m	threadid 140353124943616 -> core 1 - OK[0m[1;34m
[0m[1;34m	threadid 140353116550912 -> core 2 - OK[0m[1;34m
[0m[1;34m	threadid 140353108158208 -> core 3 - OK[0m[1;34m
[0m[1;34m	threadid 140353099765504 -> core 4 - OK[0m[1;34m
[0m[1;34m	threadid 140353091372800 -> core 5 - OK[0m[1;34m
[0m[1;34m	threadid 140353082980096 -> core 6 - OK[0m[1;34m
[0m[1;34m	threadid 140353074587392 -> core 7 - OK[0m[1;34m
[0m[1;34m	threadid 140353066194688 -> core 8 - OK[0m[1;34m
[0m[1;34m	threadid 140353057801984 -> core 9 - OK[0m[1;34m
[0m[1;34m	threadid 140353049409280 -> core 10 - OK[0m[1;34m
[0m[1;34m	threadid 140353041016576 -> core 11 - OK[0m[1;34m
[0m[1;34m	threadid 140353032623872 -> core 12 - OK[0m[1;34m
[0m[1;34m	threadid 140353024231168 -> core 13 - OK[0m[1;34m
[0m[1;34m	threadid 140353015838464 -> core 14 - OK[0m[1;34m
[0m[1;34m	threadid 140353007445760 -> core 15 - OK[0m[1;34m
[0m[1;34m	threadid 140352999053056 -> core 16 - OK[0m[1;34m
[0m[1;34m	threadid 140352990660352 -> core 17 - OK[0m[1;34m
[0m[1;34m	threadid 140352982267648 -> core 18 - OK[0m[1;34m
[0m[1;34m	threadid 140352973874944 -> core 19 - OK[0m[1;34m
[0miterations: 8192
Total iterations: 6358310912 LUP
FLOP: 6
Total work: 38149865472 FLOP
performance: 1.723032 GLUP/s
Performance in GFLOP/s: 10.338190
size: 779689
time: 3.690188
diff(a-b): 96119341308033392651961589465355211601595202534586005645328976000518452602901306785988660660187744400012406282225561185889710781292162112183274377036698023631222925784039966810502851765748217953967172345576495529208458765976031948701518105755952619704107303825530325124211183518721003139827112779710464.000000
[1;34m[pthread wrapper] 
[0m[1;34m[pthread wrapper] MAIN -> 0
[0m[1;34m[pthread wrapper] PIN_MASK: [0m[1;34m0->1  [0m[1;34m1->2  [0m[1;34m2->3  [0m[1;34m3->4  [0m[1;34m4->5  [0m[1;34m5->6  [0m[1;34m6->7  [0m[1;34m7->8  [0m[1;34m8->9  [0m[1;34m9->10  [0m[1;34m10->11  [0m[1;34m11->12  [0m[1;34m12->13  [0m[1;34m13->14  [0m[1;34m14->15  [0m[1;34m15->16  [0m[1;34m16->17  [0m[1;34m17->18  [0m[1;34m18->19  [0m[1;34m
[pthread wrapper] SKIP MASK: 0x0
[0m[1;34m	threadid 139993830799104 -> core 1 - OK[0m[1;34m
[0m[1;34m	threadid 139993822406400 -> core 2 - OK[0m[1;34m
[0m[1;34m	threadid 139993814013696 -> core 3 - OK[0m[1;34m
[0m[1;34m	threadid 139993805620992 -> core 4 - OK[0m[1;34m
[0m[1;34m	threadid 139993797228288 -> core 5 - OK[0m[1;34m
[0m[1;34m	threadid 139993788835584 -> core 6 - OK[0m[1;34m
[0m[1;34m	threadid 139993780442880 -> core 7 - OK[0m[1;34m
[0m[1;34m	threadid 139993772050176 -> core 8 - OK[0m[1;34m
[0m[1;34m	threadid 139993763657472 -> core 9 - OK[0m[1;34m
[0m[1;34m	threadid 139993755264768 -> core 10 - OK[0m[1;34m
[0m[1;34m	threadid 139993746872064 -> core 11 - OK[0m[1;34m
[0m[1;34m	threadid 139993738479360 -> core 12 - OK[0m[1;34m
[0m[1;34m	threadid 139993730086656 -> core 13 - OK[0m[1;34m
[0m[1;34m	threadid 139993721693952 -> core 14 - OK[0m[1;34m
[0m[1;34m	threadid 139993713301248 -> core 15 - OK[0m[1;34m
[0m[1;34m	threadid 139993704908544 -> core 16 - OK[0m[1;34m
[0m[1;34m	threadid 139993696515840 -> core 17 - OK[0m[1;34m
[0m[1;34m	threadid 139993688123136 -> core 18 - OK[0m[1;34m
[0m[1;34m	threadid 139993679730432 -> core 19 - OK[0m[1;34m
[0miterations: 8192
Total iterations: 6358310912 LUP
FLOP: 6
Total work: 38149865472 FLOP
performance: 1.658292 GLUP/s
Performance in GFLOP/s: 9.949752
size: 779689
time: 3.834253
diff(a-b): 96119341308033392651961589465355211601595202534586005645328976000518452602901306785988660660187744400012406282225561185889710781292162112183274377036698023631222925784039966810502851765748217953967172345576495529208458765976031948701518105755952619704107303825530325124211183518721003139827112779710464.000000
[1;34m[pthread wrapper] 
[0m[1;34m[pthread wrapper] MAIN -> 0
[0m[1;34m[pthread wrapper] PIN_MASK: [0m[1;34m0->1  [0m[1;34m1->2  [0m[1;34m2->3  [0m[1;34m3->4  [0m[1;34m4->5  [0m[1;34m5->6  [0m[1;34m6->7  [0m[1;34m7->8  [0m[1;34m8->9  [0m[1;34m9->10  [0m[1;34m10->11  [0m[1;34m11->12  [0m[1;34m12->13  [0m[1;34m13->14  [0m[1;34m14->15  [0m[1;34m15->16  [0m[1;34m16->17  [0m[1;34m17->18  [0m[1;34m18->19  [0m[1;34m
[pthread wrapper] SKIP MASK: 0x0
[0m[1;34m	threadid 140260713985792 -> core 1 - OK[0m[1;34m
[0m[1;34m	threadid 140260705593088 -> core 2 - OK[0m[1;34m
[0m[1;34m	threadid 140260697200384 -> core 3 - OK[0m[1;34m
[0m[1;34m	threadid 140260688807680 -> core 4 - OK[0m[1;34m
[0m[1;34m	threadid 140260680414976 -> core 5 - OK[0m[1;34m
[0m[1;34m	threadid 140260672022272 -> core 6 - OK[0m[1;34m
[0m[1;34m	threadid 140260663629568 -> core 7 - OK[0m[1;34m
[0m[1;34m	threadid 140260655236864 -> core 8 - OK[0m[1;34m
[0m[1;34m	threadid 140260646844160 -> core 9 - OK[0m[1;34m
[0m[1;34m	threadid 140260638451456 -> core 10 - OK[0m[1;34m
[0m[1;34m	threadid 140260630058752 -> core 11 - OK[0m[1;34m
[0m[1;34m	threadid 140260621666048 -> core 12 - OK[0m[1;34m
[0m[1;34m	threadid 140260613273344 -> core 13 - OK[0m[1;34m
[0m[1;34m	threadid 140260604880640 -> core 14 - OK[0m[1;34m
[0m[1;34m	threadid 140260596487936 -> core 15 - OK[0m[1;34m
[0m[1;34m	threadid 140260588095232 -> core 16 - OK[0m[1;34m
[0m[1;34m	threadid 140260579702528 -> core 17 - OK[0m[1;34m
[0m[1;34m	threadid 140260571309824 -> core 18 - OK[0m[1;34m
[0m[1;34m	threadid 140260562917120 -> core 19 - OK[0m[1;34m
[0miterations: 8192
Total iterations: 6358310912 LUP
FLOP: 6
Total work: 38149865472 FLOP
performance: 1.638218 GLUP/s
Performance in GFLOP/s: 9.829308
size: 779689
time: 3.881236
diff(a-b): 96119341308033392651961589465355211601595202534586005645328976000518452602901306785988660660187744400012406282225561185889710781292162112183274377036698023631222925784039966810502851765748217953967172345576495529208458765976031948701518105755952619704107303825530325124211183518721003139827112779710464.000000
[1;34m[pthread wrapper] 
[0m[1;34m[pthread wrapper] MAIN -> 0
[0m[1;34m[pthread wrapper] PIN_MASK: [0m[1;34m0->1  [0m[1;34m1->2  [0m[1;34m2->3  [0m[1;34m3->4  [0m[1;34m4->5  [0m[1;34m5->6  [0m[1;34m6->7  [0m[1;34m7->8  [0m[1;34m8->9  [0m[1;34m9->10  [0m[1;34m10->11  [0m[1;34m11->12  [0m[1;34m12->13  [0m[1;34m13->14  [0m[1;34m14->15  [0m[1;34m15->16  [0m[1;34m16->17  [0m[1;34m17->18  [0m[1;34m18->19  [0m[1;34m
[pthread wrapper] SKIP MASK: 0x0
[0m[1;34m	threadid 140301501925120 -> core 1 - OK[0m[1;34m
[0m[1;34m	threadid 140301493532416 -> core 2 - OK[0m[1;34m
[0m[1;34m	threadid 140301485139712 -> core 3 - OK[0m[1;34m
[0m[1;34m	threadid 140301476747008 -> core 4 - OK[0m[1;34m
[0m[1;34m	threadid 140301468354304 -> core 5 - OK[0m[1;34m
[0m[1;34m	threadid 140301459961600 -> core 6 - OK[0m[1;34m
[0m[1;34m	threadid 140301451568896 -> core 7 - OK[0m[1;34m
[0m[1;34m	threadid 140301443176192 -> core 8 - OK[0m[1;34m
[0m[1;34m	threadid 140301434783488 -> core 9 - OK[0m[1;34m
[0m[1;34m	threadid 140301426390784 -> core 10 - OK[0m[1;34m
[0m[1;34m	threadid 140301417998080 -> core 11 - OK[0m[1;34m
[0m[1;34m	threadid 140301409605376 -> core 12 - OK[0m[1;34m
[0m[1;34m	threadid 140301401212672 -> core 13 - OK[0m[1;34m
[0m[1;34m	threadid 140301392819968 -> core 14 - OK[0m[1;34m
[0m[1;34m	threadid 140301384427264 -> core 15 - OK[0m[1;34m
[0m[1;34m	threadid 140301376034560 -> core 16 - OK[0m[1;34m
[0m[1;34m	threadid 140301367641856 -> core 17 - OK[0m[1;34m
[0m[1;34m	threadid 140301359249152 -> core 18 - OK[0m[1;34m
[0m[1;34m	threadid 140301350856448 -> core 19 - OK[0m[1;34m
[0miterations: 8192
Total iterations: 6358310912 LUP
FLOP: 6
Total work: 38149865472 FLOP
performance: 1.724036 GLUP/s
Performance in GFLOP/s: 10.344217
size: 779689
time: 3.688038
diff(a-b): 96119341308033392651961589465355211601595202534586005645328976000518452602901306785988660660187744400012406282225561185889710781292162112183274377036698023631222925784039966810502851765748217953967172345576495529208458765976031948701518105755952619704107303825530325124211183518721003139827112779710464.000000
[1;34m[pthread wrapper] 
[0m[1;34m[pthread wrapper] MAIN -> 0
[0m[1;34m[pthread wrapper] PIN_MASK: [0m[1;34m0->1  [0m[1;34m1->2  [0m[1;34m2->3  [0m[1;34m3->4  [0m[1;34m4->5  [0m[1;34m5->6  [0m[1;34m6->7  [0m[1;34m7->8  [0m[1;34m8->9  [0m[1;34m9->10  [0m[1;34m10->11  [0m[1;34m11->12  [0m[1;34m12->13  [0m[1;34m13->14  [0m[1;34m14->15  [0m[1;34m15->16  [0m[1;34m16->17  [0m[1;34m17->18  [0m[1;34m18->19  [0m[1;34m
[pthread wrapper] SKIP MASK: 0x0
[0m[1;34m	threadid 140611679008512 -> core 1 - OK[0m[1;34m
[0m[1;34m	threadid 140611670615808 -> core 2 - OK[0m[1;34m
[0m[1;34m	threadid 140611662223104 -> core 3 - OK[0m[1;34m
[0m[1;34m	threadid 140611653830400 -> core 4 - OK[0m[1;34m
[0m[1;34m	threadid 140611645437696 -> core 5 - OK[0m[1;34m
[0m[1;34m	threadid 140611637044992 -> core 6 - OK[0m[1;34m
[0m[1;34m	threadid 140611628652288 -> core 7 - OK[0m[1;34m
[0m[1;34m	threadid 140611620259584 -> core 8 - OK[0m[1;34m
[0m[1;34m	threadid 140611611866880 -> core 9 - OK[0m[1;34m
[0m[1;34m	threadid 140611603474176 -> core 10 - OK[0m[1;34m
[0m[1;34m	threadid 140611595081472 -> core 11 - OK[0m[1;34m
[0m[1;34m	threadid 140611586688768 -> core 12 - OK[0m[1;34m
[0m[1;34m	threadid 140611578296064 -> core 13 - OK[0m[1;34m
[0m[1;34m	threadid 140611569903360 -> core 14 - OK[0m[1;34m
[0m[1;34m	threadid 140611561510656 -> core 15 - OK[0m[1;34m
[0m[1;34m	threadid 140611553117952 -> core 16 - OK[0m[1;34m
[0m[1;34m	threadid 140611544725248 -> core 17 - OK[0m[1;34m
[0m[1;34m	threadid 140611536332544 -> core 18 - OK[0m[1;34m
[0m[1;34m	threadid 140611527939840 -> core 19 - OK[0m[1;34m
[0miterations: 8192
Total iterations: 6358310912 LUP
FLOP: 6
Total work: 38149865472 FLOP
performance: 1.618659 GLUP/s
Performance in GFLOP/s: 9.711956
size: 779689
time: 3.928134
diff(a-b): 96119341308033392651961589465355211601595202534586005645328976000518452602901306785988660660187744400012406282225561185889710781292162112183274377036698023631222925784039966810502851765748217953967172345576495529208458765976031948701518105755952619704107303825530325124211183518721003139827112779710464.000000
