iterations: 2048
Total iterations: 1589577728 LUP
FLOP: 6
Total work: 9537466368 FLOP
performance: 0.714225 GLUP/s
Performance in GFLOP/s: 4.285352
size: 779689
time: 2.225597
diff(a-b): 4260445494618853498528810398584840191676475616275528203097073436503212810043392.000000
[1;34m[likwid-pin] Main PID -> core 0 - OK[0m
iterations: 2048
Total iterations: 1589577728 LUP
FLOP: 6
Total work: 9537466368 FLOP
performance: 0.725122 GLUP/s
Performance in GFLOP/s: 4.350730
size: 779689
time: 2.192153
diff(a-b): 4260445494618853498528810398584840191676475616275528203097073436503212810043392.000000
[1;34m[likwid-pin] Main PID -> core 0 - OK[0m
iterations: 2048
Total iterations: 1589577728 LUP
FLOP: 6
Total work: 9537466368 FLOP
performance: 0.722637 GLUP/s
Performance in GFLOP/s: 4.335825
size: 779689
time: 2.199689
diff(a-b): 4260445494618853498528810398584840191676475616275528203097073436503212810043392.000000
[1;34m[likwid-pin] Main PID -> core 0 - OK[0m
iterations: 2048
Total iterations: 1589577728 LUP
FLOP: 6
Total work: 9537466368 FLOP
performance: 0.708762 GLUP/s
Performance in GFLOP/s: 4.252569
size: 779689
time: 2.242754
diff(a-b): 4260445494618853498528810398584840191676475616275528203097073436503212810043392.000000
[1;34m[likwid-pin] Main PID -> core 0 - OK[0m
iterations: 2048
Total iterations: 1589577728 LUP
FLOP: 6
Total work: 9537466368 FLOP
performance: 0.710778 GLUP/s
Performance in GFLOP/s: 4.264667
size: 779689
time: 2.236392
diff(a-b): 4260445494618853498528810398584840191676475616275528203097073436503212810043392.000000
[1;34m[likwid-pin] Main PID -> core 0 - OK[0m
iterations: 2048
Total iterations: 1589577728 LUP
FLOP: 6
Total work: 9537466368 FLOP
performance: 0.709265 GLUP/s
Performance in GFLOP/s: 4.255588
size: 779689
time: 2.241163
diff(a-b): 4260445494618853498528810398584840191676475616275528203097073436503212810043392.000000
[1;34m[likwid-pin] Main PID -> core 0 - OK[0m
iterations: 2048
Total iterations: 1589577728 LUP
FLOP: 6
Total work: 9537466368 FLOP
performance: 0.708295 GLUP/s
Performance in GFLOP/s: 4.249769
size: 779689
time: 2.244232
diff(a-b): 4260445494618853498528810398584840191676475616275528203097073436503212810043392.000000
[1;34m[likwid-pin] Main PID -> core 0 - OK[0m
iterations: 2048
Total iterations: 1589577728 LUP
FLOP: 6
Total work: 9537466368 FLOP
performance: 0.706027 GLUP/s
Performance in GFLOP/s: 4.236161
size: 779689
time: 2.251441
diff(a-b): 4260445494618853498528810398584840191676475616275528203097073436503212810043392.000000
[1;34m[likwid-pin] Main PID -> core 0 - OK[0m
iterations: 2048
Total iterations: 1589577728 LUP
FLOP: 6
Total work: 9537466368 FLOP
performance: 0.705179 GLUP/s
Performance in GFLOP/s: 4.231074
size: 779689
time: 2.254148
diff(a-b): 4260445494618853498528810398584840191676475616275528203097073436503212810043392.000000
[1;34m[likwid-pin] Main PID -> core 0 - OK[0m
iterations: 2048
Total iterations: 1589577728 LUP
FLOP: 6
Total work: 9537466368 FLOP
performance: 0.722204 GLUP/s
Performance in GFLOP/s: 4.333226
size: 779689
time: 2.201008
diff(a-b): 4260445494618853498528810398584840191676475616275528203097073436503212810043392.000000
[1;34m[likwid-pin] Main PID -> core 0 - OK[0m
