[1;34m[pthread wrapper] 
[0m[1;34m[pthread wrapper] MAIN -> 0
[0m[1;34m[pthread wrapper] PIN_MASK: [0m[1;34m0->1  [0m[1;34m1->2  [0m[1;34m2->3  [0m[1;34m
[pthread wrapper] SKIP MASK: 0x0
[0m[1;34m	threadid 140049081865984 -> core 1 - OK[0m[1;34m
[0m[1;34m	threadid 140049073473280 -> core 2 - OK[0m[1;34m
[0m[1;34m	threadid 140049065080576 -> core 3 - OK[0m[1;34m
[0miterations: 8192
Total iterations: 6358310912 LUP
FLOP: 6
Total work: 38149865472 FLOP
performance: 1.703645 GLUP/s
Performance in GFLOP/s: 10.221869
size: 779689
time: 3.732181
diff(a-b): 96119341308033392651961589465355211601595202534586005645328976000518452602901306785988660660187744400012406282225561185889710781292162112183274377036698023631222925784039966810502851765748217953967172345576495529208458765976031948701518105755952619704107303825530325124211183518721003139827112779710464.000000
[1;34m[pthread wrapper] 
[0m[1;34m[pthread wrapper] MAIN -> 0
[0m[1;34m[pthread wrapper] PIN_MASK: [0m[1;34m0->1  [0m[1;34m1->2  [0m[1;34m2->3  [0m[1;34m
[pthread wrapper] SKIP MASK: 0x0
[0m[1;34m	threadid 140118550619904 -> core 1 - OK[0m[1;34m
[0m[1;34m	threadid 140118542227200 -> core 2 - OK[0m[1;34m
[0m[1;34m	threadid 140118533834496 -> core 3 - OK[0m[1;34m
[0miterations: 8192
Total iterations: 6358310912 LUP
FLOP: 6
Total work: 38149865472 FLOP
performance: 1.706708 GLUP/s
Performance in GFLOP/s: 10.240247
size: 779689
time: 3.725483
diff(a-b): 96119341308033392651961589465355211601595202534586005645328976000518452602901306785988660660187744400012406282225561185889710781292162112183274377036698023631222925784039966810502851765748217953967172345576495529208458765976031948701518105755952619704107303825530325124211183518721003139827112779710464.000000
[1;34m[pthread wrapper] 
[0m[1;34m[pthread wrapper] MAIN -> 0
[0m[1;34m[pthread wrapper] PIN_MASK: [0m[1;34m0->1  [0m[1;34m1->2  [0m[1;34m2->3  [0m[1;34m
[pthread wrapper] SKIP MASK: 0x0
[0m[1;34m	threadid 139702415521536 -> core 1 - OK[0m[1;34m
[0m[1;34m	threadid 139702407128832 -> core 2 - OK[0m[1;34m
[0m[1;34m	threadid 139702398736128 -> core 3 - OK[0m[1;34m
[0miterations: 8192
Total iterations: 6358310912 LUP
FLOP: 6
Total work: 38149865472 FLOP
performance: 1.731231 GLUP/s
Performance in GFLOP/s: 10.387388
size: 779689
time: 3.672710
diff(a-b): 96119341308033392651961589465355211601595202534586005645328976000518452602901306785988660660187744400012406282225561185889710781292162112183274377036698023631222925784039966810502851765748217953967172345576495529208458765976031948701518105755952619704107303825530325124211183518721003139827112779710464.000000
[1;34m[pthread wrapper] 
[0m[1;34m[pthread wrapper] MAIN -> 0
[0m[1;34m[pthread wrapper] PIN_MASK: [0m[1;34m0->1  [0m[1;34m1->2  [0m[1;34m2->3  [0m[1;34m
[pthread wrapper] SKIP MASK: 0x0
[0m[1;34m	threadid 140167781607168 -> core 1 - OK[0m[1;34m
[0m[1;34m	threadid 140167773214464 -> core 2 - OK[0m[1;34m
[0m[1;34m	threadid 140167764821760 -> core 3 - OK[0m[1;34m
[0miterations: 8192
Total iterations: 6358310912 LUP
FLOP: 6
Total work: 38149865472 FLOP
performance: 1.701751 GLUP/s
Performance in GFLOP/s: 10.210504
size: 779689
time: 3.736335
diff(a-b): 96119341308033392651961589465355211601595202534586005645328976000518452602901306785988660660187744400012406282225561185889710781292162112183274377036698023631222925784039966810502851765748217953967172345576495529208458765976031948701518105755952619704107303825530325124211183518721003139827112779710464.000000
[1;34m[pthread wrapper] 
[0m[1;34m[pthread wrapper] MAIN -> 0
[0m[1;34m[pthread wrapper] PIN_MASK: [0m[1;34m0->1  [0m[1;34m1->2  [0m[1;34m2->3  [0m[1;34m
[pthread wrapper] SKIP MASK: 0x0
[0m[1;34m	threadid 140587416516352 -> core 1 - OK[0m[1;34m
[0m[1;34m	threadid 140587408123648 -> core 2 - OK[0m[1;34m
[0m[1;34m	threadid 140587399730944 -> core 3 - OK[0m[1;34m
[0miterations: 8192
Total iterations: 6358310912 LUP
FLOP: 6
Total work: 38149865472 FLOP
performance: 1.722367 GLUP/s
Performance in GFLOP/s: 10.334199
size: 779689
time: 3.691613
diff(a-b): 96119341308033392651961589465355211601595202534586005645328976000518452602901306785988660660187744400012406282225561185889710781292162112183274377036698023631222925784039966810502851765748217953967172345576495529208458765976031948701518105755952619704107303825530325124211183518721003139827112779710464.000000
[1;34m[pthread wrapper] 
[0m[1;34m[pthread wrapper] MAIN -> 0
[0m[1;34m[pthread wrapper] PIN_MASK: [0m[1;34m0->1  [0m[1;34m1->2  [0m[1;34m2->3  [0m[1;34m
[pthread wrapper] SKIP MASK: 0x0
[0m[1;34m	threadid 139922244491008 -> core 1 - OK[0m[1;34m
[0m[1;34m	threadid 139922236098304 -> core 2 - OK[0m[1;34m
[0m[1;34m	threadid 139922227705600 -> core 3 - OK[0m[1;34m
[0miterations: 8192
Total iterations: 6358310912 LUP
FLOP: 6
Total work: 38149865472 FLOP
performance: 1.706325 GLUP/s
Performance in GFLOP/s: 10.237952
size: 779689
time: 3.726318
diff(a-b): 96119341308033392651961589465355211601595202534586005645328976000518452602901306785988660660187744400012406282225561185889710781292162112183274377036698023631222925784039966810502851765748217953967172345576495529208458765976031948701518105755952619704107303825530325124211183518721003139827112779710464.000000
[1;34m[pthread wrapper] 
[0m[1;34m[pthread wrapper] MAIN -> 0
[0m[1;34m[pthread wrapper] PIN_MASK: [0m[1;34m0->1  [0m[1;34m1->2  [0m[1;34m2->3  [0m[1;34m
[pthread wrapper] SKIP MASK: 0x0
[0m[1;34m	threadid 139983819659008 -> core 1 - OK[0m[1;34m
[0m[1;34m	threadid 139983811266304 -> core 2 - OK[0m[1;34m
[0m[1;34m	threadid 139983802873600 -> core 3 - OK[0m[1;34m
[0miterations: 8192
Total iterations: 6358310912 LUP
FLOP: 6
Total work: 38149865472 FLOP
performance: 1.709381 GLUP/s
Performance in GFLOP/s: 10.256283
size: 779689
time: 3.719658
diff(a-b): 96119341308033392651961589465355211601595202534586005645328976000518452602901306785988660660187744400012406282225561185889710781292162112183274377036698023631222925784039966810502851765748217953967172345576495529208458765976031948701518105755952619704107303825530325124211183518721003139827112779710464.000000
[1;34m[pthread wrapper] 
[0m[1;34m[pthread wrapper] MAIN -> 0
[0m[1;34m[pthread wrapper] PIN_MASK: [0m[1;34m0->1  [0m[1;34m1->2  [0m[1;34m2->3  [0m[1;34m
[pthread wrapper] SKIP MASK: 0x0
[0m[1;34m	threadid 140343463302912 -> core 1 - OK[0m[1;34m
[0m[1;34m	threadid 140343454910208 -> core 2 - OK[0m[1;34m
[0m[1;34m	threadid 140343446517504 -> core 3 - OK[0m[1;34m
[0miterations: 8192
Total iterations: 6358310912 LUP
FLOP: 6
Total work: 38149865472 FLOP
performance: 1.706509 GLUP/s
Performance in GFLOP/s: 10.239051
size: 779689
time: 3.725918
diff(a-b): 96119341308033392651961589465355211601595202534586005645328976000518452602901306785988660660187744400012406282225561185889710781292162112183274377036698023631222925784039966810502851765748217953967172345576495529208458765976031948701518105755952619704107303825530325124211183518721003139827112779710464.000000
[1;34m[pthread wrapper] 
[0m[1;34m[pthread wrapper] MAIN -> 0
[0m[1;34m[pthread wrapper] PIN_MASK: [0m[1;34m0->1  [0m[1;34m1->2  [0m[1;34m2->3  [0m[1;34m
[pthread wrapper] SKIP MASK: 0x0
[0m[1;34m	threadid 140295221401344 -> core 1 - OK[0m[1;34m
[0m[1;34m	threadid 140295213008640 -> core 2 - OK[0m[1;34m
[0m[1;34m	threadid 140295204615936 -> core 3 - OK[0m[1;34m
[0miterations: 8192
Total iterations: 6358310912 LUP
FLOP: 6
Total work: 38149865472 FLOP
performance: 1.707458 GLUP/s
Performance in GFLOP/s: 10.244745
size: 779689
time: 3.723847
diff(a-b): 96119341308033392651961589465355211601595202534586005645328976000518452602901306785988660660187744400012406282225561185889710781292162112183274377036698023631222925784039966810502851765748217953967172345576495529208458765976031948701518105755952619704107303825530325124211183518721003139827112779710464.000000
[1;34m[pthread wrapper] 
[0m[1;34m[pthread wrapper] MAIN -> 0
[0m[1;34m[pthread wrapper] PIN_MASK: [0m[1;34m0->1  [0m[1;34m1->2  [0m[1;34m2->3  [0m[1;34m
[pthread wrapper] SKIP MASK: 0x0
[0m[1;34m	threadid 140648504260352 -> core 1 - OK[0m[1;34m
[0m[1;34m	threadid 140648495867648 -> core 2 - OK[0m[1;34m
[0m[1;34m	threadid 140648487474944 -> core 3 - OK[0m[1;34m
[0miterations: 8192
Total iterations: 6358310912 LUP
FLOP: 6
Total work: 38149865472 FLOP
performance: 1.701901 GLUP/s
Performance in GFLOP/s: 10.211404
size: 779689
time: 3.736006
diff(a-b): 96119341308033392651961589465355211601595202534586005645328976000518452602901306785988660660187744400012406282225561185889710781292162112183274377036698023631222925784039966810502851765748217953967172345576495529208458765976031948701518105755952619704107303825530325124211183518721003139827112779710464.000000
