[1;34m[pthread wrapper] 
[0m[1;34m[pthread wrapper] MAIN -> 0
[0m[1;34m[pthread wrapper] PIN_MASK: [0m[1;34m0->1  [0m[1;34m1->2  [0m[1;34m2->3  [0m[1;34m3->4  [0m[1;34m4->5  [0m[1;34m5->6  [0m[1;34m6->7  [0m[1;34m7->8  [0m[1;34m8->9  [0m[1;34m9->10  [0m[1;34m10->11  [0m[1;34m11->12  [0m[1;34m12->13  [0m[1;34m13->14  [0m[1;34m14->15  [0m[1;34m15->16  [0m[1;34m16->17  [0m[1;34m17->18  [0m[1;34m18->19  [0m[1;34m
[pthread wrapper] SKIP MASK: 0x0
[0m[1;34m	threadid 47911398070016 -> core 1 - OK[0m[1;34m
[0m[1;34m	threadid 47911400171264 -> core 2 - OK[0m[1;34m
[0m[1;34m	threadid 47911402272512 -> core 3 - OK[0m[1;34m
[0m[1;34m	threadid 47911404373760 -> core 4 - OK[0m[1;34m
[0m[1;34m	threadid 47911406475008 -> core 5 - OK[0m[1;34m
[0m[1;34m	threadid 47911408576256 -> core 6 - OK[0m[1;34m
[0m[1;34m	threadid 47911410677504 -> core 7 - OK[0m[1;34m
[0m[1;34m	threadid 47911412778752 -> core 8 - OK[0m[1;34m
[0m[1;34m	threadid 47911414880000 -> core 9 - OK[0m[1;34m
[0m[1;34m	threadid 47911416981248 -> core 10 - OK[0m[1;34m
[0m[1;34m	threadid 47911419082496 -> core 11 - OK[0m[1;34m
[0m[1;34m	threadid 47911421183744 -> core 12 - OK[0m[1;34m
[0m[1;34m	threadid 47911423284992 -> core 13 - OK[0m[1;34m
[0m[1;34m	threadid 47911425386240 -> core 14 - OK[0m[1;34m
[0m[1;34m	threadid 47911427487488 -> core 15 - OK[0m[1;34m
[0m[1;34m	threadid 47911429588736 -> core 16 - OK[0m[1;34m
[0m[1;34m	threadid 47911431689984 -> core 17 - OK[0m[1;34m
[0m[1;34m	threadid 47911433791232 -> core 18 - OK[0m[1;34m
[0m[1;34m	threadid 47911435892480 -> core 19 - OK[0m[1;34m
[0miterations: 8192
Total iterations: 6358310912 LUP
FLOP: 6
Total work: 38149865472 FLOP
performance: 1.836802 GLUP/s
Performance in GFLOP/s: 11.020809
size: 779689
time: 3.461621
diff(a-b): 96119341308033411685778017980978415416795178853313175325459557240767528516781106030029072313363725778166831833026848735313375295762217158001965520011491083353854363894691176832529609493234604420353218224587527468270164780074428186368701553792817748114973740288353787678388533331763087284023577607667712.000000
[1;34m[pthread wrapper] 
[0m[1;34m[pthread wrapper] MAIN -> 0
[0m[1;34m[pthread wrapper] PIN_MASK: [0m[1;34m0->1  [0m[1;34m1->2  [0m[1;34m2->3  [0m[1;34m3->4  [0m[1;34m4->5  [0m[1;34m5->6  [0m[1;34m6->7  [0m[1;34m7->8  [0m[1;34m8->9  [0m[1;34m9->10  [0m[1;34m10->11  [0m[1;34m11->12  [0m[1;34m12->13  [0m[1;34m13->14  [0m[1;34m14->15  [0m[1;34m15->16  [0m[1;34m16->17  [0m[1;34m17->18  [0m[1;34m18->19  [0m[1;34m
[pthread wrapper] SKIP MASK: 0x0
[0m[1;34m	threadid 47183025616640 -> core 1 - OK[0m[1;34m
[0m[1;34m	threadid 47183027717888 -> core 2 - OK[0m[1;34m
[0m[1;34m	threadid 47183029819136 -> core 3 - OK[0m[1;34m
[0m[1;34m	threadid 47183031920384 -> core 4 - OK[0m[1;34m
[0m[1;34m	threadid 47183034021632 -> core 5 - OK[0m[1;34m
[0m[1;34m	threadid 47183036122880 -> core 6 - OK[0m[1;34m
[0m[1;34m	threadid 47183038224128 -> core 7 - OK[0m[1;34m
[0m[1;34m	threadid 47183040325376 -> core 8 - OK[0m[1;34m
[0m[1;34m	threadid 47183042426624 -> core 9 - OK[0m[1;34m
[0m[1;34m	threadid 47183044527872 -> core 10 - OK[0m[1;34m
[0m[1;34m	threadid 47183046629120 -> core 11 - OK[0m[1;34m
[0m[1;34m	threadid 47183048730368 -> core 12 - OK[0m[1;34m
[0m[1;34m	threadid 47183050831616 -> core 13 - OK[0m[1;34m
[0m[1;34m	threadid 47183052932864 -> core 14 - OK[0m[1;34m
[0m[1;34m	threadid 47183055034112 -> core 15 - OK[0m[1;34m
[0m[1;34m	threadid 47183057135360 -> core 16 - OK[0m[1;34m
[0m[1;34m	threadid 47183059236608 -> core 17 - OK[0m[1;34m
[0m[1;34m	threadid 47183061337856 -> core 18 - OK[0m[1;34m
[0m[1;34m	threadid 47183063439104 -> core 19 - OK[0m[1;34m
[0miterations: 8192
Total iterations: 6358310912 LUP
FLOP: 6
Total work: 38149865472 FLOP
performance: 1.819740 GLUP/s
Performance in GFLOP/s: 10.918439
size: 779689
time: 3.494077
diff(a-b): 96119341308033411685778017980978415416795178853313175325459557240767528516781106030029072313363725778166831833026848735313375295762217158001965520011491083353854363894691176832529609493234604420353218224587527468270164780074428186368701553792817748114973740288353787678388533331763087284023577607667712.000000
[1;34m[pthread wrapper] 
[0m[1;34m[pthread wrapper] MAIN -> 0
[0m[1;34m[pthread wrapper] PIN_MASK: [0m[1;34m0->1  [0m[1;34m1->2  [0m[1;34m2->3  [0m[1;34m3->4  [0m[1;34m4->5  [0m[1;34m5->6  [0m[1;34m6->7  [0m[1;34m7->8  [0m[1;34m8->9  [0m[1;34m9->10  [0m[1;34m10->11  [0m[1;34m11->12  [0m[1;34m12->13  [0m[1;34m13->14  [0m[1;34m14->15  [0m[1;34m15->16  [0m[1;34m16->17  [0m[1;34m17->18  [0m[1;34m18->19  [0m[1;34m
[pthread wrapper] SKIP MASK: 0x0
[0m[1;34m	threadid 47250953258752 -> core 1 - OK[0m[1;34m
[0m[1;34m	threadid 47250955360000 -> core 2 - OK[0m[1;34m
[0m[1;34m	threadid 47250957461248 -> core 3 - OK[0m[1;34m
[0m[1;34m	threadid 47250959562496 -> core 4 - OK[0m[1;34m
[0m[1;34m	threadid 47250961663744 -> core 5 - OK[0m[1;34m
[0m[1;34m	threadid 47250963764992 -> core 6 - OK[0m[1;34m
[0m[1;34m	threadid 47250965866240 -> core 7 - OK[0m[1;34m
[0m[1;34m	threadid 47250967967488 -> core 8 - OK[0m[1;34m
[0m[1;34m	threadid 47250970068736 -> core 9 - OK[0m[1;34m
[0m[1;34m	threadid 47250972169984 -> core 10 - OK[0m[1;34m
[0m[1;34m	threadid 47250974271232 -> core 11 - OK[0m[1;34m
[0m[1;34m	threadid 47250976372480 -> core 12 - OK[0m[1;34m
[0m[1;34m	threadid 47250978473728 -> core 13 - OK[0m[1;34m
[0m[1;34m	threadid 47250980574976 -> core 14 - OK[0m[1;34m
[0m[1;34m	threadid 47250982676224 -> core 15 - OK[0m[1;34m
[0m[1;34m	threadid 47250984777472 -> core 16 - OK[0m[1;34m
[0m[1;34m	threadid 47250986878720 -> core 17 - OK[0m[1;34m
[0m[1;34m	threadid 47250988979968 -> core 18 - OK[0m[1;34m
[0m[1;34m	threadid 47250991081216 -> core 19 - OK[0m[1;34m
[0miterations: 8192
Total iterations: 6358310912 LUP
FLOP: 6
Total work: 38149865472 FLOP
performance: 1.855703 GLUP/s
Performance in GFLOP/s: 11.134219
size: 779689
time: 3.426362
diff(a-b): 96119341308033411685778017980978415416795178853313175325459557240767528516781106030029072313363725778166831833026848735313375295762217158001965520011491083353854363894691176832529609493234604420353218224587527468270164780074428186368701553792817748114973740288353787678388533331763087284023577607667712.000000
[1;34m[pthread wrapper] 
[0m[1;34m[pthread wrapper] MAIN -> 0
[0m[1;34m[pthread wrapper] PIN_MASK: [0m[1;34m0->1  [0m[1;34m1->2  [0m[1;34m2->3  [0m[1;34m3->4  [0m[1;34m4->5  [0m[1;34m5->6  [0m[1;34m6->7  [0m[1;34m7->8  [0m[1;34m8->9  [0m[1;34m9->10  [0m[1;34m10->11  [0m[1;34m11->12  [0m[1;34m12->13  [0m[1;34m13->14  [0m[1;34m14->15  [0m[1;34m15->16  [0m[1;34m16->17  [0m[1;34m17->18  [0m[1;34m18->19  [0m[1;34m
[pthread wrapper] SKIP MASK: 0x0
[0m[1;34m	threadid 47391684978432 -> core 1 - OK[0m[1;34m
[0m[1;34m	threadid 47391687079680 -> core 2 - OK[0m[1;34m
[0m[1;34m	threadid 47391689180928 -> core 3 - OK[0m[1;34m
[0m[1;34m	threadid 47391691282176 -> core 4 - OK[0m[1;34m
[0m[1;34m	threadid 47391693383424 -> core 5 - OK[0m[1;34m
[0m[1;34m	threadid 47391695484672 -> core 6 - OK[0m[1;34m
[0m[1;34m	threadid 47391697585920 -> core 7 - OK[0m[1;34m
[0m[1;34m	threadid 47391699687168 -> core 8 - OK[0m[1;34m
[0m[1;34m	threadid 47391701788416 -> core 9 - OK[0m[1;34m
[0m[1;34m	threadid 47391703889664 -> core 10 - OK[0m[1;34m
[0m[1;34m	threadid 47391705990912 -> core 11 - OK[0m[1;34m
[0m[1;34m	threadid 47391708092160 -> core 12 - OK[0m[1;34m
[0m[1;34m	threadid 47391710193408 -> core 13 - OK[0m[1;34m
[0m[1;34m	threadid 47391712294656 -> core 14 - OK[0m[1;34m
[0m[1;34m	threadid 47391714395904 -> core 15 - OK[0m[1;34m
[0m[1;34m	threadid 47391716497152 -> core 16 - OK[0m[1;34m
[0m[1;34m	threadid 47391718598400 -> core 17 - OK[0m[1;34m
[0m[1;34m	threadid 47391720699648 -> core 18 - OK[0m[1;34m
[0m[1;34m	threadid 47391722800896 -> core 19 - OK[0m[1;34m
[0miterations: 8192
Total iterations: 6358310912 LUP
FLOP: 6
Total work: 38149865472 FLOP
performance: 1.815927 GLUP/s
Performance in GFLOP/s: 10.895560
size: 779689
time: 3.501414
diff(a-b): 96119341308033411685778017980978415416795178853313175325459557240767528516781106030029072313363725778166831833026848735313375295762217158001965520011491083353854363894691176832529609493234604420353218224587527468270164780074428186368701553792817748114973740288353787678388533331763087284023577607667712.000000
[1;34m[pthread wrapper] 
[0m[1;34m[pthread wrapper] MAIN -> 0
[0m[1;34m[pthread wrapper] PIN_MASK: [0m[1;34m0->1  [0m[1;34m1->2  [0m[1;34m2->3  [0m[1;34m3->4  [0m[1;34m4->5  [0m[1;34m5->6  [0m[1;34m6->7  [0m[1;34m7->8  [0m[1;34m8->9  [0m[1;34m9->10  [0m[1;34m10->11  [0m[1;34m11->12  [0m[1;34m12->13  [0m[1;34m13->14  [0m[1;34m14->15  [0m[1;34m15->16  [0m[1;34m16->17  [0m[1;34m17->18  [0m[1;34m18->19  [0m[1;34m
[pthread wrapper] SKIP MASK: 0x0
[0m[1;34m	threadid 47915464374016 -> core 1 - OK[0m[1;34m
[0m[1;34m	threadid 47915466475264 -> core 2 - OK[0m[1;34m
[0m[1;34m	threadid 47915468576512 -> core 3 - OK[0m[1;34m
[0m[1;34m	threadid 47915470677760 -> core 4 - OK[0m[1;34m
[0m[1;34m	threadid 47915472779008 -> core 5 - OK[0m[1;34m
[0m[1;34m	threadid 47915474880256 -> core 6 - OK[0m[1;34m
[0m[1;34m	threadid 47915476981504 -> core 7 - OK[0m[1;34m
[0m[1;34m	threadid 47915479082752 -> core 8 - OK[0m[1;34m
[0m[1;34m	threadid 47915481184000 -> core 9 - OK[0m[1;34m
[0m[1;34m	threadid 47915483285248 -> core 10 - OK[0m[1;34m
[0m[1;34m	threadid 47915485386496 -> core 11 - OK[0m[1;34m
[0m[1;34m	threadid 47915487487744 -> core 12 - OK[0m[1;34m
[0m[1;34m	threadid 47915489588992 -> core 13 - OK[0m[1;34m
[0m[1;34m	threadid 47915491690240 -> core 14 - OK[0m[1;34m
[0m[1;34m	threadid 47915493791488 -> core 15 - OK[0m[1;34m
[0m[1;34m	threadid 47915495892736 -> core 16 - OK[0m[1;34m
[0m[1;34m	threadid 47915497993984 -> core 17 - OK[0m[1;34m
[0m[1;34m	threadid 47915500095232 -> core 18 - OK[0m[1;34m
[0m[1;34m	threadid 47915502196480 -> core 19 - OK[0m[1;34m
[0miterations: 8192
Total iterations: 6358310912 LUP
FLOP: 6
Total work: 38149865472 FLOP
performance: 1.812706 GLUP/s
Performance in GFLOP/s: 10.876235
size: 779689
time: 3.507635
diff(a-b): 96119341308033411685778017980978415416795178853313175325459557240767528516781106030029072313363725778166831833026848735313375295762217158001965520011491083353854363894691176832529609493234604420353218224587527468270164780074428186368701553792817748114973740288353787678388533331763087284023577607667712.000000
[1;34m[pthread wrapper] 
[0m[1;34m[pthread wrapper] MAIN -> 0
[0m[1;34m[pthread wrapper] PIN_MASK: [0m[1;34m0->1  [0m[1;34m1->2  [0m[1;34m2->3  [0m[1;34m3->4  [0m[1;34m4->5  [0m[1;34m5->6  [0m[1;34m6->7  [0m[1;34m7->8  [0m[1;34m8->9  [0m[1;34m9->10  [0m[1;34m10->11  [0m[1;34m11->12  [0m[1;34m12->13  [0m[1;34m13->14  [0m[1;34m14->15  [0m[1;34m15->16  [0m[1;34m16->17  [0m[1;34m17->18  [0m[1;34m18->19  [0m[1;34m
[pthread wrapper] SKIP MASK: 0x0
[0m[1;34m	threadid 47439122503424 -> core 1 - OK[0m[1;34m
[0m[1;34m	threadid 47439124604672 -> core 2 - OK[0m[1;34m
[0m[1;34m	threadid 47439126705920 -> core 3 - OK[0m[1;34m
[0m[1;34m	threadid 47439128807168 -> core 4 - OK[0m[1;34m
[0m[1;34m	threadid 47439130908416 -> core 5 - OK[0m[1;34m
[0m[1;34m	threadid 47439133009664 -> core 6 - OK[0m[1;34m
[0m[1;34m	threadid 47439135110912 -> core 7 - OK[0m[1;34m
[0m[1;34m	threadid 47439137212160 -> core 8 - OK[0m[1;34m
[0m[1;34m	threadid 47439139313408 -> core 9 - OK[0m[1;34m
[0m[1;34m	threadid 47439141414656 -> core 10 - OK[0m[1;34m
[0m[1;34m	threadid 47439143515904 -> core 11 - OK[0m[1;34m
[0m[1;34m	threadid 47439145617152 -> core 12 - OK[0m[1;34m
[0m[1;34m	threadid 47439147718400 -> core 13 - OK[0m[1;34m
[0m[1;34m	threadid 47439149819648 -> core 14 - OK[0m[1;34m
[0m[1;34m	threadid 47439151920896 -> core 15 - OK[0m[1;34m
[0m[1;34m	threadid 47439154022144 -> core 16 - OK[0m[1;34m
[0m[1;34m	threadid 47439156123392 -> core 17 - OK[0m[1;34m
[0m[1;34m	threadid 47439158224640 -> core 18 - OK[0m[1;34m
[0m[1;34m	threadid 47439160325888 -> core 19 - OK[0m[1;34m
[0miterations: 8192
Total iterations: 6358310912 LUP
FLOP: 6
Total work: 38149865472 FLOP
performance: 1.827139 GLUP/s
Performance in GFLOP/s: 10.962832
size: 779689
time: 3.479928
diff(a-b): 96119341308033411685778017980978415416795178853313175325459557240767528516781106030029072313363725778166831833026848735313375295762217158001965520011491083353854363894691176832529609493234604420353218224587527468270164780074428186368701553792817748114973740288353787678388533331763087284023577607667712.000000
[1;34m[pthread wrapper] 
[0m[1;34m[pthread wrapper] MAIN -> 0
[0m[1;34m[pthread wrapper] PIN_MASK: [0m[1;34m0->1  [0m[1;34m1->2  [0m[1;34m2->3  [0m[1;34m3->4  [0m[1;34m4->5  [0m[1;34m5->6  [0m[1;34m6->7  [0m[1;34m7->8  [0m[1;34m8->9  [0m[1;34m9->10  [0m[1;34m10->11  [0m[1;34m11->12  [0m[1;34m12->13  [0m[1;34m13->14  [0m[1;34m14->15  [0m[1;34m15->16  [0m[1;34m16->17  [0m[1;34m17->18  [0m[1;34m18->19  [0m[1;34m
[pthread wrapper] SKIP MASK: 0x0
[0m[1;34m	threadid 47971966289664 -> core 1 - OK[0m[1;34m
[0m[1;34m	threadid 47971968390912 -> core 2 - OK[0m[1;34m
[0m[1;34m	threadid 47971970492160 -> core 3 - OK[0m[1;34m
[0m[1;34m	threadid 47971972593408 -> core 4 - OK[0m[1;34m
[0m[1;34m	threadid 47971974694656 -> core 5 - OK[0m[1;34m
[0m[1;34m	threadid 47971976795904 -> core 6 - OK[0m[1;34m
[0m[1;34m	threadid 47971978897152 -> core 7 - OK[0m[1;34m
[0m[1;34m	threadid 47971980998400 -> core 8 - OK[0m[1;34m
[0m[1;34m	threadid 47971983099648 -> core 9 - OK[0m[1;34m
[0m[1;34m	threadid 47971985200896 -> core 10 - OK[0m[1;34m
[0m[1;34m	threadid 47971987302144 -> core 11 - OK[0m[1;34m
[0m[1;34m	threadid 47971989403392 -> core 12 - OK[0m[1;34m
[0m[1;34m	threadid 47971991504640 -> core 13 - OK[0m[1;34m
[0m[1;34m	threadid 47971993605888 -> core 14 - OK[0m[1;34m
[0m[1;34m	threadid 47971995707136 -> core 15 - OK[0m[1;34m
[0m[1;34m	threadid 47971997808384 -> core 16 - OK[0m[1;34m
[0m[1;34m	threadid 47971999909632 -> core 17 - OK[0m[1;34m
[0m[1;34m	threadid 47972002010880 -> core 18 - OK[0m[1;34m
[0m[1;34m	threadid 47972004112128 -> core 19 - OK[0m[1;34m
[0miterations: 8192
Total iterations: 6358310912 LUP
FLOP: 6
Total work: 38149865472 FLOP
performance: 1.833584 GLUP/s
Performance in GFLOP/s: 11.001505
size: 779689
time: 3.467695
diff(a-b): 96119341308033411685778017980978415416795178853313175325459557240767528516781106030029072313363725778166831833026848735313375295762217158001965520011491083353854363894691176832529609493234604420353218224587527468270164780074428186368701553792817748114973740288353787678388533331763087284023577607667712.000000
[1;34m[pthread wrapper] 
[0m[1;34m[pthread wrapper] MAIN -> 0
[0m[1;34m[pthread wrapper] PIN_MASK: [0m[1;34m0->1  [0m[1;34m1->2  [0m[1;34m2->3  [0m[1;34m3->4  [0m[1;34m4->5  [0m[1;34m5->6  [0m[1;34m6->7  [0m[1;34m7->8  [0m[1;34m8->9  [0m[1;34m9->10  [0m[1;34m10->11  [0m[1;34m11->12  [0m[1;34m12->13  [0m[1;34m13->14  [0m[1;34m14->15  [0m[1;34m15->16  [0m[1;34m16->17  [0m[1;34m17->18  [0m[1;34m18->19  [0m[1;34m
[pthread wrapper] SKIP MASK: 0x0
[0m[1;34m	threadid 47516938376960 -> core 1 - OK[0m[1;34m
[0m[1;34m	threadid 47516940478208 -> core 2 - OK[0m[1;34m
[0m[1;34m	threadid 47516942579456 -> core 3 - OK[0m[1;34m
[0m[1;34m	threadid 47516944680704 -> core 4 - OK[0m[1;34m
[0m[1;34m	threadid 47516946781952 -> core 5 - OK[0m[1;34m
[0m[1;34m	threadid 47516948883200 -> core 6 - OK[0m[1;34m
[0m[1;34m	threadid 47516950984448 -> core 7 - OK[0m[1;34m
[0m[1;34m	threadid 47516953085696 -> core 8 - OK[0m[1;34m
[0m[1;34m	threadid 47516955186944 -> core 9 - OK[0m[1;34m
[0m[1;34m	threadid 47516957288192 -> core 10 - OK[0m[1;34m
[0m[1;34m	threadid 47516959389440 -> core 11 - OK[0m[1;34m
[0m[1;34m	threadid 47516961490688 -> core 12 - OK[0m[1;34m
[0m[1;34m	threadid 47516963591936 -> core 13 - OK[0m[1;34m
[0m[1;34m	threadid 47516965693184 -> core 14 - OK[0m[1;34m
[0m[1;34m	threadid 47516967794432 -> core 15 - OK[0m[1;34m
[0m[1;34m	threadid 47516969895680 -> core 16 - OK[0m[1;34m
[0m[1;34m	threadid 47516971996928 -> core 17 - OK[0m[1;34m
[0m[1;34m	threadid 47516974098176 -> core 18 - OK[0m[1;34m
[0m[1;34m	threadid 47516976199424 -> core 19 - OK[0m[1;34m
[0miterations: 8192
Total iterations: 6358310912 LUP
FLOP: 6
Total work: 38149865472 FLOP
performance: 1.829636 GLUP/s
Performance in GFLOP/s: 10.977816
size: 779689
time: 3.475178
diff(a-b): 96119341308033411685778017980978415416795178853313175325459557240767528516781106030029072313363725778166831833026848735313375295762217158001965520011491083353854363894691176832529609493234604420353218224587527468270164780074428186368701553792817748114973740288353787678388533331763087284023577607667712.000000
[1;34m[pthread wrapper] 
[0m[1;34m[pthread wrapper] MAIN -> 0
[0m[1;34m[pthread wrapper] PIN_MASK: [0m[1;34m0->1  [0m[1;34m1->2  [0m[1;34m2->3  [0m[1;34m3->4  [0m[1;34m4->5  [0m[1;34m5->6  [0m[1;34m6->7  [0m[1;34m7->8  [0m[1;34m8->9  [0m[1;34m9->10  [0m[1;34m10->11  [0m[1;34m11->12  [0m[1;34m12->13  [0m[1;34m13->14  [0m[1;34m14->15  [0m[1;34m15->16  [0m[1;34m16->17  [0m[1;34m17->18  [0m[1;34m18->19  [0m[1;34m
[pthread wrapper] SKIP MASK: 0x0
[0m[1;34m	threadid 47721791428352 -> core 1 - OK[0m[1;34m
[0m[1;34m	threadid 47721793529600 -> core 2 - OK[0m[1;34m
[0m[1;34m	threadid 47721795630848 -> core 3 - OK[0m[1;34m
[0m[1;34m	threadid 47721797732096 -> core 4 - OK[0m[1;34m
[0m[1;34m	threadid 47721799833344 -> core 5 - OK[0m[1;34m
[0m[1;34m	threadid 47721801934592 -> core 6 - OK[0m[1;34m
[0m[1;34m	threadid 47721804035840 -> core 7 - OK[0m[1;34m
[0m[1;34m	threadid 47721806137088 -> core 8 - OK[0m[1;34m
[0m[1;34m	threadid 47721808238336 -> core 9 - OK[0m[1;34m
[0m[1;34m	threadid 47721810339584 -> core 10 - OK[0m[1;34m
[0m[1;34m	threadid 47721812440832 -> core 11 - OK[0m[1;34m
[0m[1;34m	threadid 47721814542080 -> core 12 - OK[0m[1;34m
[0m[1;34m	threadid 47721816643328 -> core 13 - OK[0m[1;34m
[0m[1;34m	threadid 47721818744576 -> core 14 - OK[0m[1;34m
[0m[1;34m	threadid 47721820845824 -> core 15 - OK[0m[1;34m
[0m[1;34m	threadid 47721822947072 -> core 16 - OK[0m[1;34m
[0m[1;34m	threadid 47721825048320 -> core 17 - OK[0m[1;34m
[0m[1;34m	threadid 47721827149568 -> core 18 - OK[0m[1;34m
[0m[1;34m	threadid 47721829250816 -> core 19 - OK[0m[1;34m
[0miterations: 8192
Total iterations: 6358310912 LUP
FLOP: 6
Total work: 38149865472 FLOP
performance: 1.812724 GLUP/s
Performance in GFLOP/s: 10.876341
size: 779689
time: 3.507601
diff(a-b): 96119341308033411685778017980978415416795178853313175325459557240767528516781106030029072313363725778166831833026848735313375295762217158001965520011491083353854363894691176832529609493234604420353218224587527468270164780074428186368701553792817748114973740288353787678388533331763087284023577607667712.000000
[1;34m[pthread wrapper] 
[0m[1;34m[pthread wrapper] MAIN -> 0
[0m[1;34m[pthread wrapper] PIN_MASK: [0m[1;34m0->1  [0m[1;34m1->2  [0m[1;34m2->3  [0m[1;34m3->4  [0m[1;34m4->5  [0m[1;34m5->6  [0m[1;34m6->7  [0m[1;34m7->8  [0m[1;34m8->9  [0m[1;34m9->10  [0m[1;34m10->11  [0m[1;34m11->12  [0m[1;34m12->13  [0m[1;34m13->14  [0m[1;34m14->15  [0m[1;34m15->16  [0m[1;34m16->17  [0m[1;34m17->18  [0m[1;34m18->19  [0m[1;34m
[pthread wrapper] SKIP MASK: 0x0
[0m[1;34m	threadid 47041229817600 -> core 1 - OK[0m[1;34m
[0m[1;34m	threadid 47041231918848 -> core 2 - OK[0m[1;34m
[0m[1;34m	threadid 47041234020096 -> core 3 - OK[0m[1;34m
[0m[1;34m	threadid 47041236121344 -> core 4 - OK[0m[1;34m
[0m[1;34m	threadid 47041238222592 -> core 5 - OK[0m[1;34m
[0m[1;34m	threadid 47041240323840 -> core 6 - OK[0m[1;34m
[0m[1;34m	threadid 47041242425088 -> core 7 - OK[0m[1;34m
[0m[1;34m	threadid 47041244526336 -> core 8 - OK[0m[1;34m
[0m[1;34m	threadid 47041246627584 -> core 9 - OK[0m[1;34m
[0m[1;34m	threadid 47041248728832 -> core 10 - OK[0m[1;34m
[0m[1;34m	threadid 47041250830080 -> core 11 - OK[0m[1;34m
[0m[1;34m	threadid 47041252931328 -> core 12 - OK[0m[1;34m
[0m[1;34m	threadid 47041255032576 -> core 13 - OK[0m[1;34m
[0m[1;34m	threadid 47041257133824 -> core 14 - OK[0m[1;34m
[0m[1;34m	threadid 47041259235072 -> core 15 - OK[0m[1;34m
[0m[1;34m	threadid 47041261336320 -> core 16 - OK[0m[1;34m
[0m[1;34m	threadid 47041263437568 -> core 17 - OK[0m[1;34m
[0m[1;34m	threadid 47041265538816 -> core 18 - OK[0m[1;34m
[0m[1;34m	threadid 47041267640064 -> core 19 - OK[0m[1;34m
[0miterations: 8192
Total iterations: 6358310912 LUP
FLOP: 6
Total work: 38149865472 FLOP
performance: 1.863944 GLUP/s
Performance in GFLOP/s: 11.183662
size: 779689
time: 3.411214
diff(a-b): 96119341308033411685778017980978415416795178853313175325459557240767528516781106030029072313363725778166831833026848735313375295762217158001965520011491083353854363894691176832529609493234604420353218224587527468270164780074428186368701553792817748114973740288353787678388533331763087284023577607667712.000000
