[1;34m[pthread wrapper] 
[0m[1;34m[pthread wrapper] MAIN -> 0
[0m[1;34m[pthread wrapper] PIN_MASK: [0m[1;34m0->1  [0m[1;34m
[pthread wrapper] SKIP MASK: 0x0
[0m[1;34m	threadid 47204142520064 -> core 1 - OK[0m[1;34m
[0miterations: 16384
Total iterations: 3157540864 LUP
FLOP: 6
Total work: 18945245184 FLOP
performance: 1.250302 GLUP/s
Performance in GFLOP/s: 7.501813
size: 194481
time: 2.525422
diff(a-b): -0.083524
[1;34m[pthread wrapper] 
[0m[1;34m[pthread wrapper] MAIN -> 0
[0m[1;34m[pthread wrapper] PIN_MASK: [0m[1;34m0->1  [0m[1;34m
[pthread wrapper] SKIP MASK: 0x0
[0m[1;34m	threadid 47405904033536 -> core 1 - OK[0m[1;34m
[0miterations: 16384
Total iterations: 3157540864 LUP
FLOP: 6
Total work: 18945245184 FLOP
performance: 1.268324 GLUP/s
Performance in GFLOP/s: 7.609941
size: 194481
time: 2.489539
diff(a-b): -0.083524
[1;34m[pthread wrapper] 
[0m[1;34m[pthread wrapper] MAIN -> 0
[0m[1;34m[pthread wrapper] PIN_MASK: [0m[1;34m0->1  [0m[1;34m
[pthread wrapper] SKIP MASK: 0x0
[0m[1;34m	threadid 47318241629952 -> core 1 - OK[0m[1;34m
[0miterations: 16384
Total iterations: 3157540864 LUP
FLOP: 6
Total work: 18945245184 FLOP
performance: 1.266793 GLUP/s
Performance in GFLOP/s: 7.600757
size: 194481
time: 2.492547
diff(a-b): -0.083524
[1;34m[pthread wrapper] 
[0m[1;34m[pthread wrapper] MAIN -> 0
[0m[1;34m[pthread wrapper] PIN_MASK: [0m[1;34m0->1  [0m[1;34m
[pthread wrapper] SKIP MASK: 0x0
[0m[1;34m	threadid 47071854036736 -> core 1 - OK[0m[1;34m
[0miterations: 16384
Total iterations: 3157540864 LUP
FLOP: 6
Total work: 18945245184 FLOP
performance: 1.259248 GLUP/s
Performance in GFLOP/s: 7.555489
size: 194481
time: 2.507481
diff(a-b): -0.083524
[1;34m[pthread wrapper] 
[0m[1;34m[pthread wrapper] MAIN -> 0
[0m[1;34m[pthread wrapper] PIN_MASK: [0m[1;34m0->1  [0m[1;34m
[pthread wrapper] SKIP MASK: 0x0
[0m[1;34m	threadid 47138286118656 -> core 1 - OK[0m[1;34m
[0miterations: 16384
Total iterations: 3157540864 LUP
FLOP: 6
Total work: 18945245184 FLOP
performance: 1.270440 GLUP/s
Performance in GFLOP/s: 7.622642
size: 194481
time: 2.485391
diff(a-b): -0.083524
[1;34m[pthread wrapper] 
[0m[1;34m[pthread wrapper] MAIN -> 0
[0m[1;34m[pthread wrapper] PIN_MASK: [0m[1;34m0->1  [0m[1;34m
[pthread wrapper] SKIP MASK: 0x0
[0m[1;34m	threadid 47211212080896 -> core 1 - OK[0m[1;34m
[0miterations: 16384
Total iterations: 3157540864 LUP
FLOP: 6
Total work: 18945245184 FLOP
performance: 1.238965 GLUP/s
Performance in GFLOP/s: 7.433793
size: 194481
time: 2.548530
diff(a-b): -0.083524
[1;34m[pthread wrapper] 
[0m[1;34m[pthread wrapper] MAIN -> 0
[0m[1;34m[pthread wrapper] PIN_MASK: [0m[1;34m0->1  [0m[1;34m
[pthread wrapper] SKIP MASK: 0x0
[0m[1;34m	threadid 47006890133248 -> core 1 - OK[0m[1;34m
[0miterations: 16384
Total iterations: 3157540864 LUP
FLOP: 6
Total work: 18945245184 FLOP
performance: 1.262749 GLUP/s
Performance in GFLOP/s: 7.576492
size: 194481
time: 2.500530
diff(a-b): -0.083524
[1;34m[pthread wrapper] 
[0m[1;34m[pthread wrapper] MAIN -> 0
[0m[1;34m[pthread wrapper] PIN_MASK: [0m[1;34m0->1  [0m[1;34m
[pthread wrapper] SKIP MASK: 0x0
[0m[1;34m	threadid 47635825022720 -> core 1 - OK[0m[1;34m
[0miterations: 16384
Total iterations: 3157540864 LUP
FLOP: 6
Total work: 18945245184 FLOP
performance: 1.267054 GLUP/s
Performance in GFLOP/s: 7.602325
size: 194481
time: 2.492033
diff(a-b): -0.083524
[1;34m[pthread wrapper] 
[0m[1;34m[pthread wrapper] MAIN -> 0
[0m[1;34m[pthread wrapper] PIN_MASK: [0m[1;34m0->1  [0m[1;34m
[pthread wrapper] SKIP MASK: 0x0
[0m[1;34m	threadid 47370459354880 -> core 1 - OK[0m[1;34m
[0miterations: 16384
Total iterations: 3157540864 LUP
FLOP: 6
Total work: 18945245184 FLOP
performance: 1.281508 GLUP/s
Performance in GFLOP/s: 7.689048
size: 194481
time: 2.463926
diff(a-b): -0.083524
[1;34m[pthread wrapper] 
[0m[1;34m[pthread wrapper] MAIN -> 0
[0m[1;34m[pthread wrapper] PIN_MASK: [0m[1;34m0->1  [0m[1;34m
[pthread wrapper] SKIP MASK: 0x0
[0m[1;34m	threadid 47678134077184 -> core 1 - OK[0m[1;34m
[0miterations: 16384
Total iterations: 3157540864 LUP
FLOP: 6
Total work: 18945245184 FLOP
performance: 1.281032 GLUP/s
Performance in GFLOP/s: 7.686194
size: 194481
time: 2.464841
diff(a-b): -0.083524
