[1;34m[pthread wrapper] 
[0m[1;34m[pthread wrapper] MAIN -> 0
[0m[1;34m[pthread wrapper] PIN_MASK: [0m[1;34m0->1  [0m[1;34m1->2  [0m[1;34m2->3  [0m[1;34m3->4  [0m[1;34m4->5  [0m[1;34m5->6  [0m[1;34m6->7  [0m[1;34m7->8  [0m[1;34m8->9  [0m[1;34m9->10  [0m[1;34m10->11  [0m[1;34m11->12  [0m[1;34m12->13  [0m[1;34m13->14  [0m[1;34m14->15  [0m[1;34m
[pthread wrapper] SKIP MASK: 0x0
[0m[1;34m	threadid 47110322140928 -> core 1 - OK[0m[1;34m
[0m[1;34m	threadid 47110324242176 -> core 2 - OK[0m[1;34m
[0m[1;34m	threadid 47110326343424 -> core 3 - OK[0m[1;34m
[0m[1;34m	threadid 47110328444672 -> core 4 - OK[0m[1;34m
[0m[1;34m	threadid 47110330545920 -> core 5 - OK[0m[1;34m
[0m[1;34m	threadid 47110332647168 -> core 6 - OK[0m[1;34m
[0m[1;34m	threadid 47110334748416 -> core 7 - OK[0m[1;34m
[0m[1;34m	threadid 47110336849664 -> core 8 - OK[0m[1;34m
[0m[1;34m	threadid 47110338950912 -> core 9 - OK[0m[1;34m
[0m[1;34m	threadid 47110341052160 -> core 10 - OK[0m[1;34m
[0m[1;34m	threadid 47110343153408 -> core 11 - OK[0m[1;34m
[0m[1;34m	threadid 47110345254656 -> core 12 - OK[0m[1;34m
[0m[1;34m	threadid 47110347355904 -> core 13 - OK[0m[1;34m
[0m[1;34m	threadid 47110349457152 -> core 14 - OK[0m[1;34m
[0m[1;34m	threadid 47110351558400 -> core 15 - OK[0m[1;34m
[0miterations: 8192
Total iterations: 6358310912 LUP
FLOP: 6
Total work: 38149865472 FLOP
performance: 1.777962 GLUP/s
Performance in GFLOP/s: 10.667770
size: 779689
time: 3.576180
diff(a-b): 96119341308033411685778017980978415416795178853313175325459557240767528516781106030029072313363725778166831833026848735313375295762217158001965520011491083353854363894691176832529609493234604420353218224587527468270164780074428186368701553792817748114973740288353787678388533331763087284023577607667712.000000
[1;34m[pthread wrapper] 
[0m[1;34m[pthread wrapper] MAIN -> 0
[0m[1;34m[pthread wrapper] PIN_MASK: [0m[1;34m0->1  [0m[1;34m1->2  [0m[1;34m2->3  [0m[1;34m3->4  [0m[1;34m4->5  [0m[1;34m5->6  [0m[1;34m6->7  [0m[1;34m7->8  [0m[1;34m8->9  [0m[1;34m9->10  [0m[1;34m10->11  [0m[1;34m11->12  [0m[1;34m12->13  [0m[1;34m13->14  [0m[1;34m14->15  [0m[1;34m
[pthread wrapper] SKIP MASK: 0x0
[0m[1;34m	threadid 47742315824896 -> core 1 - OK[0m[1;34m
[0m[1;34m	threadid 47742317926144 -> core 2 - OK[0m[1;34m
[0m[1;34m	threadid 47742320027392 -> core 3 - OK[0m[1;34m
[0m[1;34m	threadid 47742322128640 -> core 4 - OK[0m[1;34m
[0m[1;34m	threadid 47742324229888 -> core 5 - OK[0m[1;34m
[0m[1;34m	threadid 47742326331136 -> core 6 - OK[0m[1;34m
[0m[1;34m	threadid 47742328432384 -> core 7 - OK[0m[1;34m
[0m[1;34m	threadid 47742330533632 -> core 8 - OK[0m[1;34m
[0m[1;34m	threadid 47742332634880 -> core 9 - OK[0m[1;34m
[0m[1;34m	threadid 47742334736128 -> core 10 - OK[0m[1;34m
[0m[1;34m	threadid 47742336837376 -> core 11 - OK[0m[1;34m
[0m[1;34m	threadid 47742338938624 -> core 12 - OK[0m[1;34m
[0m[1;34m	threadid 47742341039872 -> core 13 - OK[0m[1;34m
[0m[1;34m	threadid 47742343141120 -> core 14 - OK[0m[1;34m
[0m[1;34m	threadid 47742345242368 -> core 15 - OK[0m[1;34m
[0miterations: 8192
Total iterations: 6358310912 LUP
FLOP: 6
Total work: 38149865472 FLOP
performance: 1.782636 GLUP/s
Performance in GFLOP/s: 10.695814
size: 779689
time: 3.566803
diff(a-b): 96119341308033411685778017980978415416795178853313175325459557240767528516781106030029072313363725778166831833026848735313375295762217158001965520011491083353854363894691176832529609493234604420353218224587527468270164780074428186368701553792817748114973740288353787678388533331763087284023577607667712.000000
[1;34m[pthread wrapper] 
[0m[1;34m[pthread wrapper] MAIN -> 0
[0m[1;34m[pthread wrapper] PIN_MASK: [0m[1;34m0->1  [0m[1;34m1->2  [0m[1;34m2->3  [0m[1;34m3->4  [0m[1;34m4->5  [0m[1;34m5->6  [0m[1;34m6->7  [0m[1;34m7->8  [0m[1;34m8->9  [0m[1;34m9->10  [0m[1;34m10->11  [0m[1;34m11->12  [0m[1;34m12->13  [0m[1;34m13->14  [0m[1;34m14->15  [0m[1;34m
[pthread wrapper] SKIP MASK: 0x0
[0m[1;34m	threadid 47924993443584 -> core 1 - OK[0m[1;34m
[0m[1;34m	threadid 47924995544832 -> core 2 - OK[0m[1;34m
[0m[1;34m	threadid 47924997646080 -> core 3 - OK[0m[1;34m
[0m[1;34m	threadid 47924999747328 -> core 4 - OK[0m[1;34m
[0m[1;34m	threadid 47925001848576 -> core 5 - OK[0m[1;34m
[0m[1;34m	threadid 47925003949824 -> core 6 - OK[0m[1;34m
[0m[1;34m	threadid 47925006051072 -> core 7 - OK[0m[1;34m
[0m[1;34m	threadid 47925008152320 -> core 8 - OK[0m[1;34m
[0m[1;34m	threadid 47925010253568 -> core 9 - OK[0m[1;34m
[0m[1;34m	threadid 47925012354816 -> core 10 - OK[0m[1;34m
[0m[1;34m	threadid 47925014456064 -> core 11 - OK[0m[1;34m
[0m[1;34m	threadid 47925016557312 -> core 12 - OK[0m[1;34m
[0m[1;34m	threadid 47925018658560 -> core 13 - OK[0m[1;34m
[0m[1;34m	threadid 47925020759808 -> core 14 - OK[0m[1;34m
[0m[1;34m	threadid 47925022861056 -> core 15 - OK[0m[1;34m
[0miterations: 8192
Total iterations: 6358310912 LUP
FLOP: 6
Total work: 38149865472 FLOP
performance: 1.812333 GLUP/s
Performance in GFLOP/s: 10.873997
size: 779689
time: 3.508357
diff(a-b): 96119341308033411685778017980978415416795178853313175325459557240767528516781106030029072313363725778166831833026848735313375295762217158001965520011491083353854363894691176832529609493234604420353218224587527468270164780074428186368701553792817748114973740288353787678388533331763087284023577607667712.000000
[1;34m[pthread wrapper] 
[0m[1;34m[pthread wrapper] MAIN -> 0
[0m[1;34m[pthread wrapper] PIN_MASK: [0m[1;34m0->1  [0m[1;34m1->2  [0m[1;34m2->3  [0m[1;34m3->4  [0m[1;34m4->5  [0m[1;34m5->6  [0m[1;34m6->7  [0m[1;34m7->8  [0m[1;34m8->9  [0m[1;34m9->10  [0m[1;34m10->11  [0m[1;34m11->12  [0m[1;34m12->13  [0m[1;34m13->14  [0m[1;34m14->15  [0m[1;34m
[pthread wrapper] SKIP MASK: 0x0
[0m[1;34m	threadid 47950705321728 -> core 1 - OK[0m[1;34m
[0m[1;34m	threadid 47950707422976 -> core 2 - OK[0m[1;34m
[0m[1;34m	threadid 47950709524224 -> core 3 - OK[0m[1;34m
[0m[1;34m	threadid 47950711625472 -> core 4 - OK[0m[1;34m
[0m[1;34m	threadid 47950713726720 -> core 5 - OK[0m[1;34m
[0m[1;34m	threadid 47950715827968 -> core 6 - OK[0m[1;34m
[0m[1;34m	threadid 47950717929216 -> core 7 - OK[0m[1;34m
[0m[1;34m	threadid 47950720030464 -> core 8 - OK[0m[1;34m
[0m[1;34m	threadid 47950722131712 -> core 9 - OK[0m[1;34m
[0m[1;34m	threadid 47950724232960 -> core 10 - OK[0m[1;34m
[0m[1;34m	threadid 47950726334208 -> core 11 - OK[0m[1;34m
[0m[1;34m	threadid 47950728435456 -> core 12 - OK[0m[1;34m
[0m[1;34m	threadid 47950730536704 -> core 13 - OK[0m[1;34m
[0m[1;34m	threadid 47950732637952 -> core 14 - OK[0m[1;34m
[0m[1;34m	threadid 47950734739200 -> core 15 - OK[0m[1;34m
[0miterations: 8192
Total iterations: 6358310912 LUP
FLOP: 6
Total work: 38149865472 FLOP
performance: 1.727898 GLUP/s
Performance in GFLOP/s: 10.367386
size: 779689
time: 3.679796
diff(a-b): 96119341308033411685778017980978415416795178853313175325459557240767528516781106030029072313363725778166831833026848735313375295762217158001965520011491083353854363894691176832529609493234604420353218224587527468270164780074428186368701553792817748114973740288353787678388533331763087284023577607667712.000000
[1;34m[pthread wrapper] 
[0m[1;34m[pthread wrapper] MAIN -> 0
[0m[1;34m[pthread wrapper] PIN_MASK: [0m[1;34m0->1  [0m[1;34m1->2  [0m[1;34m2->3  [0m[1;34m3->4  [0m[1;34m4->5  [0m[1;34m5->6  [0m[1;34m6->7  [0m[1;34m7->8  [0m[1;34m8->9  [0m[1;34m9->10  [0m[1;34m10->11  [0m[1;34m11->12  [0m[1;34m12->13  [0m[1;34m13->14  [0m[1;34m14->15  [0m[1;34m
[pthread wrapper] SKIP MASK: 0x0
[0m[1;34m	threadid 46918540764928 -> core 1 - OK[0m[1;34m
[0m[1;34m	threadid 46918542866176 -> core 2 - OK[0m[1;34m
[0m[1;34m	threadid 46918544967424 -> core 3 - OK[0m[1;34m
[0m[1;34m	threadid 46918547068672 -> core 4 - OK[0m[1;34m
[0m[1;34m	threadid 46918549169920 -> core 5 - OK[0m[1;34m
[0m[1;34m	threadid 46918551271168 -> core 6 - OK[0m[1;34m
[0m[1;34m	threadid 46918553372416 -> core 7 - OK[0m[1;34m
[0m[1;34m	threadid 46918555473664 -> core 8 - OK[0m[1;34m
[0m[1;34m	threadid 46918557574912 -> core 9 - OK[0m[1;34m
[0m[1;34m	threadid 46918559676160 -> core 10 - OK[0m[1;34m
[0m[1;34m	threadid 46918561777408 -> core 11 - OK[0m[1;34m
[0m[1;34m	threadid 46918563878656 -> core 12 - OK[0m[1;34m
[0m[1;34m	threadid 46918565979904 -> core 13 - OK[0m[1;34m
[0m[1;34m	threadid 46918568081152 -> core 14 - OK[0m[1;34m
[0m[1;34m	threadid 46918570182400 -> core 15 - OK[0m[1;34m
[0miterations: 8192
Total iterations: 6358310912 LUP
FLOP: 6
Total work: 38149865472 FLOP
performance: 1.784849 GLUP/s
Performance in GFLOP/s: 10.709092
size: 779689
time: 3.562381
diff(a-b): 96119341308033411685778017980978415416795178853313175325459557240767528516781106030029072313363725778166831833026848735313375295762217158001965520011491083353854363894691176832529609493234604420353218224587527468270164780074428186368701553792817748114973740288353787678388533331763087284023577607667712.000000
[1;34m[pthread wrapper] 
[0m[1;34m[pthread wrapper] MAIN -> 0
[0m[1;34m[pthread wrapper] PIN_MASK: [0m[1;34m0->1  [0m[1;34m1->2  [0m[1;34m2->3  [0m[1;34m3->4  [0m[1;34m4->5  [0m[1;34m5->6  [0m[1;34m6->7  [0m[1;34m7->8  [0m[1;34m8->9  [0m[1;34m9->10  [0m[1;34m10->11  [0m[1;34m11->12  [0m[1;34m12->13  [0m[1;34m13->14  [0m[1;34m14->15  [0m[1;34m
[pthread wrapper] SKIP MASK: 0x0
[0m[1;34m	threadid 47509074822912 -> core 1 - OK[0m[1;34m
[0m[1;34m	threadid 47509076924160 -> core 2 - OK[0m[1;34m
[0m[1;34m	threadid 47509079025408 -> core 3 - OK[0m[1;34m
[0m[1;34m	threadid 47509081126656 -> core 4 - OK[0m[1;34m
[0m[1;34m	threadid 47509083227904 -> core 5 - OK[0m[1;34m
[0m[1;34m	threadid 47509085329152 -> core 6 - OK[0m[1;34m
[0m[1;34m	threadid 47509087430400 -> core 7 - OK[0m[1;34m
[0m[1;34m	threadid 47509089531648 -> core 8 - OK[0m[1;34m
[0m[1;34m	threadid 47509091632896 -> core 9 - OK[0m[1;34m
[0m[1;34m	threadid 47509093734144 -> core 10 - OK[0m[1;34m
[0m[1;34m	threadid 47509095835392 -> core 11 - OK[0m[1;34m
[0m[1;34m	threadid 47509097936640 -> core 12 - OK[0m[1;34m
[0m[1;34m	threadid 47509100037888 -> core 13 - OK[0m[1;34m
[0m[1;34m	threadid 47509102139136 -> core 14 - OK[0m[1;34m
[0m[1;34m	threadid 47509104240384 -> core 15 - OK[0m[1;34m
[0miterations: 8192
Total iterations: 6358310912 LUP
FLOP: 6
Total work: 38149865472 FLOP
performance: 1.748017 GLUP/s
Performance in GFLOP/s: 10.488100
size: 779689
time: 3.637443
diff(a-b): 96119341308033411685778017980978415416795178853313175325459557240767528516781106030029072313363725778166831833026848735313375295762217158001965520011491083353854363894691176832529609493234604420353218224587527468270164780074428186368701553792817748114973740288353787678388533331763087284023577607667712.000000
[1;34m[pthread wrapper] 
[0m[1;34m[pthread wrapper] MAIN -> 0
[0m[1;34m[pthread wrapper] PIN_MASK: [0m[1;34m0->1  [0m[1;34m1->2  [0m[1;34m2->3  [0m[1;34m3->4  [0m[1;34m4->5  [0m[1;34m5->6  [0m[1;34m6->7  [0m[1;34m7->8  [0m[1;34m8->9  [0m[1;34m9->10  [0m[1;34m10->11  [0m[1;34m11->12  [0m[1;34m12->13  [0m[1;34m13->14  [0m[1;34m14->15  [0m[1;34m
[pthread wrapper] SKIP MASK: 0x0
[0m[1;34m	threadid 47903088355072 -> core 1 - OK[0m[1;34m
[0m[1;34m	threadid 47903090456320 -> core 2 - OK[0m[1;34m
[0m[1;34m	threadid 47903092557568 -> core 3 - OK[0m[1;34m
[0m[1;34m	threadid 47903094658816 -> core 4 - OK[0m[1;34m
[0m[1;34m	threadid 47903096760064 -> core 5 - OK[0m[1;34m
[0m[1;34m	threadid 47903098861312 -> core 6 - OK[0m[1;34m
[0m[1;34m	threadid 47903100962560 -> core 7 - OK[0m[1;34m
[0m[1;34m	threadid 47903103063808 -> core 8 - OK[0m[1;34m
[0m[1;34m	threadid 47903105165056 -> core 9 - OK[0m[1;34m
[0m[1;34m	threadid 47903107266304 -> core 10 - OK[0m[1;34m
[0m[1;34m	threadid 47903109367552 -> core 11 - OK[0m[1;34m
[0m[1;34m	threadid 47903111468800 -> core 12 - OK[0m[1;34m
[0m[1;34m	threadid 47903113570048 -> core 13 - OK[0m[1;34m
[0m[1;34m	threadid 47903115671296 -> core 14 - OK[0m[1;34m
[0m[1;34m	threadid 47903117772544 -> core 15 - OK[0m[1;34m
[0miterations: 8192
Total iterations: 6358310912 LUP
FLOP: 6
Total work: 38149865472 FLOP
performance: 1.772566 GLUP/s
Performance in GFLOP/s: 10.635396
size: 779689
time: 3.587066
diff(a-b): 96119341308033411685778017980978415416795178853313175325459557240767528516781106030029072313363725778166831833026848735313375295762217158001965520011491083353854363894691176832529609493234604420353218224587527468270164780074428186368701553792817748114973740288353787678388533331763087284023577607667712.000000
[1;34m[pthread wrapper] 
[0m[1;34m[pthread wrapper] MAIN -> 0
[0m[1;34m[pthread wrapper] PIN_MASK: [0m[1;34m0->1  [0m[1;34m1->2  [0m[1;34m2->3  [0m[1;34m3->4  [0m[1;34m4->5  [0m[1;34m5->6  [0m[1;34m6->7  [0m[1;34m7->8  [0m[1;34m8->9  [0m[1;34m9->10  [0m[1;34m10->11  [0m[1;34m11->12  [0m[1;34m12->13  [0m[1;34m13->14  [0m[1;34m14->15  [0m[1;34m
[pthread wrapper] SKIP MASK: 0x0
[0m[1;34m	threadid 47462188484352 -> core 1 - OK[0m[1;34m
[0m[1;34m	threadid 47462190585600 -> core 2 - OK[0m[1;34m
[0m[1;34m	threadid 47462192686848 -> core 3 - OK[0m[1;34m
[0m[1;34m	threadid 47462194788096 -> core 4 - OK[0m[1;34m
[0m[1;34m	threadid 47462196889344 -> core 5 - OK[0m[1;34m
[0m[1;34m	threadid 47462198990592 -> core 6 - OK[0m[1;34m
[0m[1;34m	threadid 47462201091840 -> core 7 - OK[0m[1;34m
[0m[1;34m	threadid 47462203193088 -> core 8 - OK[0m[1;34m
[0m[1;34m	threadid 47462205294336 -> core 9 - OK[0m[1;34m
[0m[1;34m	threadid 47462207395584 -> core 10 - OK[0m[1;34m
[0m[1;34m	threadid 47462209496832 -> core 11 - OK[0m[1;34m
[0m[1;34m	threadid 47462211598080 -> core 12 - OK[0m[1;34m
[0m[1;34m	threadid 47462213699328 -> core 13 - OK[0m[1;34m
[0m[1;34m	threadid 47462215800576 -> core 14 - OK[0m[1;34m
[0m[1;34m	threadid 47462217901824 -> core 15 - OK[0m[1;34m
[0miterations: 8192
Total iterations: 6358310912 LUP
FLOP: 6
Total work: 38149865472 FLOP
performance: 1.815594 GLUP/s
Performance in GFLOP/s: 10.893562
size: 779689
time: 3.502056
diff(a-b): 96119341308033411685778017980978415416795178853313175325459557240767528516781106030029072313363725778166831833026848735313375295762217158001965520011491083353854363894691176832529609493234604420353218224587527468270164780074428186368701553792817748114973740288353787678388533331763087284023577607667712.000000
[1;34m[pthread wrapper] 
[0m[1;34m[pthread wrapper] MAIN -> 0
[0m[1;34m[pthread wrapper] PIN_MASK: [0m[1;34m0->1  [0m[1;34m1->2  [0m[1;34m2->3  [0m[1;34m3->4  [0m[1;34m4->5  [0m[1;34m5->6  [0m[1;34m6->7  [0m[1;34m7->8  [0m[1;34m8->9  [0m[1;34m9->10  [0m[1;34m10->11  [0m[1;34m11->12  [0m[1;34m12->13  [0m[1;34m13->14  [0m[1;34m14->15  [0m[1;34m
[pthread wrapper] SKIP MASK: 0x0
[0m[1;34m	threadid 47360398919424 -> core 1 - OK[0m[1;34m
[0m[1;34m	threadid 47360401020672 -> core 2 - OK[0m[1;34m
[0m[1;34m	threadid 47360403121920 -> core 3 - OK[0m[1;34m
[0m[1;34m	threadid 47360405223168 -> core 4 - OK[0m[1;34m
[0m[1;34m	threadid 47360407324416 -> core 5 - OK[0m[1;34m
[0m[1;34m	threadid 47360409425664 -> core 6 - OK[0m[1;34m
[0m[1;34m	threadid 47360411526912 -> core 7 - OK[0m[1;34m
[0m[1;34m	threadid 47360413628160 -> core 8 - OK[0m[1;34m
[0m[1;34m	threadid 47360415729408 -> core 9 - OK[0m[1;34m
[0m[1;34m	threadid 47360417830656 -> core 10 - OK[0m[1;34m
[0m[1;34m	threadid 47360419931904 -> core 11 - OK[0m[1;34m
[0m[1;34m	threadid 47360422033152 -> core 12 - OK[0m[1;34m
[0m[1;34m	threadid 47360424134400 -> core 13 - OK[0m[1;34m
[0m[1;34m	threadid 47360426235648 -> core 14 - OK[0m[1;34m
[0m[1;34m	threadid 47360428336896 -> core 15 - OK[0m[1;34m
[0miterations: 8192
Total iterations: 6358310912 LUP
FLOP: 6
Total work: 38149865472 FLOP
performance: 1.715671 GLUP/s
Performance in GFLOP/s: 10.294029
size: 779689
time: 3.706019
diff(a-b): 96119341308033411685778017980978415416795178853313175325459557240767528516781106030029072313363725778166831833026848735313375295762217158001965520011491083353854363894691176832529609493234604420353218224587527468270164780074428186368701553792817748114973740288353787678388533331763087284023577607667712.000000
[1;34m[pthread wrapper] 
[0m[1;34m[pthread wrapper] MAIN -> 0
[0m[1;34m[pthread wrapper] PIN_MASK: [0m[1;34m0->1  [0m[1;34m1->2  [0m[1;34m2->3  [0m[1;34m3->4  [0m[1;34m4->5  [0m[1;34m5->6  [0m[1;34m6->7  [0m[1;34m7->8  [0m[1;34m8->9  [0m[1;34m9->10  [0m[1;34m10->11  [0m[1;34m11->12  [0m[1;34m12->13  [0m[1;34m13->14  [0m[1;34m14->15  [0m[1;34m
[pthread wrapper] SKIP MASK: 0x0
[0m[1;34m	threadid 47607034746624 -> core 1 - OK[0m[1;34m
[0m[1;34m	threadid 47607036847872 -> core 2 - OK[0m[1;34m
[0m[1;34m	threadid 47607038949120 -> core 3 - OK[0m[1;34m
[0m[1;34m	threadid 47607041050368 -> core 4 - OK[0m[1;34m
[0m[1;34m	threadid 47607043151616 -> core 5 - OK[0m[1;34m
[0m[1;34m	threadid 47607045252864 -> core 6 - OK[0m[1;34m
[0m[1;34m	threadid 47607047354112 -> core 7 - OK[0m[1;34m
[0m[1;34m	threadid 47607049455360 -> core 8 - OK[0m[1;34m
[0m[1;34m	threadid 47607051556608 -> core 9 - OK[0m[1;34m
[0m[1;34m	threadid 47607053657856 -> core 10 - OK[0m[1;34m
[0m[1;34m	threadid 47607055759104 -> core 11 - OK[0m[1;34m
[0m[1;34m	threadid 47607057860352 -> core 12 - OK[0m[1;34m
[0m[1;34m	threadid 47607059961600 -> core 13 - OK[0m[1;34m
[0m[1;34m	threadid 47607062062848 -> core 14 - OK[0m[1;34m
[0m[1;34m	threadid 47607064164096 -> core 15 - OK[0m[1;34m
[0miterations: 8192
Total iterations: 6358310912 LUP
FLOP: 6
Total work: 38149865472 FLOP
performance: 1.739185 GLUP/s
Performance in GFLOP/s: 10.435107
size: 779689
time: 3.655915
diff(a-b): 96119341308033411685778017980978415416795178853313175325459557240767528516781106030029072313363725778166831833026848735313375295762217158001965520011491083353854363894691176832529609493234604420353218224587527468270164780074428186368701553792817748114973740288353787678388533331763087284023577607667712.000000
