[1;34m[pthread wrapper] 
[0m[1;34m[pthread wrapper] MAIN -> 0
[0m[1;34m[pthread wrapper] PIN_MASK: [0m[1;34m0->1  [0m[1;34m
[pthread wrapper] SKIP MASK: 0x0
[0m[1;34m	threadid 47501280012032 -> core 1 - OK[0m[1;34m
[0miterations: 4096
Total iterations: 3179155456 LUP
FLOP: 6
Total work: 19074932736 FLOP
performance: 1.451436 GLUP/s
Performance in GFLOP/s: 8.708615
size: 779689
time: 2.190352
diff(a-b): 1189759638301370387535848191599532462996534014187208257479077904539072918783450216937940132107664371507874180231160507250105497666053057752789488448307200.000000
[1;34m[pthread wrapper] 
[0m[1;34m[pthread wrapper] MAIN -> 0
[0m[1;34m[pthread wrapper] PIN_MASK: [0m[1;34m0->1  [0m[1;34m
[pthread wrapper] SKIP MASK: 0x0
[0m[1;34m	threadid 47584151009024 -> core 1 - OK[0m[1;34m
[0miterations: 4096
Total iterations: 3179155456 LUP
FLOP: 6
Total work: 19074932736 FLOP
performance: 1.429050 GLUP/s
Performance in GFLOP/s: 8.574302
size: 779689
time: 2.224663
diff(a-b): 1189759638301370387535848191599532462996534014187208257479077904539072918783450216937940132107664371507874180231160507250105497666053057752789488448307200.000000
[1;34m[pthread wrapper] 
[0m[1;34m[pthread wrapper] MAIN -> 0
[0m[1;34m[pthread wrapper] PIN_MASK: [0m[1;34m0->1  [0m[1;34m
[pthread wrapper] SKIP MASK: 0x0
[0m[1;34m	threadid 47827923179264 -> core 1 - OK[0m[1;34m
[0miterations: 4096
Total iterations: 3179155456 LUP
FLOP: 6
Total work: 19074932736 FLOP
performance: 1.453529 GLUP/s
Performance in GFLOP/s: 8.721173
size: 779689
time: 2.187198
diff(a-b): 1189759638301370387535848191599532462996534014187208257479077904539072918783450216937940132107664371507874180231160507250105497666053057752789488448307200.000000
[1;34m[pthread wrapper] 
[0m[1;34m[pthread wrapper] MAIN -> 0
[0m[1;34m[pthread wrapper] PIN_MASK: [0m[1;34m0->1  [0m[1;34m
[pthread wrapper] SKIP MASK: 0x0
[0m[1;34m	threadid 47317413844736 -> core 1 - OK[0m[1;34m
[0miterations: 4096
Total iterations: 3179155456 LUP
FLOP: 6
Total work: 19074932736 FLOP
performance: 1.440455 GLUP/s
Performance in GFLOP/s: 8.642731
size: 779689
time: 2.207049
diff(a-b): 1189759638301370387535848191599532462996534014187208257479077904539072918783450216937940132107664371507874180231160507250105497666053057752789488448307200.000000
[1;34m[pthread wrapper] 
[0m[1;34m[pthread wrapper] MAIN -> 0
[0m[1;34m[pthread wrapper] PIN_MASK: [0m[1;34m0->1  [0m[1;34m
[pthread wrapper] SKIP MASK: 0x0
[0m[1;34m	threadid 47137653491456 -> core 1 - OK[0m[1;34m
[0miterations: 4096
Total iterations: 3179155456 LUP
FLOP: 6
Total work: 19074932736 FLOP
performance: 1.452152 GLUP/s
Performance in GFLOP/s: 8.712912
size: 779689
time: 2.189272
diff(a-b): 1189759638301370387535848191599532462996534014187208257479077904539072918783450216937940132107664371507874180231160507250105497666053057752789488448307200.000000
[1;34m[pthread wrapper] 
[0m[1;34m[pthread wrapper] MAIN -> 0
[0m[1;34m[pthread wrapper] PIN_MASK: [0m[1;34m0->1  [0m[1;34m
[pthread wrapper] SKIP MASK: 0x0
[0m[1;34m	threadid 47885010032384 -> core 1 - OK[0m[1;34m
[0miterations: 4096
Total iterations: 3179155456 LUP
FLOP: 6
Total work: 19074932736 FLOP
performance: 1.429928 GLUP/s
Performance in GFLOP/s: 8.579571
size: 779689
time: 2.223297
diff(a-b): 1189759638301370387535848191599532462996534014187208257479077904539072918783450216937940132107664371507874180231160507250105497666053057752789488448307200.000000
[1;34m[pthread wrapper] 
[0m[1;34m[pthread wrapper] MAIN -> 0
[0m[1;34m[pthread wrapper] PIN_MASK: [0m[1;34m0->1  [0m[1;34m
[pthread wrapper] SKIP MASK: 0x0
[0m[1;34m	threadid 47194376832768 -> core 1 - OK[0m[1;34m
[0miterations: 4096
Total iterations: 3179155456 LUP
FLOP: 6
Total work: 19074932736 FLOP
performance: 1.440410 GLUP/s
Performance in GFLOP/s: 8.642458
size: 779689
time: 2.207119
diff(a-b): 1189759638301370387535848191599532462996534014187208257479077904539072918783450216937940132107664371507874180231160507250105497666053057752789488448307200.000000
[1;34m[pthread wrapper] 
[0m[1;34m[pthread wrapper] MAIN -> 0
[0m[1;34m[pthread wrapper] PIN_MASK: [0m[1;34m0->1  [0m[1;34m
[pthread wrapper] SKIP MASK: 0x0
[0m[1;34m	threadid 47973870966528 -> core 1 - OK[0m[1;34m
[0miterations: 4096
Total iterations: 3179155456 LUP
FLOP: 6
Total work: 19074932736 FLOP
performance: 1.451381 GLUP/s
Performance in GFLOP/s: 8.708285
size: 779689
time: 2.190435
diff(a-b): 1189759638301370387535848191599532462996534014187208257479077904539072918783450216937940132107664371507874180231160507250105497666053057752789488448307200.000000
[1;34m[pthread wrapper] 
[0m[1;34m[pthread wrapper] MAIN -> 0
[0m[1;34m[pthread wrapper] PIN_MASK: [0m[1;34m0->1  [0m[1;34m
[pthread wrapper] SKIP MASK: 0x0
[0m[1;34m	threadid 47383822423808 -> core 1 - OK[0m[1;34m
[0miterations: 4096
Total iterations: 3179155456 LUP
FLOP: 6
Total work: 19074932736 FLOP
performance: 1.443266 GLUP/s
Performance in GFLOP/s: 8.659599
size: 779689
time: 2.202750
diff(a-b): 1189759638301370387535848191599532462996534014187208257479077904539072918783450216937940132107664371507874180231160507250105497666053057752789488448307200.000000
[1;34m[pthread wrapper] 
[0m[1;34m[pthread wrapper] MAIN -> 0
[0m[1;34m[pthread wrapper] PIN_MASK: [0m[1;34m0->1  [0m[1;34m
[pthread wrapper] SKIP MASK: 0x0
[0m[1;34m	threadid 47548064950016 -> core 1 - OK[0m[1;34m
[0miterations: 4096
Total iterations: 3179155456 LUP
FLOP: 6
Total work: 19074932736 FLOP
performance: 1.424470 GLUP/s
Performance in GFLOP/s: 8.546818
size: 779689
time: 2.231817
diff(a-b): 1189759638301370387535848191599532462996534014187208257479077904539072918783450216937940132107664371507874180231160507250105497666053057752789488448307200.000000
