iterations: 4096
Total iterations: 3179155456 LUP
FLOP: 6
Total work: 19074932736 FLOP
performance: 1.252740 GLUP/s
Performance in GFLOP/s: 7.516438
size: 779689
time: 2.537762
diff(a-b): 1189759638301370387535848191599532462996534014187208257479077904539072918783450216937940132107664371507874180231160507250105497666053057752789488448307200.000000
[1;34m[likwid-pin] Main PID -> core 0 - OK[0m
iterations: 4096
Total iterations: 3179155456 LUP
FLOP: 6
Total work: 19074932736 FLOP
performance: 1.266554 GLUP/s
Performance in GFLOP/s: 7.599327
size: 779689
time: 2.510082
diff(a-b): 1189759638301370387535848191599532462996534014187208257479077904539072918783450216937940132107664371507874180231160507250105497666053057752789488448307200.000000
[1;34m[likwid-pin] Main PID -> core 0 - OK[0m
iterations: 4096
Total iterations: 3179155456 LUP
FLOP: 6
Total work: 19074932736 FLOP
performance: 1.258360 GLUP/s
Performance in GFLOP/s: 7.550158
size: 779689
time: 2.526428
diff(a-b): 1189759638301370387535848191599532462996534014187208257479077904539072918783450216937940132107664371507874180231160507250105497666053057752789488448307200.000000
[1;34m[likwid-pin] Main PID -> core 0 - OK[0m
iterations: 4096
Total iterations: 3179155456 LUP
FLOP: 6
Total work: 19074932736 FLOP
performance: 1.266158 GLUP/s
Performance in GFLOP/s: 7.596947
size: 779689
time: 2.510868
diff(a-b): 1189759638301370387535848191599532462996534014187208257479077904539072918783450216937940132107664371507874180231160507250105497666053057752789488448307200.000000
[1;34m[likwid-pin] Main PID -> core 0 - OK[0m
iterations: 4096
Total iterations: 3179155456 LUP
FLOP: 6
Total work: 19074932736 FLOP
performance: 1.267357 GLUP/s
Performance in GFLOP/s: 7.604143
size: 779689
time: 2.508492
diff(a-b): 1189759638301370387535848191599532462996534014187208257479077904539072918783450216937940132107664371507874180231160507250105497666053057752789488448307200.000000
[1;34m[likwid-pin] Main PID -> core 0 - OK[0m
iterations: 4096
Total iterations: 3179155456 LUP
FLOP: 6
Total work: 19074932736 FLOP
performance: 1.252139 GLUP/s
Performance in GFLOP/s: 7.512834
size: 779689
time: 2.538980
diff(a-b): 1189759638301370387535848191599532462996534014187208257479077904539072918783450216937940132107664371507874180231160507250105497666053057752789488448307200.000000
[1;34m[likwid-pin] Main PID -> core 0 - OK[0m
iterations: 4096
Total iterations: 3179155456 LUP
FLOP: 6
Total work: 19074932736 FLOP
performance: 1.267430 GLUP/s
Performance in GFLOP/s: 7.604580
size: 779689
time: 2.508348
diff(a-b): 1189759638301370387535848191599532462996534014187208257479077904539072918783450216937940132107664371507874180231160507250105497666053057752789488448307200.000000
[1;34m[likwid-pin] Main PID -> core 0 - OK[0m
iterations: 4096
Total iterations: 3179155456 LUP
FLOP: 6
Total work: 19074932736 FLOP
performance: 1.268990 GLUP/s
Performance in GFLOP/s: 7.613941
size: 779689
time: 2.505264
diff(a-b): 1189759638301370387535848191599532462996534014187208257479077904539072918783450216937940132107664371507874180231160507250105497666053057752789488448307200.000000
[1;34m[likwid-pin] Main PID -> core 0 - OK[0m
iterations: 4096
Total iterations: 3179155456 LUP
FLOP: 6
Total work: 19074932736 FLOP
performance: 1.259473 GLUP/s
Performance in GFLOP/s: 7.556838
size: 779689
time: 2.524195
diff(a-b): 1189759638301370387535848191599532462996534014187208257479077904539072918783450216937940132107664371507874180231160507250105497666053057752789488448307200.000000
[1;34m[likwid-pin] Main PID -> core 0 - OK[0m
iterations: 4096
Total iterations: 3179155456 LUP
FLOP: 6
Total work: 19074932736 FLOP
performance: 1.259062 GLUP/s
Performance in GFLOP/s: 7.554371
size: 779689
time: 2.525019
diff(a-b): 1189759638301370387535848191599532462996534014187208257479077904539072918783450216937940132107664371507874180231160507250105497666053057752789488448307200.000000
[1;34m[likwid-pin] Main PID -> core 0 - OK[0m
