[1;34m[pthread wrapper] 
[0m[1;34m[pthread wrapper] MAIN -> 0
[0m[1;34m[pthread wrapper] PIN_MASK: [0m[1;34m0->1  [0m[1;34m1->2  [0m[1;34m2->3  [0m[1;34m3->4  [0m[1;34m4->5  [0m[1;34m5->6  [0m[1;34m6->7  [0m[1;34m7->8  [0m[1;34m8->9  [0m[1;34m
[pthread wrapper] SKIP MASK: 0x0
[0m[1;34m	threadid 47512919795456 -> core 1 - OK[0m[1;34m
[0m[1;34m	threadid 47512921896704 -> core 2 - OK[0m[1;34m
[0m[1;34m	threadid 47512923997952 -> core 3 - OK[0m[1;34m
[0m[1;34m	threadid 47512926099200 -> core 4 - OK[0m[1;34m
[0m[1;34m	threadid 47512928200448 -> core 5 - OK[0m[1;34m
[0m[1;34m	threadid 47512930301696 -> core 6 - OK[0m[1;34m
[0m[1;34m	threadid 47512932402944 -> core 7 - OK[0m[1;34m
[0m[1;34m	threadid 47512934504192 -> core 8 - OK[0m[1;34m
[0m[1;34m	threadid 47512936605440 -> core 9 - OK[0m[1;34m
[0miterations: 8192
Total iterations: 6358310912 LUP
FLOP: 6
Total work: 38149865472 FLOP
performance: 1.726328 GLUP/s
Performance in GFLOP/s: 10.357967
size: 779689
time: 3.683142
diff(a-b): 96119341308033411685778017980978415416795178853313175325459557240767528516781106030029072313363725778166831833026848735313375295762217158001965520011491083353854363894691176832529609493234604420353218224587527468270164780074428186368701553792817748114973740288353787678388533331763087284023577607667712.000000
[1;34m[pthread wrapper] 
[0m[1;34m[pthread wrapper] MAIN -> 0
[0m[1;34m[pthread wrapper] PIN_MASK: [0m[1;34m0->1  [0m[1;34m1->2  [0m[1;34m2->3  [0m[1;34m3->4  [0m[1;34m4->5  [0m[1;34m5->6  [0m[1;34m6->7  [0m[1;34m7->8  [0m[1;34m8->9  [0m[1;34m
[pthread wrapper] SKIP MASK: 0x0
[0m[1;34m	threadid 47231608588032 -> core 1 - OK[0m[1;34m
[0m[1;34m	threadid 47231610689280 -> core 2 - OK[0m[1;34m
[0m[1;34m	threadid 47231612790528 -> core 3 - OK[0m[1;34m
[0m[1;34m	threadid 47231614891776 -> core 4 - OK[0m[1;34m
[0m[1;34m	threadid 47231616993024 -> core 5 - OK[0m[1;34m
[0m[1;34m	threadid 47231619094272 -> core 6 - OK[0m[1;34m
[0m[1;34m	threadid 47231621195520 -> core 7 - OK[0m[1;34m
[0m[1;34m	threadid 47231623296768 -> core 8 - OK[0m[1;34m
[0m[1;34m	threadid 47231625398016 -> core 9 - OK[0m[1;34m
[0miterations: 8192
Total iterations: 6358310912 LUP
FLOP: 6
Total work: 38149865472 FLOP
performance: 1.733519 GLUP/s
Performance in GFLOP/s: 10.401115
size: 779689
time: 3.667863
diff(a-b): 96119341308033411685778017980978415416795178853313175325459557240767528516781106030029072313363725778166831833026848735313375295762217158001965520011491083353854363894691176832529609493234604420353218224587527468270164780074428186368701553792817748114973740288353787678388533331763087284023577607667712.000000
[1;34m[pthread wrapper] 
[0m[1;34m[pthread wrapper] MAIN -> 0
[0m[1;34m[pthread wrapper] PIN_MASK: [0m[1;34m0->1  [0m[1;34m1->2  [0m[1;34m2->3  [0m[1;34m3->4  [0m[1;34m4->5  [0m[1;34m5->6  [0m[1;34m6->7  [0m[1;34m7->8  [0m[1;34m8->9  [0m[1;34m
[pthread wrapper] SKIP MASK: 0x0
[0m[1;34m	threadid 47127958963968 -> core 1 - OK[0m[1;34m
[0m[1;34m	threadid 47127961065216 -> core 2 - OK[0m[1;34m
[0m[1;34m	threadid 47127963166464 -> core 3 - OK[0m[1;34m
[0m[1;34m	threadid 47127965267712 -> core 4 - OK[0m[1;34m
[0m[1;34m	threadid 47127967368960 -> core 5 - OK[0m[1;34m
[0m[1;34m	threadid 47127969470208 -> core 6 - OK[0m[1;34m
[0m[1;34m	threadid 47127971571456 -> core 7 - OK[0m[1;34m
[0m[1;34m	threadid 47127973672704 -> core 8 - OK[0m[1;34m
[0m[1;34m	threadid 47127975773952 -> core 9 - OK[0m[1;34m
[0miterations: 8192
Total iterations: 6358310912 LUP
FLOP: 6
Total work: 38149865472 FLOP
performance: 1.734230 GLUP/s
Performance in GFLOP/s: 10.405382
size: 779689
time: 3.666359
diff(a-b): 96119341308033411685778017980978415416795178853313175325459557240767528516781106030029072313363725778166831833026848735313375295762217158001965520011491083353854363894691176832529609493234604420353218224587527468270164780074428186368701553792817748114973740288353787678388533331763087284023577607667712.000000
[1;34m[pthread wrapper] 
[0m[1;34m[pthread wrapper] MAIN -> 0
[0m[1;34m[pthread wrapper] PIN_MASK: [0m[1;34m0->1  [0m[1;34m1->2  [0m[1;34m2->3  [0m[1;34m3->4  [0m[1;34m4->5  [0m[1;34m5->6  [0m[1;34m6->7  [0m[1;34m7->8  [0m[1;34m8->9  [0m[1;34m
[pthread wrapper] SKIP MASK: 0x0
[0m[1;34m	threadid 47756070713088 -> core 1 - OK[0m[1;34m
[0m[1;34m	threadid 47756072814336 -> core 2 - OK[0m[1;34m
[0m[1;34m	threadid 47756074915584 -> core 3 - OK[0m[1;34m
[0m[1;34m	threadid 47756077016832 -> core 4 - OK[0m[1;34m
[0m[1;34m	threadid 47756079118080 -> core 5 - OK[0m[1;34m
[0m[1;34m	threadid 47756081219328 -> core 6 - OK[0m[1;34m
[0m[1;34m	threadid 47756083320576 -> core 7 - OK[0m[1;34m
[0m[1;34m	threadid 47756085421824 -> core 8 - OK[0m[1;34m
[0m[1;34m	threadid 47756087523072 -> core 9 - OK[0m[1;34m
[0miterations: 8192
Total iterations: 6358310912 LUP
FLOP: 6
Total work: 38149865472 FLOP
performance: 1.720677 GLUP/s
Performance in GFLOP/s: 10.324064
size: 779689
time: 3.695237
diff(a-b): 96119341308033411685778017980978415416795178853313175325459557240767528516781106030029072313363725778166831833026848735313375295762217158001965520011491083353854363894691176832529609493234604420353218224587527468270164780074428186368701553792817748114973740288353787678388533331763087284023577607667712.000000
[1;34m[pthread wrapper] 
[0m[1;34m[pthread wrapper] MAIN -> 0
[0m[1;34m[pthread wrapper] PIN_MASK: [0m[1;34m0->1  [0m[1;34m1->2  [0m[1;34m2->3  [0m[1;34m3->4  [0m[1;34m4->5  [0m[1;34m5->6  [0m[1;34m6->7  [0m[1;34m7->8  [0m[1;34m8->9  [0m[1;34m
[pthread wrapper] SKIP MASK: 0x0
[0m[1;34m	threadid 47319715768064 -> core 1 - OK[0m[1;34m
[0m[1;34m	threadid 47319717869312 -> core 2 - OK[0m[1;34m
[0m[1;34m	threadid 47319719970560 -> core 3 - OK[0m[1;34m
[0m[1;34m	threadid 47319722071808 -> core 4 - OK[0m[1;34m
[0m[1;34m	threadid 47319724173056 -> core 5 - OK[0m[1;34m
[0m[1;34m	threadid 47319726274304 -> core 6 - OK[0m[1;34m
[0m[1;34m	threadid 47319728375552 -> core 7 - OK[0m[1;34m
[0m[1;34m	threadid 47319730476800 -> core 8 - OK[0m[1;34m
[0m[1;34m	threadid 47319732578048 -> core 9 - OK[0m[1;34m
[0miterations: 8192
Total iterations: 6358310912 LUP
FLOP: 6
Total work: 38149865472 FLOP
performance: 1.732912 GLUP/s
Performance in GFLOP/s: 10.397473
size: 779689
time: 3.669148
diff(a-b): 96119341308033411685778017980978415416795178853313175325459557240767528516781106030029072313363725778166831833026848735313375295762217158001965520011491083353854363894691176832529609493234604420353218224587527468270164780074428186368701553792817748114973740288353787678388533331763087284023577607667712.000000
[1;34m[pthread wrapper] 
[0m[1;34m[pthread wrapper] MAIN -> 0
[0m[1;34m[pthread wrapper] PIN_MASK: [0m[1;34m0->1  [0m[1;34m1->2  [0m[1;34m2->3  [0m[1;34m3->4  [0m[1;34m4->5  [0m[1;34m5->6  [0m[1;34m6->7  [0m[1;34m7->8  [0m[1;34m8->9  [0m[1;34m
[pthread wrapper] SKIP MASK: 0x0
[0m[1;34m	threadid 47396599379712 -> core 1 - OK[0m[1;34m
[0m[1;34m	threadid 47396601480960 -> core 2 - OK[0m[1;34m
[0m[1;34m	threadid 47396603582208 -> core 3 - OK[0m[1;34m
[0m[1;34m	threadid 47396605683456 -> core 4 - OK[0m[1;34m
[0m[1;34m	threadid 47396607784704 -> core 5 - OK[0m[1;34m
[0m[1;34m	threadid 47396609885952 -> core 6 - OK[0m[1;34m
[0m[1;34m	threadid 47396611987200 -> core 7 - OK[0m[1;34m
[0m[1;34m	threadid 47396614088448 -> core 8 - OK[0m[1;34m
[0m[1;34m	threadid 47396616189696 -> core 9 - OK[0m[1;34m
[0miterations: 8192
Total iterations: 6358310912 LUP
FLOP: 6
Total work: 38149865472 FLOP
performance: 1.720850 GLUP/s
Performance in GFLOP/s: 10.325101
size: 779689
time: 3.694866
diff(a-b): 96119341308033411685778017980978415416795178853313175325459557240767528516781106030029072313363725778166831833026848735313375295762217158001965520011491083353854363894691176832529609493234604420353218224587527468270164780074428186368701553792817748114973740288353787678388533331763087284023577607667712.000000
[1;34m[pthread wrapper] 
[0m[1;34m[pthread wrapper] MAIN -> 0
[0m[1;34m[pthread wrapper] PIN_MASK: [0m[1;34m0->1  [0m[1;34m1->2  [0m[1;34m2->3  [0m[1;34m3->4  [0m[1;34m4->5  [0m[1;34m5->6  [0m[1;34m6->7  [0m[1;34m7->8  [0m[1;34m8->9  [0m[1;34m
[pthread wrapper] SKIP MASK: 0x0
[0m[1;34m	threadid 47949308188416 -> core 1 - OK[0m[1;34m
[0m[1;34m	threadid 47949310289664 -> core 2 - OK[0m[1;34m
[0m[1;34m	threadid 47949312390912 -> core 3 - OK[0m[1;34m
[0m[1;34m	threadid 47949314492160 -> core 4 - OK[0m[1;34m
[0m[1;34m	threadid 47949316593408 -> core 5 - OK[0m[1;34m
[0m[1;34m	threadid 47949318694656 -> core 6 - OK[0m[1;34m
[0m[1;34m	threadid 47949320795904 -> core 7 - OK[0m[1;34m
[0m[1;34m	threadid 47949322897152 -> core 8 - OK[0m[1;34m
[0m[1;34m	threadid 47949324998400 -> core 9 - OK[0m[1;34m
[0miterations: 8192
Total iterations: 6358310912 LUP
FLOP: 6
Total work: 38149865472 FLOP
performance: 1.729182 GLUP/s
Performance in GFLOP/s: 10.375094
size: 779689
time: 3.677062
diff(a-b): 96119341308033411685778017980978415416795178853313175325459557240767528516781106030029072313363725778166831833026848735313375295762217158001965520011491083353854363894691176832529609493234604420353218224587527468270164780074428186368701553792817748114973740288353787678388533331763087284023577607667712.000000
[1;34m[pthread wrapper] 
[0m[1;34m[pthread wrapper] MAIN -> 0
[0m[1;34m[pthread wrapper] PIN_MASK: [0m[1;34m0->1  [0m[1;34m1->2  [0m[1;34m2->3  [0m[1;34m3->4  [0m[1;34m4->5  [0m[1;34m5->6  [0m[1;34m6->7  [0m[1;34m7->8  [0m[1;34m8->9  [0m[1;34m
[pthread wrapper] SKIP MASK: 0x0
[0m[1;34m	threadid 47625659709184 -> core 1 - OK[0m[1;34m
[0m[1;34m	threadid 47625661810432 -> core 2 - OK[0m[1;34m
[0m[1;34m	threadid 47625663911680 -> core 3 - OK[0m[1;34m
[0m[1;34m	threadid 47625666012928 -> core 4 - OK[0m[1;34m
[0m[1;34m	threadid 47625668114176 -> core 5 - OK[0m[1;34m
[0m[1;34m	threadid 47625670215424 -> core 6 - OK[0m[1;34m
[0m[1;34m	threadid 47625672316672 -> core 7 - OK[0m[1;34m
[0m[1;34m	threadid 47625674417920 -> core 8 - OK[0m[1;34m
[0m[1;34m	threadid 47625676519168 -> core 9 - OK[0m[1;34m
[0miterations: 8192
Total iterations: 6358310912 LUP
FLOP: 6
Total work: 38149865472 FLOP
performance: 1.733598 GLUP/s
Performance in GFLOP/s: 10.401589
size: 779689
time: 3.667696
diff(a-b): 96119341308033411685778017980978415416795178853313175325459557240767528516781106030029072313363725778166831833026848735313375295762217158001965520011491083353854363894691176832529609493234604420353218224587527468270164780074428186368701553792817748114973740288353787678388533331763087284023577607667712.000000
[1;34m[pthread wrapper] 
[0m[1;34m[pthread wrapper] MAIN -> 0
[0m[1;34m[pthread wrapper] PIN_MASK: [0m[1;34m0->1  [0m[1;34m1->2  [0m[1;34m2->3  [0m[1;34m3->4  [0m[1;34m4->5  [0m[1;34m5->6  [0m[1;34m6->7  [0m[1;34m7->8  [0m[1;34m8->9  [0m[1;34m
[pthread wrapper] SKIP MASK: 0x0
[0m[1;34m	threadid 47487389681408 -> core 1 - OK[0m[1;34m
[0m[1;34m	threadid 47487391782656 -> core 2 - OK[0m[1;34m
[0m[1;34m	threadid 47487393883904 -> core 3 - OK[0m[1;34m
[0m[1;34m	threadid 47487395985152 -> core 4 - OK[0m[1;34m
[0m[1;34m	threadid 47487398086400 -> core 5 - OK[0m[1;34m
[0m[1;34m	threadid 47487400187648 -> core 6 - OK[0m[1;34m
[0m[1;34m	threadid 47487402288896 -> core 7 - OK[0m[1;34m
[0m[1;34m	threadid 47487404390144 -> core 8 - OK[0m[1;34m
[0m[1;34m	threadid 47487406491392 -> core 9 - OK[0m[1;34m
[0miterations: 8192
Total iterations: 6358310912 LUP
FLOP: 6
Total work: 38149865472 FLOP
performance: 1.734032 GLUP/s
Performance in GFLOP/s: 10.404190
size: 779689
time: 3.666779
diff(a-b): 96119341308033411685778017980978415416795178853313175325459557240767528516781106030029072313363725778166831833026848735313375295762217158001965520011491083353854363894691176832529609493234604420353218224587527468270164780074428186368701553792817748114973740288353787678388533331763087284023577607667712.000000
[1;34m[pthread wrapper] 
[0m[1;34m[pthread wrapper] MAIN -> 0
[0m[1;34m[pthread wrapper] PIN_MASK: [0m[1;34m0->1  [0m[1;34m1->2  [0m[1;34m2->3  [0m[1;34m3->4  [0m[1;34m4->5  [0m[1;34m5->6  [0m[1;34m6->7  [0m[1;34m7->8  [0m[1;34m8->9  [0m[1;34m
[pthread wrapper] SKIP MASK: 0x0
[0m[1;34m	threadid 47491445417728 -> core 1 - OK[0m[1;34m
[0m[1;34m	threadid 47491447518976 -> core 2 - OK[0m[1;34m
[0m[1;34m	threadid 47491449620224 -> core 3 - OK[0m[1;34m
[0m[1;34m	threadid 47491451721472 -> core 4 - OK[0m[1;34m
[0m[1;34m	threadid 47491453822720 -> core 5 - OK[0m[1;34m
[0m[1;34m	threadid 47491455923968 -> core 6 - OK[0m[1;34m
[0m[1;34m	threadid 47491458025216 -> core 7 - OK[0m[1;34m
[0m[1;34m	threadid 47491460126464 -> core 8 - OK[0m[1;34m
[0m[1;34m	threadid 47491462227712 -> core 9 - OK[0m[1;34m
[0miterations: 8192
Total iterations: 6358310912 LUP
FLOP: 6
Total work: 38149865472 FLOP
performance: 1.726543 GLUP/s
Performance in GFLOP/s: 10.359256
size: 779689
time: 3.682684
diff(a-b): 96119341308033411685778017980978415416795178853313175325459557240767528516781106030029072313363725778166831833026848735313375295762217158001965520011491083353854363894691176832529609493234604420353218224587527468270164780074428186368701553792817748114973740288353787678388533331763087284023577607667712.000000
