[1;34m[pthread wrapper] 
[0m[1;34m[pthread wrapper] MAIN -> 0
[0m[1;34m[pthread wrapper] PIN_MASK: [0m[1;34m0->1  [0m[1;34m1->2  [0m[1;34m2->3  [0m[1;34m3->4  [0m[1;34m4->5  [0m[1;34m5->6  [0m[1;34m6->7  [0m[1;34m
[pthread wrapper] SKIP MASK: 0x0
[0m[1;34m	threadid 46989219800832 -> core 1 - OK[0m[1;34m
[0m[1;34m	threadid 46989221902080 -> core 2 - OK[0m[1;34m
[0m[1;34m	threadid 46989224003328 -> core 3 - OK[0m[1;34m
[0m[1;34m	threadid 46989226104576 -> core 4 - OK[0m[1;34m
[0m[1;34m	threadid 46989228205824 -> core 5 - OK[0m[1;34m
[0m[1;34m	threadid 46989230307072 -> core 6 - OK[0m[1;34m
[0m[1;34m	threadid 46989232408320 -> core 7 - OK[0m[1;34m
[0miterations: 1024
Total iterations: 3057647616 LUP
FLOP: 8
Total work: 24461180928 FLOP
performance: 1.466897 GLUP/s
Performance in GFLOP/s: 11.735172
size: 3112136
time: 2.084433
diff(a-b): -0.484416
[1;34m[pthread wrapper] 
[0m[1;34m[pthread wrapper] MAIN -> 0
[0m[1;34m[pthread wrapper] PIN_MASK: [0m[1;34m0->1  [0m[1;34m1->2  [0m[1;34m2->3  [0m[1;34m3->4  [0m[1;34m4->5  [0m[1;34m5->6  [0m[1;34m6->7  [0m[1;34m
[pthread wrapper] SKIP MASK: 0x0
[0m[1;34m	threadid 47263850469120 -> core 1 - OK[0m[1;34m
[0m[1;34m	threadid 47263852570368 -> core 2 - OK[0m[1;34m
[0m[1;34m	threadid 47263854671616 -> core 3 - OK[0m[1;34m
[0m[1;34m	threadid 47263856772864 -> core 4 - OK[0m[1;34m
[0m[1;34m	threadid 47263858874112 -> core 5 - OK[0m[1;34m
[0m[1;34m	threadid 47263860975360 -> core 6 - OK[0m[1;34m
[0m[1;34m	threadid 47263863076608 -> core 7 - OK[0m[1;34m
[0miterations: 1024
Total iterations: 3057647616 LUP
FLOP: 8
Total work: 24461180928 FLOP
performance: 1.469356 GLUP/s
Performance in GFLOP/s: 11.754848
size: 3112136
time: 2.080944
diff(a-b): -0.484416
[1;34m[pthread wrapper] 
[0m[1;34m[pthread wrapper] MAIN -> 0
[0m[1;34m[pthread wrapper] PIN_MASK: [0m[1;34m0->1  [0m[1;34m1->2  [0m[1;34m2->3  [0m[1;34m3->4  [0m[1;34m4->5  [0m[1;34m5->6  [0m[1;34m6->7  [0m[1;34m
[pthread wrapper] SKIP MASK: 0x0
[0m[1;34m	threadid 47184020174592 -> core 1 - OK[0m[1;34m
[0m[1;34m	threadid 47184022275840 -> core 2 - OK[0m[1;34m
[0m[1;34m	threadid 47184024377088 -> core 3 - OK[0m[1;34m
[0m[1;34m	threadid 47184026478336 -> core 4 - OK[0m[1;34m
[0m[1;34m	threadid 47184028579584 -> core 5 - OK[0m[1;34m
[0m[1;34m	threadid 47184030680832 -> core 6 - OK[0m[1;34m
[0m[1;34m	threadid 47184032782080 -> core 7 - OK[0m[1;34m
[0miterations: 1024
Total iterations: 3057647616 LUP
FLOP: 8
Total work: 24461180928 FLOP
performance: 1.468521 GLUP/s
Performance in GFLOP/s: 11.748169
size: 3112136
time: 2.082127
diff(a-b): -0.484416
[1;34m[pthread wrapper] 
[0m[1;34m[pthread wrapper] MAIN -> 0
[0m[1;34m[pthread wrapper] PIN_MASK: [0m[1;34m0->1  [0m[1;34m1->2  [0m[1;34m2->3  [0m[1;34m3->4  [0m[1;34m4->5  [0m[1;34m5->6  [0m[1;34m6->7  [0m[1;34m
[pthread wrapper] SKIP MASK: 0x0
[0m[1;34m	threadid 47343487887104 -> core 1 - OK[0m[1;34m
[0m[1;34m	threadid 47343489988352 -> core 2 - OK[0m[1;34m
[0m[1;34m	threadid 47343492089600 -> core 3 - OK[0m[1;34m
[0m[1;34m	threadid 47343494190848 -> core 4 - OK[0m[1;34m
[0m[1;34m	threadid 47343496292096 -> core 5 - OK[0m[1;34m
[0m[1;34m	threadid 47343498393344 -> core 6 - OK[0m[1;34m
[0m[1;34m	threadid 47343500494592 -> core 7 - OK[0m[1;34m
[0miterations: 1024
Total iterations: 3057647616 LUP
FLOP: 8
Total work: 24461180928 FLOP
performance: 1.467825 GLUP/s
Performance in GFLOP/s: 11.742597
size: 3112136
time: 2.083115
diff(a-b): -0.484416
[1;34m[pthread wrapper] 
[0m[1;34m[pthread wrapper] MAIN -> 0
[0m[1;34m[pthread wrapper] PIN_MASK: [0m[1;34m0->1  [0m[1;34m1->2  [0m[1;34m2->3  [0m[1;34m3->4  [0m[1;34m4->5  [0m[1;34m5->6  [0m[1;34m6->7  [0m[1;34m
[pthread wrapper] SKIP MASK: 0x0
[0m[1;34m	threadid 47302847989504 -> core 1 - OK[0m[1;34m
[0m[1;34m	threadid 47302850090752 -> core 2 - OK[0m[1;34m
[0m[1;34m	threadid 47302852192000 -> core 3 - OK[0m[1;34m
[0m[1;34m	threadid 47302854293248 -> core 4 - OK[0m[1;34m
[0m[1;34m	threadid 47302856394496 -> core 5 - OK[0m[1;34m
[0m[1;34m	threadid 47302858495744 -> core 6 - OK[0m[1;34m
[0m[1;34m	threadid 47302860596992 -> core 7 - OK[0m[1;34m
[0miterations: 1024
Total iterations: 3057647616 LUP
FLOP: 8
Total work: 24461180928 FLOP
performance: 1.466701 GLUP/s
Performance in GFLOP/s: 11.733607
size: 3112136
time: 2.084711
diff(a-b): -0.484416
[1;34m[pthread wrapper] 
[0m[1;34m[pthread wrapper] MAIN -> 0
[0m[1;34m[pthread wrapper] PIN_MASK: [0m[1;34m0->1  [0m[1;34m1->2  [0m[1;34m2->3  [0m[1;34m3->4  [0m[1;34m4->5  [0m[1;34m5->6  [0m[1;34m6->7  [0m[1;34m
[pthread wrapper] SKIP MASK: 0x0
[0m[1;34m	threadid 47389645973248 -> core 1 - OK[0m[1;34m
[0m[1;34m	threadid 47389648074496 -> core 2 - OK[0m[1;34m
[0m[1;34m	threadid 47389650175744 -> core 3 - OK[0m[1;34m
[0m[1;34m	threadid 47389652276992 -> core 4 - OK[0m[1;34m
[0m[1;34m	threadid 47389654378240 -> core 5 - OK[0m[1;34m
[0m[1;34m	threadid 47389656479488 -> core 6 - OK[0m[1;34m
[0m[1;34m	threadid 47389658580736 -> core 7 - OK[0m[1;34m
[0miterations: 1024
Total iterations: 3057647616 LUP
FLOP: 8
Total work: 24461180928 FLOP
performance: 1.469831 GLUP/s
Performance in GFLOP/s: 11.758646
size: 3112136
time: 2.080272
diff(a-b): -0.484416
[1;34m[pthread wrapper] 
[0m[1;34m[pthread wrapper] MAIN -> 0
[0m[1;34m[pthread wrapper] PIN_MASK: [0m[1;34m0->1  [0m[1;34m1->2  [0m[1;34m2->3  [0m[1;34m3->4  [0m[1;34m4->5  [0m[1;34m5->6  [0m[1;34m6->7  [0m[1;34m
[pthread wrapper] SKIP MASK: 0x0
[0m[1;34m	threadid 47549367813888 -> core 1 - OK[0m[1;34m
[0m[1;34m	threadid 47549369915136 -> core 2 - OK[0m[1;34m
[0m[1;34m	threadid 47549372016384 -> core 3 - OK[0m[1;34m
[0m[1;34m	threadid 47549374117632 -> core 4 - OK[0m[1;34m
[0m[1;34m	threadid 47549376218880 -> core 5 - OK[0m[1;34m
[0m[1;34m	threadid 47549378320128 -> core 6 - OK[0m[1;34m
[0m[1;34m	threadid 47549380421376 -> core 7 - OK[0m[1;34m
[0miterations: 1024
Total iterations: 3057647616 LUP
FLOP: 8
Total work: 24461180928 FLOP
performance: 1.464274 GLUP/s
Performance in GFLOP/s: 11.714188
size: 3112136
time: 2.088167
diff(a-b): -0.484416
[1;34m[pthread wrapper] 
[0m[1;34m[pthread wrapper] MAIN -> 0
[0m[1;34m[pthread wrapper] PIN_MASK: [0m[1;34m0->1  [0m[1;34m1->2  [0m[1;34m2->3  [0m[1;34m3->4  [0m[1;34m4->5  [0m[1;34m5->6  [0m[1;34m6->7  [0m[1;34m
[pthread wrapper] SKIP MASK: 0x0
[0m[1;34m	threadid 47671398717184 -> core 1 - OK[0m[1;34m
[0m[1;34m	threadid 47671400818432 -> core 2 - OK[0m[1;34m
[0m[1;34m	threadid 47671402919680 -> core 3 - OK[0m[1;34m
[0m[1;34m	threadid 47671405020928 -> core 4 - OK[0m[1;34m
[0m[1;34m	threadid 47671407122176 -> core 5 - OK[0m[1;34m
[0m[1;34m	threadid 47671409223424 -> core 6 - OK[0m[1;34m
[0m[1;34m	threadid 47671411324672 -> core 7 - OK[0m[1;34m
[0miterations: 1024
Total iterations: 3057647616 LUP
FLOP: 8
Total work: 24461180928 FLOP
performance: 1.467810 GLUP/s
Performance in GFLOP/s: 11.742479
size: 3112136
time: 2.083136
diff(a-b): -0.484416
[1;34m[pthread wrapper] 
[0m[1;34m[pthread wrapper] MAIN -> 0
[0m[1;34m[pthread wrapper] PIN_MASK: [0m[1;34m0->1  [0m[1;34m1->2  [0m[1;34m2->3  [0m[1;34m3->4  [0m[1;34m4->5  [0m[1;34m5->6  [0m[1;34m6->7  [0m[1;34m
[pthread wrapper] SKIP MASK: 0x0
[0m[1;34m	threadid 47588529653504 -> core 1 - OK[0m[1;34m
[0m[1;34m	threadid 47588531754752 -> core 2 - OK[0m[1;34m
[0m[1;34m	threadid 47588533856000 -> core 3 - OK[0m[1;34m
[0m[1;34m	threadid 47588535957248 -> core 4 - OK[0m[1;34m
[0m[1;34m	threadid 47588538058496 -> core 5 - OK[0m[1;34m
[0m[1;34m	threadid 47588540159744 -> core 6 - OK[0m[1;34m
[0m[1;34m	threadid 47588542260992 -> core 7 - OK[0m[1;34m
[0miterations: 1024
Total iterations: 3057647616 LUP
FLOP: 8
Total work: 24461180928 FLOP
performance: 1.468962 GLUP/s
Performance in GFLOP/s: 11.751696
size: 3112136
time: 2.081502
diff(a-b): -0.484416
[1;34m[pthread wrapper] 
[0m[1;34m[pthread wrapper] MAIN -> 0
[0m[1;34m[pthread wrapper] PIN_MASK: [0m[1;34m0->1  [0m[1;34m1->2  [0m[1;34m2->3  [0m[1;34m3->4  [0m[1;34m4->5  [0m[1;34m5->6  [0m[1;34m6->7  [0m[1;34m
[pthread wrapper] SKIP MASK: 0x0
[0m[1;34m	threadid 46923911014144 -> core 1 - OK[0m[1;34m
[0m[1;34m	threadid 46923913115392 -> core 2 - OK[0m[1;34m
[0m[1;34m	threadid 46923915216640 -> core 3 - OK[0m[1;34m
[0m[1;34m	threadid 46923917317888 -> core 4 - OK[0m[1;34m
[0m[1;34m	threadid 46923919419136 -> core 5 - OK[0m[1;34m
[0m[1;34m	threadid 46923921520384 -> core 6 - OK[0m[1;34m
[0m[1;34m	threadid 46923923621632 -> core 7 - OK[0m[1;34m
[0miterations: 1024
Total iterations: 3057647616 LUP
FLOP: 8
Total work: 24461180928 FLOP
performance: 1.470741 GLUP/s
Performance in GFLOP/s: 11.765930
size: 3112136
time: 2.078984
diff(a-b): -0.484416
