[1;34m[pthread wrapper] 
[0m[1;34m[pthread wrapper] MAIN -> 0
[0m[1;34m[pthread wrapper] PIN_MASK: [0m[1;34m0->1  [0m[1;34m1->2  [0m[1;34m2->3  [0m[1;34m3->4  [0m[1;34m4->5  [0m[1;34m5->6  [0m[1;34m6->7  [0m[1;34m7->8  [0m[1;34m8->9  [0m[1;34m
[pthread wrapper] SKIP MASK: 0x0
[0m[1;34m	threadid 47294462203648 -> core 1 - OK[0m[1;34m
[0m[1;34m	threadid 47294464304896 -> core 2 - OK[0m[1;34m
[0m[1;34m	threadid 47294466406144 -> core 3 - OK[0m[1;34m
[0m[1;34m	threadid 47294468507392 -> core 4 - OK[0m[1;34m
[0m[1;34m	threadid 47294470608640 -> core 5 - OK[0m[1;34m
[0m[1;34m	threadid 47294472709888 -> core 6 - OK[0m[1;34m
[0m[1;34m	threadid 47294474811136 -> core 7 - OK[0m[1;34m
[0m[1;34m	threadid 47294476912384 -> core 8 - OK[0m[1;34m
[0m[1;34m	threadid 47294479013632 -> core 9 - OK[0m[1;34m
[0miterations: 16384
Total iterations: 5864013824 LUP
FLOP: 8
Total work: 46912110592 FLOP
performance: 1.666821 GLUP/s
Performance in GFLOP/s: 13.334569
size: 389017
time: 3.518082
diff(a-b): 0.223764
[1;34m[pthread wrapper] 
[0m[1;34m[pthread wrapper] MAIN -> 0
[0m[1;34m[pthread wrapper] PIN_MASK: [0m[1;34m0->1  [0m[1;34m1->2  [0m[1;34m2->3  [0m[1;34m3->4  [0m[1;34m4->5  [0m[1;34m5->6  [0m[1;34m6->7  [0m[1;34m7->8  [0m[1;34m8->9  [0m[1;34m
[pthread wrapper] SKIP MASK: 0x0
[0m[1;34m	threadid 47037262526208 -> core 1 - OK[0m[1;34m
[0m[1;34m	threadid 47037264627456 -> core 2 - OK[0m[1;34m
[0m[1;34m	threadid 47037266728704 -> core 3 - OK[0m[1;34m
[0m[1;34m	threadid 47037268829952 -> core 4 - OK[0m[1;34m
[0m[1;34m	threadid 47037270931200 -> core 5 - OK[0m[1;34m
[0m[1;34m	threadid 47037273032448 -> core 6 - OK[0m[1;34m
[0m[1;34m	threadid 47037275133696 -> core 7 - OK[0m[1;34m
[0m[1;34m	threadid 47037277234944 -> core 8 - OK[0m[1;34m
[0m[1;34m	threadid 47037279336192 -> core 9 - OK[0m[1;34m
[0miterations: 16384
Total iterations: 5864013824 LUP
FLOP: 8
Total work: 46912110592 FLOP
performance: 1.673836 GLUP/s
Performance in GFLOP/s: 13.390686
size: 389017
time: 3.503339
diff(a-b): 0.223764
[1;34m[pthread wrapper] 
[0m[1;34m[pthread wrapper] MAIN -> 0
[0m[1;34m[pthread wrapper] PIN_MASK: [0m[1;34m0->1  [0m[1;34m1->2  [0m[1;34m2->3  [0m[1;34m3->4  [0m[1;34m4->5  [0m[1;34m5->6  [0m[1;34m6->7  [0m[1;34m7->8  [0m[1;34m8->9  [0m[1;34m
[pthread wrapper] SKIP MASK: 0x0
[0m[1;34m	threadid 47201988548352 -> core 1 - OK[0m[1;34m
[0m[1;34m	threadid 47201990649600 -> core 2 - OK[0m[1;34m
[0m[1;34m	threadid 47201992750848 -> core 3 - OK[0m[1;34m
[0m[1;34m	threadid 47201994852096 -> core 4 - OK[0m[1;34m
[0m[1;34m	threadid 47201996953344 -> core 5 - OK[0m[1;34m
[0m[1;34m	threadid 47201999054592 -> core 6 - OK[0m[1;34m
[0m[1;34m	threadid 47202001155840 -> core 7 - OK[0m[1;34m
[0m[1;34m	threadid 47202003257088 -> core 8 - OK[0m[1;34m
[0m[1;34m	threadid 47202005358336 -> core 9 - OK[0m[1;34m
[0miterations: 16384
Total iterations: 5864013824 LUP
FLOP: 8
Total work: 46912110592 FLOP
performance: 1.664923 GLUP/s
Performance in GFLOP/s: 13.319381
size: 389017
time: 3.522094
diff(a-b): 0.223764
[1;34m[pthread wrapper] 
[0m[1;34m[pthread wrapper] MAIN -> 0
[0m[1;34m[pthread wrapper] PIN_MASK: [0m[1;34m0->1  [0m[1;34m1->2  [0m[1;34m2->3  [0m[1;34m3->4  [0m[1;34m4->5  [0m[1;34m5->6  [0m[1;34m6->7  [0m[1;34m7->8  [0m[1;34m8->9  [0m[1;34m
[pthread wrapper] SKIP MASK: 0x0
[0m[1;34m	threadid 47691275908864 -> core 1 - OK[0m[1;34m
[0m[1;34m	threadid 47691278010112 -> core 2 - OK[0m[1;34m
[0m[1;34m	threadid 47691280111360 -> core 3 - OK[0m[1;34m
[0m[1;34m	threadid 47691282212608 -> core 4 - OK[0m[1;34m
[0m[1;34m	threadid 47691284313856 -> core 5 - OK[0m[1;34m
[0m[1;34m	threadid 47691286415104 -> core 6 - OK[0m[1;34m
[0m[1;34m	threadid 47691288516352 -> core 7 - OK[0m[1;34m
[0m[1;34m	threadid 47691290617600 -> core 8 - OK[0m[1;34m
[0m[1;34m	threadid 47691292718848 -> core 9 - OK[0m[1;34m
[0miterations: 16384
Total iterations: 5864013824 LUP
FLOP: 8
Total work: 46912110592 FLOP
performance: 1.655738 GLUP/s
Performance in GFLOP/s: 13.245902
size: 389017
time: 3.541632
diff(a-b): 0.223764
[1;34m[pthread wrapper] 
[0m[1;34m[pthread wrapper] MAIN -> 0
[0m[1;34m[pthread wrapper] PIN_MASK: [0m[1;34m0->1  [0m[1;34m1->2  [0m[1;34m2->3  [0m[1;34m3->4  [0m[1;34m4->5  [0m[1;34m5->6  [0m[1;34m6->7  [0m[1;34m7->8  [0m[1;34m8->9  [0m[1;34m
[pthread wrapper] SKIP MASK: 0x0
[0m[1;34m	threadid 47076284294912 -> core 1 - OK[0m[1;34m
[0m[1;34m	threadid 47076286396160 -> core 2 - OK[0m[1;34m
[0m[1;34m	threadid 47076288497408 -> core 3 - OK[0m[1;34m
[0m[1;34m	threadid 47076290598656 -> core 4 - OK[0m[1;34m
[0m[1;34m	threadid 47076292699904 -> core 5 - OK[0m[1;34m
[0m[1;34m	threadid 47076294801152 -> core 6 - OK[0m[1;34m
[0m[1;34m	threadid 47076296902400 -> core 7 - OK[0m[1;34m
[0m[1;34m	threadid 47076299003648 -> core 8 - OK[0m[1;34m
[0m[1;34m	threadid 47076301104896 -> core 9 - OK[0m[1;34m
[0miterations: 16384
Total iterations: 5864013824 LUP
FLOP: 8
Total work: 46912110592 FLOP
performance: 1.666490 GLUP/s
Performance in GFLOP/s: 13.331920
size: 389017
time: 3.518781
diff(a-b): 0.223764
[1;34m[pthread wrapper] 
[0m[1;34m[pthread wrapper] MAIN -> 0
[0m[1;34m[pthread wrapper] PIN_MASK: [0m[1;34m0->1  [0m[1;34m1->2  [0m[1;34m2->3  [0m[1;34m3->4  [0m[1;34m4->5  [0m[1;34m5->6  [0m[1;34m6->7  [0m[1;34m7->8  [0m[1;34m8->9  [0m[1;34m
[pthread wrapper] SKIP MASK: 0x0
[0m[1;34m	threadid 47725005162240 -> core 1 - OK[0m[1;34m
[0m[1;34m	threadid 47725007263488 -> core 2 - OK[0m[1;34m
[0m[1;34m	threadid 47725009364736 -> core 3 - OK[0m[1;34m
[0m[1;34m	threadid 47725011465984 -> core 4 - OK[0m[1;34m
[0m[1;34m	threadid 47725013567232 -> core 5 - OK[0m[1;34m
[0m[1;34m	threadid 47725015668480 -> core 6 - OK[0m[1;34m
[0m[1;34m	threadid 47725017769728 -> core 7 - OK[0m[1;34m
[0m[1;34m	threadid 47725019870976 -> core 8 - OK[0m[1;34m
[0m[1;34m	threadid 47725021972224 -> core 9 - OK[0m[1;34m
[0miterations: 16384
Total iterations: 5864013824 LUP
FLOP: 8
Total work: 46912110592 FLOP
performance: 1.666456 GLUP/s
Performance in GFLOP/s: 13.331648
size: 389017
time: 3.518853
diff(a-b): 0.223764
[1;34m[pthread wrapper] 
[0m[1;34m[pthread wrapper] MAIN -> 0
[0m[1;34m[pthread wrapper] PIN_MASK: [0m[1;34m0->1  [0m[1;34m1->2  [0m[1;34m2->3  [0m[1;34m3->4  [0m[1;34m4->5  [0m[1;34m5->6  [0m[1;34m6->7  [0m[1;34m7->8  [0m[1;34m8->9  [0m[1;34m
[pthread wrapper] SKIP MASK: 0x0
[0m[1;34m	threadid 47975621375744 -> core 1 - OK[0m[1;34m
[0m[1;34m	threadid 47975623476992 -> core 2 - OK[0m[1;34m
[0m[1;34m	threadid 47975625578240 -> core 3 - OK[0m[1;34m
[0m[1;34m	threadid 47975627679488 -> core 4 - OK[0m[1;34m
[0m[1;34m	threadid 47975629780736 -> core 5 - OK[0m[1;34m
[0m[1;34m	threadid 47975631881984 -> core 6 - OK[0m[1;34m
[0m[1;34m	threadid 47975633983232 -> core 7 - OK[0m[1;34m
[0m[1;34m	threadid 47975636084480 -> core 8 - OK[0m[1;34m
[0m[1;34m	threadid 47975638185728 -> core 9 - OK[0m[1;34m
[0miterations: 16384
Total iterations: 5864013824 LUP
FLOP: 8
Total work: 46912110592 FLOP
performance: 1.669396 GLUP/s
Performance in GFLOP/s: 13.355164
size: 389017
time: 3.512657
diff(a-b): 0.223764
[1;34m[pthread wrapper] 
[0m[1;34m[pthread wrapper] MAIN -> 0
[0m[1;34m[pthread wrapper] PIN_MASK: [0m[1;34m0->1  [0m[1;34m1->2  [0m[1;34m2->3  [0m[1;34m3->4  [0m[1;34m4->5  [0m[1;34m5->6  [0m[1;34m6->7  [0m[1;34m7->8  [0m[1;34m8->9  [0m[1;34m
[pthread wrapper] SKIP MASK: 0x0
[0m[1;34m	threadid 47680949409536 -> core 1 - OK[0m[1;34m
[0m[1;34m	threadid 47680951510784 -> core 2 - OK[0m[1;34m
[0m[1;34m	threadid 47680953612032 -> core 3 - OK[0m[1;34m
[0m[1;34m	threadid 47680955713280 -> core 4 - OK[0m[1;34m
[0m[1;34m	threadid 47680957814528 -> core 5 - OK[0m[1;34m
[0m[1;34m	threadid 47680959915776 -> core 6 - OK[0m[1;34m
[0m[1;34m	threadid 47680962017024 -> core 7 - OK[0m[1;34m
[0m[1;34m	threadid 47680964118272 -> core 8 - OK[0m[1;34m
[0m[1;34m	threadid 47680966219520 -> core 9 - OK[0m[1;34m
[0miterations: 16384
Total iterations: 5864013824 LUP
FLOP: 8
Total work: 46912110592 FLOP
performance: 1.651835 GLUP/s
Performance in GFLOP/s: 13.214679
size: 389017
time: 3.550000
diff(a-b): 0.223764
[1;34m[pthread wrapper] 
[0m[1;34m[pthread wrapper] MAIN -> 0
[0m[1;34m[pthread wrapper] PIN_MASK: [0m[1;34m0->1  [0m[1;34m1->2  [0m[1;34m2->3  [0m[1;34m3->4  [0m[1;34m4->5  [0m[1;34m5->6  [0m[1;34m6->7  [0m[1;34m7->8  [0m[1;34m8->9  [0m[1;34m
[pthread wrapper] SKIP MASK: 0x0
[0m[1;34m	threadid 47461443311360 -> core 1 - OK[0m[1;34m
[0m[1;34m	threadid 47461445412608 -> core 2 - OK[0m[1;34m
[0m[1;34m	threadid 47461447513856 -> core 3 - OK[0m[1;34m
[0m[1;34m	threadid 47461449615104 -> core 4 - OK[0m[1;34m
[0m[1;34m	threadid 47461451716352 -> core 5 - OK[0m[1;34m
[0m[1;34m	threadid 47461453817600 -> core 6 - OK[0m[1;34m
[0m[1;34m	threadid 47461455918848 -> core 7 - OK[0m[1;34m
[0m[1;34m	threadid 47461458020096 -> core 8 - OK[0m[1;34m
[0m[1;34m	threadid 47461460121344 -> core 9 - OK[0m[1;34m
[0miterations: 16384
Total iterations: 5864013824 LUP
FLOP: 8
Total work: 46912110592 FLOP
performance: 1.668590 GLUP/s
Performance in GFLOP/s: 13.348722
size: 389017
time: 3.514352
diff(a-b): 0.223764
[1;34m[pthread wrapper] 
[0m[1;34m[pthread wrapper] MAIN -> 0
[0m[1;34m[pthread wrapper] PIN_MASK: [0m[1;34m0->1  [0m[1;34m1->2  [0m[1;34m2->3  [0m[1;34m3->4  [0m[1;34m4->5  [0m[1;34m5->6  [0m[1;34m6->7  [0m[1;34m7->8  [0m[1;34m8->9  [0m[1;34m
[pthread wrapper] SKIP MASK: 0x0
[0m[1;34m	threadid 47086233593600 -> core 1 - OK[0m[1;34m
[0m[1;34m	threadid 47086235694848 -> core 2 - OK[0m[1;34m
[0m[1;34m	threadid 47086237796096 -> core 3 - OK[0m[1;34m
[0m[1;34m	threadid 47086239897344 -> core 4 - OK[0m[1;34m
[0m[1;34m	threadid 47086241998592 -> core 5 - OK[0m[1;34m
[0m[1;34m	threadid 47086244099840 -> core 6 - OK[0m[1;34m
[0m[1;34m	threadid 47086246201088 -> core 7 - OK[0m[1;34m
[0m[1;34m	threadid 47086248302336 -> core 8 - OK[0m[1;34m
[0m[1;34m	threadid 47086250403584 -> core 9 - OK[0m[1;34m
[0miterations: 16384
Total iterations: 5864013824 LUP
FLOP: 8
Total work: 46912110592 FLOP
performance: 1.667034 GLUP/s
Performance in GFLOP/s: 13.336271
size: 389017
time: 3.517633
diff(a-b): 0.223764
