[1;34m[pthread wrapper] 
[0m[1;34m[pthread wrapper] MAIN -> 0
[0m[1;34m[pthread wrapper] PIN_MASK: [0m[1;34m0->1  [0m[1;34m1->2  [0m[1;34m2->3  [0m[1;34m3->4  [0m[1;34m4->5  [0m[1;34m5->6  [0m[1;34m6->7  [0m[1;34m7->8  [0m[1;34m8->9  [0m[1;34m
[pthread wrapper] SKIP MASK: 0x0
[0m[1;34m	threadid 47978706581248 -> core 1 - OK[0m[1;34m
[0m[1;34m	threadid 47978708682496 -> core 2 - OK[0m[1;34m
[0m[1;34m	threadid 47978710783744 -> core 3 - OK[0m[1;34m
[0m[1;34m	threadid 47978712884992 -> core 4 - OK[0m[1;34m
[0m[1;34m	threadid 47978714986240 -> core 5 - OK[0m[1;34m
[0m[1;34m	threadid 47978717087488 -> core 6 - OK[0m[1;34m
[0m[1;34m	threadid 47978719188736 -> core 7 - OK[0m[1;34m
[0m[1;34m	threadid 47978721289984 -> core 8 - OK[0m[1;34m
[0m[1;34m	threadid 47978723391232 -> core 9 - OK[0m[1;34m
[0miterations: 2048
Total iterations: 6115295232 LUP
FLOP: 8
Total work: 48922361856 FLOP
performance: 1.664996 GLUP/s
Performance in GFLOP/s: 13.319967
size: 3112136
time: 3.672859
diff(a-b): -0.484416
[1;34m[pthread wrapper] 
[0m[1;34m[pthread wrapper] MAIN -> 0
[0m[1;34m[pthread wrapper] PIN_MASK: [0m[1;34m0->1  [0m[1;34m1->2  [0m[1;34m2->3  [0m[1;34m3->4  [0m[1;34m4->5  [0m[1;34m5->6  [0m[1;34m6->7  [0m[1;34m7->8  [0m[1;34m8->9  [0m[1;34m
[pthread wrapper] SKIP MASK: 0x0
[0m[1;34m	threadid 47329079858944 -> core 1 - OK[0m[1;34m
[0m[1;34m	threadid 47329081960192 -> core 2 - OK[0m[1;34m
[0m[1;34m	threadid 47329084061440 -> core 3 - OK[0m[1;34m
[0m[1;34m	threadid 47329086162688 -> core 4 - OK[0m[1;34m
[0m[1;34m	threadid 47329088263936 -> core 5 - OK[0m[1;34m
[0m[1;34m	threadid 47329090365184 -> core 6 - OK[0m[1;34m
[0m[1;34m	threadid 47329092466432 -> core 7 - OK[0m[1;34m
[0m[1;34m	threadid 47329094567680 -> core 8 - OK[0m[1;34m
[0m[1;34m	threadid 47329096668928 -> core 9 - OK[0m[1;34m
[0miterations: 2048
Total iterations: 6115295232 LUP
FLOP: 8
Total work: 48922361856 FLOP
performance: 1.662246 GLUP/s
Performance in GFLOP/s: 13.297972
size: 3112136
time: 3.678934
diff(a-b): -0.484416
[1;34m[pthread wrapper] 
[0m[1;34m[pthread wrapper] MAIN -> 0
[0m[1;34m[pthread wrapper] PIN_MASK: [0m[1;34m0->1  [0m[1;34m1->2  [0m[1;34m2->3  [0m[1;34m3->4  [0m[1;34m4->5  [0m[1;34m5->6  [0m[1;34m6->7  [0m[1;34m7->8  [0m[1;34m8->9  [0m[1;34m
[pthread wrapper] SKIP MASK: 0x0
[0m[1;34m	threadid 47491183572736 -> core 1 - OK[0m[1;34m
[0m[1;34m	threadid 47491185673984 -> core 2 - OK[0m[1;34m
[0m[1;34m	threadid 47491187775232 -> core 3 - OK[0m[1;34m
[0m[1;34m	threadid 47491189876480 -> core 4 - OK[0m[1;34m
[0m[1;34m	threadid 47491191977728 -> core 5 - OK[0m[1;34m
[0m[1;34m	threadid 47491194078976 -> core 6 - OK[0m[1;34m
[0m[1;34m	threadid 47491196180224 -> core 7 - OK[0m[1;34m
[0m[1;34m	threadid 47491198281472 -> core 8 - OK[0m[1;34m
[0m[1;34m	threadid 47491200382720 -> core 9 - OK[0m[1;34m
[0miterations: 2048
Total iterations: 6115295232 LUP
FLOP: 8
Total work: 48922361856 FLOP
performance: 1.666051 GLUP/s
Performance in GFLOP/s: 13.328408
size: 3112136
time: 3.670533
diff(a-b): -0.484416
[1;34m[pthread wrapper] 
[0m[1;34m[pthread wrapper] MAIN -> 0
[0m[1;34m[pthread wrapper] PIN_MASK: [0m[1;34m0->1  [0m[1;34m1->2  [0m[1;34m2->3  [0m[1;34m3->4  [0m[1;34m4->5  [0m[1;34m5->6  [0m[1;34m6->7  [0m[1;34m7->8  [0m[1;34m8->9  [0m[1;34m
[pthread wrapper] SKIP MASK: 0x0
[0m[1;34m	threadid 47575143634688 -> core 1 - OK[0m[1;34m
[0m[1;34m	threadid 47575145735936 -> core 2 - OK[0m[1;34m
[0m[1;34m	threadid 47575147837184 -> core 3 - OK[0m[1;34m
[0m[1;34m	threadid 47575149938432 -> core 4 - OK[0m[1;34m
[0m[1;34m	threadid 47575152039680 -> core 5 - OK[0m[1;34m
[0m[1;34m	threadid 47575154140928 -> core 6 - OK[0m[1;34m
[0m[1;34m	threadid 47575156242176 -> core 7 - OK[0m[1;34m
[0m[1;34m	threadid 47575158343424 -> core 8 - OK[0m[1;34m
[0m[1;34m	threadid 47575160444672 -> core 9 - OK[0m[1;34m
[0miterations: 2048
Total iterations: 6115295232 LUP
FLOP: 8
Total work: 48922361856 FLOP
performance: 1.653186 GLUP/s
Performance in GFLOP/s: 13.225488
size: 3112136
time: 3.699097
diff(a-b): -0.484416
[1;34m[pthread wrapper] 
[0m[1;34m[pthread wrapper] MAIN -> 0
[0m[1;34m[pthread wrapper] PIN_MASK: [0m[1;34m0->1  [0m[1;34m1->2  [0m[1;34m2->3  [0m[1;34m3->4  [0m[1;34m4->5  [0m[1;34m5->6  [0m[1;34m6->7  [0m[1;34m7->8  [0m[1;34m8->9  [0m[1;34m
[pthread wrapper] SKIP MASK: 0x0
[0m[1;34m	threadid 47205070616320 -> core 1 - OK[0m[1;34m
[0m[1;34m	threadid 47205072717568 -> core 2 - OK[0m[1;34m
[0m[1;34m	threadid 47205074818816 -> core 3 - OK[0m[1;34m
[0m[1;34m	threadid 47205076920064 -> core 4 - OK[0m[1;34m
[0m[1;34m	threadid 47205079021312 -> core 5 - OK[0m[1;34m
[0m[1;34m	threadid 47205081122560 -> core 6 - OK[0m[1;34m
[0m[1;34m	threadid 47205083223808 -> core 7 - OK[0m[1;34m
[0m[1;34m	threadid 47205085325056 -> core 8 - OK[0m[1;34m
[0m[1;34m	threadid 47205087426304 -> core 9 - OK[0m[1;34m
[0miterations: 2048
Total iterations: 6115295232 LUP
FLOP: 8
Total work: 48922361856 FLOP
performance: 1.666370 GLUP/s
Performance in GFLOP/s: 13.330958
size: 3112136
time: 3.669831
diff(a-b): -0.484416
[1;34m[pthread wrapper] 
[0m[1;34m[pthread wrapper] MAIN -> 0
[0m[1;34m[pthread wrapper] PIN_MASK: [0m[1;34m0->1  [0m[1;34m1->2  [0m[1;34m2->3  [0m[1;34m3->4  [0m[1;34m4->5  [0m[1;34m5->6  [0m[1;34m6->7  [0m[1;34m7->8  [0m[1;34m8->9  [0m[1;34m
[pthread wrapper] SKIP MASK: 0x0
[0m[1;34m	threadid 47760675763968 -> core 1 - OK[0m[1;34m
[0m[1;34m	threadid 47760677865216 -> core 2 - OK[0m[1;34m
[0m[1;34m	threadid 47760679966464 -> core 3 - OK[0m[1;34m
[0m[1;34m	threadid 47760682067712 -> core 4 - OK[0m[1;34m
[0m[1;34m	threadid 47760684168960 -> core 5 - OK[0m[1;34m
[0m[1;34m	threadid 47760686270208 -> core 6 - OK[0m[1;34m
[0m[1;34m	threadid 47760688371456 -> core 7 - OK[0m[1;34m
[0m[1;34m	threadid 47760690472704 -> core 8 - OK[0m[1;34m
[0m[1;34m	threadid 47760692573952 -> core 9 - OK[0m[1;34m
[0miterations: 2048
Total iterations: 6115295232 LUP
FLOP: 8
Total work: 48922361856 FLOP
performance: 1.655171 GLUP/s
Performance in GFLOP/s: 13.241371
size: 3112136
time: 3.694660
diff(a-b): -0.484416
[1;34m[pthread wrapper] 
[0m[1;34m[pthread wrapper] MAIN -> 0
[0m[1;34m[pthread wrapper] PIN_MASK: [0m[1;34m0->1  [0m[1;34m1->2  [0m[1;34m2->3  [0m[1;34m3->4  [0m[1;34m4->5  [0m[1;34m5->6  [0m[1;34m6->7  [0m[1;34m7->8  [0m[1;34m8->9  [0m[1;34m
[pthread wrapper] SKIP MASK: 0x0
[0m[1;34m	threadid 47112375392000 -> core 1 - OK[0m[1;34m
[0m[1;34m	threadid 47112377493248 -> core 2 - OK[0m[1;34m
[0m[1;34m	threadid 47112379594496 -> core 3 - OK[0m[1;34m
[0m[1;34m	threadid 47112381695744 -> core 4 - OK[0m[1;34m
[0m[1;34m	threadid 47112383796992 -> core 5 - OK[0m[1;34m
[0m[1;34m	threadid 47112385898240 -> core 6 - OK[0m[1;34m
[0m[1;34m	threadid 47112387999488 -> core 7 - OK[0m[1;34m
[0m[1;34m	threadid 47112390100736 -> core 8 - OK[0m[1;34m
[0m[1;34m	threadid 47112392201984 -> core 9 - OK[0m[1;34m
[0miterations: 2048
Total iterations: 6115295232 LUP
FLOP: 8
Total work: 48922361856 FLOP
performance: 1.666765 GLUP/s
Performance in GFLOP/s: 13.334119
size: 3112136
time: 3.668961
diff(a-b): -0.484416
[1;34m[pthread wrapper] 
[0m[1;34m[pthread wrapper] MAIN -> 0
[0m[1;34m[pthread wrapper] PIN_MASK: [0m[1;34m0->1  [0m[1;34m1->2  [0m[1;34m2->3  [0m[1;34m3->4  [0m[1;34m4->5  [0m[1;34m5->6  [0m[1;34m6->7  [0m[1;34m7->8  [0m[1;34m8->9  [0m[1;34m
[pthread wrapper] SKIP MASK: 0x0
[0m[1;34m	threadid 47000626558720 -> core 1 - OK[0m[1;34m
[0m[1;34m	threadid 47000628659968 -> core 2 - OK[0m[1;34m
[0m[1;34m	threadid 47000630761216 -> core 3 - OK[0m[1;34m
[0m[1;34m	threadid 47000632862464 -> core 4 - OK[0m[1;34m
[0m[1;34m	threadid 47000634963712 -> core 5 - OK[0m[1;34m
[0m[1;34m	threadid 47000637064960 -> core 6 - OK[0m[1;34m
[0m[1;34m	threadid 47000639166208 -> core 7 - OK[0m[1;34m
[0m[1;34m	threadid 47000641267456 -> core 8 - OK[0m[1;34m
[0m[1;34m	threadid 47000643368704 -> core 9 - OK[0m[1;34m
[0miterations: 2048
Total iterations: 6115295232 LUP
FLOP: 8
Total work: 48922361856 FLOP
performance: 1.663320 GLUP/s
Performance in GFLOP/s: 13.306558
size: 3112136
time: 3.676560
diff(a-b): -0.484416
[1;34m[pthread wrapper] 
[0m[1;34m[pthread wrapper] MAIN -> 0
[0m[1;34m[pthread wrapper] PIN_MASK: [0m[1;34m0->1  [0m[1;34m1->2  [0m[1;34m2->3  [0m[1;34m3->4  [0m[1;34m4->5  [0m[1;34m5->6  [0m[1;34m6->7  [0m[1;34m7->8  [0m[1;34m8->9  [0m[1;34m
[pthread wrapper] SKIP MASK: 0x0
[0m[1;34m	threadid 47915114780416 -> core 1 - OK[0m[1;34m
[0m[1;34m	threadid 47915116881664 -> core 2 - OK[0m[1;34m
[0m[1;34m	threadid 47915118982912 -> core 3 - OK[0m[1;34m
[0m[1;34m	threadid 47915121084160 -> core 4 - OK[0m[1;34m
[0m[1;34m	threadid 47915123185408 -> core 5 - OK[0m[1;34m
[0m[1;34m	threadid 47915125286656 -> core 6 - OK[0m[1;34m
[0m[1;34m	threadid 47915127387904 -> core 7 - OK[0m[1;34m
[0m[1;34m	threadid 47915129489152 -> core 8 - OK[0m[1;34m
[0m[1;34m	threadid 47915131590400 -> core 9 - OK[0m[1;34m
[0miterations: 2048
Total iterations: 6115295232 LUP
FLOP: 8
Total work: 48922361856 FLOP
performance: 1.663223 GLUP/s
Performance in GFLOP/s: 13.305784
size: 3112136
time: 3.676774
diff(a-b): -0.484416
[1;34m[pthread wrapper] 
[0m[1;34m[pthread wrapper] MAIN -> 0
[0m[1;34m[pthread wrapper] PIN_MASK: [0m[1;34m0->1  [0m[1;34m1->2  [0m[1;34m2->3  [0m[1;34m3->4  [0m[1;34m4->5  [0m[1;34m5->6  [0m[1;34m6->7  [0m[1;34m7->8  [0m[1;34m8->9  [0m[1;34m
[pthread wrapper] SKIP MASK: 0x0
[0m[1;34m	threadid 47298316740352 -> core 1 - OK[0m[1;34m
[0m[1;34m	threadid 47298318841600 -> core 2 - OK[0m[1;34m
[0m[1;34m	threadid 47298320942848 -> core 3 - OK[0m[1;34m
[0m[1;34m	threadid 47298323044096 -> core 4 - OK[0m[1;34m
[0m[1;34m	threadid 47298325145344 -> core 5 - OK[0m[1;34m
[0m[1;34m	threadid 47298327246592 -> core 6 - OK[0m[1;34m
[0m[1;34m	threadid 47298329347840 -> core 7 - OK[0m[1;34m
[0m[1;34m	threadid 47298331449088 -> core 8 - OK[0m[1;34m
[0m[1;34m	threadid 47298333550336 -> core 9 - OK[0m[1;34m
[0miterations: 2048
Total iterations: 6115295232 LUP
FLOP: 8
Total work: 48922361856 FLOP
performance: 1.660631 GLUP/s
Performance in GFLOP/s: 13.285048
size: 3112136
time: 3.682513
diff(a-b): -0.484416
